[2023-10-28T12:57:52.640841+07:00] Config\Services.DEBUG: database created array databasePool -> 1 [] []
[2023-10-28T12:57:52.645810+07:00] Config\Services.DEBUG: /home/haslam/Documents/developmentTraining/training-php/perpustakaan/writable/ [] []
[2023-10-28T12:57:52.702786+07:00] Config\Services.DEBUG: database pool decrement -1 ,and database connection on databasePool 0 [] []
[2023-10-28T12:57:52.737254+07:00] Config\Services.DEBUG: database created array databasePool -> 1 [] []
[2023-10-28T12:57:52.737593+07:00] Config\Services.DEBUG: /home/haslam/Documents/developmentTraining/training-php/perpustakaan/writable/ [] []
[2023-10-28T05:57:52.749687+00:00] App\Models\BukuModel.DEBUG: ------------> getalldatabuku data buku ditemukan <------------- [] []
[2023-10-28T12:58:04.189280+07:00] Config\Services.DEBUG: database created array databasePool -> 1 [] []
[2023-10-28T12:58:04.189618+07:00] Config\Services.DEBUG: /home/haslam/Documents/developmentTraining/training-php/perpustakaan/writable/ [] []
[2023-10-28T12:58:31.529888+07:00] Config\Services.DEBUG: database created array databasePool -> 1 [] []
[2023-10-28T12:58:31.530596+07:00] Config\Services.DEBUG: /home/haslam/Documents/developmentTraining/training-php/perpustakaan/writable/ [] []
[2023-10-28T12:58:31.539382+07:00] Config\Services.DEBUG: database pool decrement -1 ,and database connection on databasePool 0 [] []
[2023-10-28T12:58:31.572731+07:00] Config\Services.DEBUG: database created array databasePool -> 1 [] []
[2023-10-28T12:58:31.573058+07:00] Config\Services.DEBUG: /home/haslam/Documents/developmentTraining/training-php/perpustakaan/writable/ [] []
[2023-10-28T05:58:31.577112+00:00] App\Models\BukuModel.DEBUG: ------------> getalldatabuku data buku ditemukan <------------- [] []
[2023-10-28T12:58:37.485461+07:00] Config\Services.DEBUG: database created array databasePool -> 1 [] []
[2023-10-28T12:58:37.486001+07:00] Config\Services.DEBUG: /home/haslam/Documents/developmentTraining/training-php/perpustakaan/writable/ [] []
[2023-10-28T05:58:37.490922+00:00] App\Models\BukuModel.DEBUG: ---------> data buku ditemukan dengan id buku lOO0rV4uvXv5KKP <-------- [] []
[2023-10-28T12:58:37.494609+07:00] Config\Services.DEBUG: database pool decrement -1 ,and database connection on databasePool 0 [] []
[2023-11-02T13:50:59.065581+07:00] Config\Services.DEBUG: database created array databasePool -> 1 [] []
[2023-11-02T13:50:59.068841+07:00] Config\Services.DEBUG: /home/haslam/Documents/developmentTraining/training-php/perpustakaan/writable/ [] []
[2023-11-02T13:50:59.130368+07:00] Config\Services.DEBUG: database pool decrement -1 ,and database connection on databasePool 0 [] []
[2023-11-02T13:50:59.161289+07:00] Config\Services.DEBUG: database created array databasePool -> 1 [] []
[2023-11-02T13:50:59.161915+07:00] Config\Services.DEBUG: /home/haslam/Documents/developmentTraining/training-php/perpustakaan/writable/ [] []
[2023-11-02T06:50:59.170597+00:00] App\Models\BukuModel.DEBUG: ------------> getalldatabuku data buku ditemukan <------------- [] []
[2023-11-02T13:51:41.991140+07:00] Config\Services.DEBUG: database created array databasePool -> 1 [] []
[2023-11-02T13:51:41.991681+07:00] Config\Services.DEBUG: /home/haslam/Documents/developmentTraining/training-php/perpustakaan/writable/ [] []
[2023-11-02T13:51:41.997413+07:00] Config\Services.DEBUG: database pool decrement -1 ,and database connection on databasePool 0 [] []
[2023-11-02T13:51:42.033637+07:00] Config\Services.DEBUG: database created array databasePool -> 1 [] []
[2023-11-02T13:51:42.034144+07:00] Config\Services.DEBUG: /home/haslam/Documents/developmentTraining/training-php/perpustakaan/writable/ [] []
[2023-11-02T06:51:42.039205+00:00] App\Models\BukuModel.DEBUG: ------------> getalldatabuku data buku ditemukan <------------- [] []
[2023-11-02T13:52:05.498504+07:00] Config\Services.DEBUG: database created array databasePool -> 1 [] []
[2023-11-02T13:52:05.499294+07:00] Config\Services.DEBUG: /home/haslam/Documents/developmentTraining/training-php/perpustakaan/writable/ [] []
[2023-11-02T06:52:05.507620+00:00] App\Models\TempModel.DEBUG: ---------> pencarian data tidak ditemukan dengan param  31mOVLpsC2z9mCS <------------ [] []
[2023-11-02T13:52:05.509817+07:00] Config\Services.DEBUG: database pool decrement -1 ,and database connection on databasePool 0 [] []
[2023-11-02T13:52:07.256802+07:00] Config\Services.DEBUG: database created array databasePool -> 1 [] []
[2023-11-02T13:52:07.257171+07:00] Config\Services.DEBUG: /home/haslam/Documents/developmentTraining/training-php/perpustakaan/writable/ [] []
[2023-11-02T06:52:07.260091+00:00] App\Models\BukuModel.DEBUG: ------------> getalldatabuku data buku ditemukan <------------- [] []
[2023-11-02T13:52:10.397036+07:00] Config\Services.DEBUG: database created array databasePool -> 1 [] []
[2023-11-02T13:52:10.397676+07:00] Config\Services.DEBUG: /home/haslam/Documents/developmentTraining/training-php/perpustakaan/writable/ [] []
[2023-11-02T06:52:10.404220+00:00] App\Models\BukuModel.DEBUG: ---------> data buku ditemukan dengan id buku xdXerV4ugXv5KKP <-------- [] []
[2023-11-02T13:52:10.410260+07:00] Config\Services.DEBUG: database pool decrement -1 ,and database connection on databasePool 0 [] []
[2023-11-02T13:52:12.493516+07:00] Config\Services.DEBUG: database created array databasePool -> 1 [] []
[2023-11-02T13:52:12.494262+07:00] Config\Services.DEBUG: /home/haslam/Documents/developmentTraining/training-php/perpustakaan/writable/ [] []
[2023-11-02T06:52:12.498780+00:00] App\Models\BukuModel.DEBUG: ------------> getalldatabuku data buku ditemukan <------------- [] []
[2023-11-02T13:52:20.939907+07:00] Config\Services.DEBUG: database created array databasePool -> 1 [] []
[2023-11-02T13:52:20.940438+07:00] Config\Services.DEBUG: /home/haslam/Documents/developmentTraining/training-php/perpustakaan/writable/ [] []
[2023-11-02T06:52:20.947634+00:00] App\Models\TempModel.DEBUG: --------> data duplikat tidak ditemukan <----------- [] []
[2023-11-02T06:52:20.956261+00:00] App\Models\TempModel.INFO:  berhasil insert data ke table temp Tgl booking: 2023-11-02 id user:  31mOVLpsC2z9mCS Id buku: xdXerV4ugXv5KKP  [] []
[2023-11-02T13:52:20.957441+07:00] Config\Services.DEBUG: database pool decrement -1 ,and database connection on databasePool 0 [] []
[2023-11-02T13:52:20.999134+07:00] Config\Services.DEBUG: database created array databasePool -> 1 [] []
[2023-11-02T13:52:20.999642+07:00] Config\Services.DEBUG: /home/haslam/Documents/developmentTraining/training-php/perpustakaan/writable/ [] []
[2023-11-02T06:52:21.004440+00:00] App\Models\BukuModel.DEBUG: ------------> getalldatabuku data buku ditemukan <------------- [] []
[2023-11-02T13:52:22.741878+07:00] Config\Services.DEBUG: database created array databasePool -> 1 [] []
[2023-11-02T13:52:22.742247+07:00] Config\Services.DEBUG: /home/haslam/Documents/developmentTraining/training-php/perpustakaan/writable/ [] []
[2023-11-02T06:52:22.748980+00:00] App\Models\TempModel.DEBUG: ---------------> Data berhasil ditemukan findAllTemp param id user  31mOVLpsC2z9mCS <-------------- [] []
[2023-11-02T13:52:22.751300+07:00] Config\Services.DEBUG: database pool decrement -1 ,and database connection on databasePool 0 [] []
[2023-11-02T13:53:09.612255+07:00] Config\Services.DEBUG: database created array databasePool -> 1 [] []
[2023-11-02T13:53:09.612680+07:00] Config\Services.DEBUG: /home/haslam/Documents/developmentTraining/training-php/perpustakaan/writable/ [] []
[2023-11-02T06:53:09.626700+00:00] App\Models\BukuModel.INFO: ---------> success insert data <----------id_buku : alIGTfJPAeGrYJL judul_buku : gusmus id_kategori : la11R3coD pengarang: gusmus sendiri penerbit: bapaknya tahun_terbit: 2009 isbn: PGypqF8E0isbn stok: 100 dipinjam: 0 dibooking: 0 gambar: DtfnqUtTX.png [] []
[2023-11-02T13:53:09.627652+07:00] Config\Services.DEBUG: database pool decrement -1 ,and database connection on databasePool 0 [] []
[2023-11-02T13:53:09.650644+07:00] Config\Services.DEBUG: database created array databasePool -> 1 [] []
[2023-11-02T13:53:09.651187+07:00] Config\Services.DEBUG: /home/haslam/Documents/developmentTraining/training-php/perpustakaan/writable/ [] []
[2023-11-02T06:53:09.656495+00:00] App\Models\BukuModel.DEBUG: ------------> getalldatabuku data buku ditemukan <------------- [] []
[2023-11-02T13:53:13.157291+07:00] Config\Services.DEBUG: database created array databasePool -> 1 [] []
[2023-11-02T13:53:13.157630+07:00] Config\Services.DEBUG: /home/haslam/Documents/developmentTraining/training-php/perpustakaan/writable/ [] []
[2023-11-02T06:53:13.162887+00:00] App\Models\BukuModel.DEBUG: ------------> getalldatabuku data buku ditemukan <------------- [] []
[2023-11-02T13:53:19.757639+07:00] Config\Services.DEBUG: database created array databasePool -> 1 [] []
[2023-11-02T13:53:19.758102+07:00] Config\Services.DEBUG: /home/haslam/Documents/developmentTraining/training-php/perpustakaan/writable/ [] []
[2023-11-02T06:53:19.764355+00:00] App\Models\TempModel.DEBUG: --------> data duplikat tidak ditemukan <----------- [] []
[2023-11-02T06:53:19.769544+00:00] App\Models\TempModel.INFO:  berhasil insert data ke table temp Tgl booking: 2023-11-02 id user:  31mOVLpsC2z9mCS Id buku: lOO0rV4uvXv5KKP  [] []
[2023-11-02T13:53:19.770583+07:00] Config\Services.DEBUG: database pool decrement -1 ,and database connection on databasePool 0 [] []
[2023-11-02T13:53:19.800565+07:00] Config\Services.DEBUG: database created array databasePool -> 1 [] []
[2023-11-02T13:53:19.800899+07:00] Config\Services.DEBUG: /home/haslam/Documents/developmentTraining/training-php/perpustakaan/writable/ [] []
[2023-11-02T06:53:19.804234+00:00] App\Models\BukuModel.DEBUG: ------------> getalldatabuku data buku ditemukan <------------- [] []
[2023-11-02T13:53:22.925618+07:00] Config\Services.DEBUG: database created array databasePool -> 1 [] []
[2023-11-02T13:53:22.926450+07:00] Config\Services.DEBUG: /home/haslam/Documents/developmentTraining/training-php/perpustakaan/writable/ [] []
[2023-11-02T06:53:22.934057+00:00] App\Models\TempModel.DEBUG: ---------------> Data berhasil ditemukan findAllTemp param id user  31mOVLpsC2z9mCS <-------------- [] []
[2023-11-02T13:53:22.936048+07:00] Config\Services.DEBUG: database pool decrement -1 ,and database connection on databasePool 0 [] []
[2023-11-02T13:53:25.168439+07:00] Config\Services.DEBUG: database created array databasePool -> 1 [] []
[2023-11-02T13:53:25.168796+07:00] Config\Services.DEBUG: /home/haslam/Documents/developmentTraining/training-php/perpustakaan/writable/ [] []
[2023-11-02T06:53:25.173268+00:00] App\Models\TempModel.DEBUG: ---------------> Data berhasil ditemukan findAllTemp param id user  31mOVLpsC2z9mCS <-------------- [] []
[2023-11-02T06:53:25.180860+00:00] App\Models\BookingModel.INFO:  success insert data ID booking: i9Ohm5fs4RW9wQW Tgl booking: 2023-11-02 Batas Ambil: 2023-11-07 Id user:  31mOVLpsC2z9mCS [] []
[2023-11-02T06:53:25.184533+00:00] App\Models\BookingModel.INFO:  success insert data ID booking: ArGXEjpxfGX47PQ Tgl booking: 2023-11-02 Batas Ambil: 2023-11-07 Id user:  31mOVLpsC2z9mCS [] []
[2023-11-02T06:53:25.188667+00:00] App\Models\BukuModel.DEBUG: ---------> increment dibooking field berhasil id buku xdXerV4ugXv5KKP <--------- [] []
[2023-11-02T06:53:25.194340+00:00] App\Models\BookingDetailModel.INFO: --------> success insert data ID booking detail: AI9byqP5snjth4D id booking: ArGXEjpxfGX47PQ id buku: xdXerV4ugXv5KKP [] []
[2023-11-02T06:53:25.200009+00:00] App\Models\BukuModel.DEBUG: ---------> increment dibooking field berhasil id buku lOO0rV4uvXv5KKP <--------- [] []
[2023-11-02T06:53:25.204028+00:00] App\Models\BookingDetailModel.INFO: --------> success insert data ID booking detail: 7HqGivVWscqGOay id booking: i9Ohm5fs4RW9wQW id buku: lOO0rV4uvXv5KKP [] []
[2023-11-02T13:53:32.506150+07:00] Config\Services.DEBUG: database created array databasePool -> 1 [] []
[2023-11-02T13:53:32.506524+07:00] Config\Services.DEBUG: /home/haslam/Documents/developmentTraining/training-php/perpustakaan/writable/ [] []
[2023-11-02T13:53:40.956035+07:00] Config\Services.DEBUG: database created array databasePool -> 1 [] []
[2023-11-02T13:53:40.956420+07:00] Config\Services.DEBUG: /home/haslam/Documents/developmentTraining/training-php/perpustakaan/writable/ [] []
[2023-11-02T13:53:40.963964+07:00] Config\Services.DEBUG: database pool decrement -1 ,and database connection on databasePool 0 [] []
[2023-11-02T13:54:04.443389+07:00] Config\Services.DEBUG: database created array databasePool -> 1 [] []
[2023-11-02T13:54:04.443743+07:00] Config\Services.DEBUG: /home/haslam/Documents/developmentTraining/training-php/perpustakaan/writable/ [] []
[2023-11-02T13:54:04.449695+07:00] Config\Services.DEBUG: database pool decrement -1 ,and database connection on databasePool 0 [] []
[2023-11-02T13:54:44.564253+07:00] Config\Services.DEBUG: database created array databasePool -> 1 [] []
[2023-11-02T13:54:44.565368+07:00] Config\Services.DEBUG: /home/haslam/Documents/developmentTraining/training-php/perpustakaan/writable/ [] []
[2023-11-02T06:54:44.580301+00:00] App\Models\PinjamModel.INFO: ---------> success insert data no pinjam: JzzSdev5jUckutQ id user:  31mOVLpsC2z9mCS id booking: i9Ohm5fs4RW9wQW tgl pinjam: 2023-11-02 tgl kembali: 2023-12-12 tgl pengembalian:  total denda: 0 status :dipinjam [] []
[2023-11-02T06:54:44.588049+00:00] App\Models\DetailPinjamModel.INFO: ---------> success insert data n pinjam: JzzSdev5jUckutQ id buku: lOO0rV4uvXv5KKP denda: 7000 [] []
[2023-11-02T06:54:44.595112+00:00] App\Models\BukuModel.DEBUG: ---------> decrement dibooking field berhasil id buku lOO0rV4uvXv5KKP <--------- [] []
[2023-11-02T06:54:44.606503+00:00] App\Models\BukuModel.DEBUG: ---------> increment dipinjam field berhasil id buku lOO0rV4uvXv5KKP <--------- [] []
[2023-11-02T06:54:44.610898+00:00] App\Models\PinjamModel.INFO: ---------> success insert data no pinjam: 9EnFHVeAsCS9P9J id user:  31mOVLpsC2z9mCS id booking: ArGXEjpxfGX47PQ tgl pinjam: 2023-11-02 tgl kembali: 2023-12-10 tgl pengembalian:  total denda: 0 status :dipinjam [] []
[2023-11-02T06:54:44.616609+00:00] App\Models\DetailPinjamModel.INFO: ---------> success insert data n pinjam: 9EnFHVeAsCS9P9J id buku: xdXerV4ugXv5KKP denda: 10000 [] []
[2023-11-02T06:54:44.621980+00:00] App\Models\BukuModel.DEBUG: ---------> decrement dibooking field berhasil id buku xdXerV4ugXv5KKP <--------- [] []
[2023-11-02T06:54:44.629843+00:00] App\Models\BukuModel.DEBUG: ---------> increment dipinjam field berhasil id buku xdXerV4ugXv5KKP <--------- [] []
[2023-11-02T13:54:48.815879+07:00] Config\Services.DEBUG: database created array databasePool -> 1 [] []
[2023-11-02T13:54:48.816318+07:00] Config\Services.DEBUG: /home/haslam/Documents/developmentTraining/training-php/perpustakaan/writable/ [] []
[2023-11-02T13:54:53.598883+07:00] Config\Services.DEBUG: database created array databasePool -> 1 [] []
[2023-11-02T13:54:53.599999+07:00] Config\Services.DEBUG: /home/haslam/Documents/developmentTraining/training-php/perpustakaan/writable/ [] []
[2023-11-02T06:54:53.606317+00:00] App\Models\PinjamModel.DEBUG: --------> data berhasil di update update total denda<----------- [] []
[2023-11-02T13:54:53.609740+07:00] Config\Services.DEBUG: database pool decrement -1 ,and database connection on databasePool 0 [] []
[2023-11-02T14:10:31.403948+07:00] Config\Services.DEBUG: database created array databasePool -> 1 [] []
[2023-11-02T14:10:31.404645+07:00] Config\Services.DEBUG: /home/haslam/Documents/developmentTraining/training-php/perpustakaan/writable/ [] []
[2023-11-02T14:11:08.499552+07:00] Config\Services.DEBUG: database created array databasePool -> 1 [] []
[2023-11-02T14:11:08.502158+07:00] Config\Services.DEBUG: /home/haslam/Documents/developmentTraining/training-php/perpustakaan/writable/ [] []
[2023-11-02T14:13:43.365021+07:00] Config\Services.DEBUG: database created array databasePool -> 1 [] []
[2023-11-02T14:13:43.367866+07:00] Config\Services.DEBUG: /home/haslam/Documents/developmentTraining/training-php/perpustakaan/writable/ [] []
[2023-11-02T14:13:43.407460+07:00] Config\Services.DEBUG: database pool decrement -1 ,and database connection on databasePool 0 [] []
[2023-11-02T14:13:43.440122+07:00] Config\Services.DEBUG: database created array databasePool -> 1 [] []
[2023-11-02T14:13:43.440470+07:00] Config\Services.DEBUG: /home/haslam/Documents/developmentTraining/training-php/perpustakaan/writable/ [] []
[2023-11-02T07:13:43.446889+00:00] App\Models\BukuModel.DEBUG: ------------> getalldatabuku data buku ditemukan <------------- [] []
[2023-11-02T14:13:53.920294+07:00] Config\Services.DEBUG: database created array databasePool -> 1 [] []
[2023-11-02T14:13:53.921043+07:00] Config\Services.DEBUG: /home/haslam/Documents/developmentTraining/training-php/perpustakaan/writable/ [] []
[2023-11-02T14:14:15.468895+07:00] Config\Services.DEBUG: database created array databasePool -> 1 [] []
[2023-11-02T14:14:15.469318+07:00] Config\Services.DEBUG: /home/haslam/Documents/developmentTraining/training-php/perpustakaan/writable/ [] []
[2023-11-02T07:14:15.474337+00:00] App\Models\PinjamModel.DEBUG: --------> data berhasil di update update total denda<----------- [] []
[2023-11-02T14:14:15.477361+07:00] Config\Services.DEBUG: database pool decrement -1 ,and database connection on databasePool 0 [] []
[2023-11-02T14:14:37.099922+07:00] Config\Services.DEBUG: database created array databasePool -> 1 [] []
[2023-11-02T14:14:37.100674+07:00] Config\Services.DEBUG: /home/haslam/Documents/developmentTraining/training-php/perpustakaan/writable/ [] []
[2023-11-02T14:15:51.154452+07:00] Config\Services.DEBUG: database created array databasePool -> 1 [] []
[2023-11-02T14:15:51.155297+07:00] Config\Services.DEBUG: /home/haslam/Documents/developmentTraining/training-php/perpustakaan/writable/ [] []
[2023-11-02T14:19:35.825802+07:00] Config\Services.DEBUG: database created array databasePool -> 1 [] []
[2023-11-02T14:19:35.826167+07:00] Config\Services.DEBUG: /home/haslam/Documents/developmentTraining/training-php/perpustakaan/writable/ [] []
[2023-11-02T14:24:28.542663+07:00] Config\Services.DEBUG: database created array databasePool -> 1 [] []
[2023-11-02T14:24:28.545184+07:00] Config\Services.DEBUG: /home/haslam/Documents/developmentTraining/training-php/perpustakaan/writable/ [] []
[2023-11-02T07:24:28.588156+00:00] App\Models\PinjamModel.DEBUG: --------> data berhasil di update update total denda<----------- [] []
[2023-11-02T14:24:28.591305+07:00] Config\Services.DEBUG: database pool decrement -1 ,and database connection on databasePool 0 [] []
[2023-11-02T14:25:50.711942+07:00] Config\Services.DEBUG: database created array databasePool -> 1 [] []
[2023-11-02T14:25:50.712558+07:00] Config\Services.DEBUG: /home/haslam/Documents/developmentTraining/training-php/perpustakaan/writable/ [] []
[2023-11-02T14:27:46.348793+07:00] Config\Services.DEBUG: database created array databasePool -> 1 [] []
[2023-11-02T14:27:46.349165+07:00] Config\Services.DEBUG: /home/haslam/Documents/developmentTraining/training-php/perpustakaan/writable/ [] []
[2023-11-02T14:28:26.371049+07:00] Config\Services.DEBUG: database created array databasePool -> 1 [] []
[2023-11-02T14:28:26.371813+07:00] Config\Services.DEBUG: /home/haslam/Documents/developmentTraining/training-php/perpustakaan/writable/ [] []
[2023-11-02T14:28:37.877510+07:00] Config\Services.DEBUG: database created array databasePool -> 1 [] []
[2023-11-02T14:28:37.878022+07:00] Config\Services.DEBUG: /home/haslam/Documents/developmentTraining/training-php/perpustakaan/writable/ [] []
[2023-11-02T14:28:48.507542+07:00] Config\Services.DEBUG: database created array databasePool -> 1 [] []
[2023-11-02T14:28:48.508090+07:00] Config\Services.DEBUG: /home/haslam/Documents/developmentTraining/training-php/perpustakaan/writable/ [] []
[2023-11-02T14:29:07.373601+07:00] Config\Services.DEBUG: database created array databasePool -> 1 [] []
[2023-11-02T14:29:07.374007+07:00] Config\Services.DEBUG: /home/haslam/Documents/developmentTraining/training-php/perpustakaan/writable/ [] []
[2023-11-02T14:29:43.548090+07:00] Config\Services.DEBUG: database created array databasePool -> 1 [] []
[2023-11-02T14:29:43.548685+07:00] Config\Services.DEBUG: /home/haslam/Documents/developmentTraining/training-php/perpustakaan/writable/ [] []
[2023-11-02T14:30:05.374396+07:00] Config\Services.DEBUG: database created array databasePool -> 1 [] []
[2023-11-02T14:30:05.374771+07:00] Config\Services.DEBUG: /home/haslam/Documents/developmentTraining/training-php/perpustakaan/writable/ [] []
[2023-11-02T14:30:13.773849+07:00] Config\Services.DEBUG: database created array databasePool -> 1 [] []
[2023-11-02T14:30:13.774452+07:00] Config\Services.DEBUG: /home/haslam/Documents/developmentTraining/training-php/perpustakaan/writable/ [] []
[2023-11-02T14:34:01.675072+07:00] Config\Services.DEBUG: database created array databasePool -> 1 [] []
[2023-11-02T14:34:01.675428+07:00] Config\Services.DEBUG: /home/haslam/Documents/developmentTraining/training-php/perpustakaan/writable/ [] []
[2023-11-02T14:44:27.445435+07:00] Config\Services.DEBUG: database created array databasePool -> 1 [] []
[2023-11-02T14:44:27.446098+07:00] Config\Services.DEBUG: /home/haslam/Documents/developmentTraining/training-php/perpustakaan/writable/ [] []
[2023-11-02T14:44:27.453735+07:00] Config\Services.DEBUG: database pool decrement -1 ,and database connection on databasePool 0 [] []
[2023-11-02T14:44:27.503471+07:00] Config\Services.DEBUG: database created array databasePool -> 1 [] []
[2023-11-02T14:44:27.504171+07:00] Config\Services.DEBUG: /home/haslam/Documents/developmentTraining/training-php/perpustakaan/writable/ [] []
[2023-11-02T07:44:27.509835+00:00] App\Models\BukuModel.DEBUG: ------------> getalldatabuku data buku ditemukan <------------- [] []
[2023-11-02T14:44:30.884750+07:00] Config\Services.DEBUG: database created array databasePool -> 1 [] []
[2023-11-02T14:44:30.885904+07:00] Config\Services.DEBUG: /home/haslam/Documents/developmentTraining/training-php/perpustakaan/writable/ [] []
[2023-11-02T07:44:30.892895+00:00] App\Models\TempModel.DEBUG: ---------> user sudah membuat data temp dengan buku yang sama <----------- [] []
[2023-11-02T14:44:30.893836+07:00] Config\Services.DEBUG: database pool decrement -1 ,and database connection on databasePool 0 [] []
[2023-11-02T14:45:01.367025+07:00] Config\Services.DEBUG: database created array databasePool -> 1 [] []
[2023-11-02T14:45:01.367375+07:00] Config\Services.DEBUG: /home/haslam/Documents/developmentTraining/training-php/perpustakaan/writable/ [] []
[2023-11-02T07:45:01.370511+00:00] App\Models\BukuModel.DEBUG: ------------> getalldatabuku data buku ditemukan <------------- [] []
[2023-11-02T14:45:01.421562+07:00] Config\Services.DEBUG: database created array databasePool -> 1 [] []
[2023-11-02T14:45:01.421887+07:00] Config\Services.DEBUG: /home/haslam/Documents/developmentTraining/training-php/perpustakaan/writable/ [] []
[2023-11-02T07:45:01.425069+00:00] App\Models\BukuModel.DEBUG: ------------> getalldatabuku data buku ditemukan <------------- [] []
[2023-11-02T14:45:45.258091+07:00] Config\Services.DEBUG: database created array databasePool -> 1 [] []
[2023-11-02T14:45:45.258819+07:00] Config\Services.DEBUG: /home/haslam/Documents/developmentTraining/training-php/perpustakaan/writable/ [] []
[2023-11-02T07:45:45.265876+00:00] App\Models\TempModel.DEBUG: ---------------> Data berhasil ditemukan findAllTemp param id user  31mOVLpsC2z9mCS <-------------- [] []
[2023-11-02T14:45:45.269771+07:00] Config\Services.DEBUG: database pool decrement -1 ,and database connection on databasePool 0 [] []
[2023-11-02T14:46:32.159650+07:00] Config\Services.DEBUG: database created array databasePool -> 1 [] []
[2023-11-02T14:46:32.160394+07:00] Config\Services.DEBUG: /home/haslam/Documents/developmentTraining/training-php/perpustakaan/writable/ [] []
[2023-11-02T07:46:32.171052+00:00] App\Models\TempModel.DEBUG: ---------------> Data berhasil ditemukan findAllTemp param id user  31mOVLpsC2z9mCS <-------------- [] []
[2023-11-02T07:46:32.182786+00:00] App\Models\BookingModel.INFO:  success insert data ID booking: 4LeXH9CwZPq8LnX Tgl booking: 2023-11-02 Batas Ambil: 2023-11-07 Id user:  31mOVLpsC2z9mCS [] []
[2023-11-02T07:46:32.190023+00:00] App\Models\BookingModel.INFO:  success insert data ID booking: KegEZp0zbXv7PKZ Tgl booking: 2023-11-02 Batas Ambil: 2023-11-07 Id user:  31mOVLpsC2z9mCS [] []
[2023-11-02T07:46:32.198650+00:00] App\Models\BukuModel.DEBUG: ---------> increment dibooking field berhasil id buku xdXerV4ugXv5KKP <--------- [] []
[2023-11-02T07:46:32.205433+00:00] App\Models\BookingDetailModel.INFO: --------> success insert data ID booking detail: mebQmBA9dKtnpSv id booking: 4LeXH9CwZPq8LnX id buku: xdXerV4ugXv5KKP [] []
[2023-11-02T07:46:32.212053+00:00] App\Models\BukuModel.DEBUG: ---------> increment dibooking field berhasil id buku lOO0rV4uvXv5KKP <--------- [] []
[2023-11-02T07:46:32.217217+00:00] App\Models\BookingDetailModel.INFO: --------> success insert data ID booking detail: YrKffupPkcV9qCq id booking: KegEZp0zbXv7PKZ id buku: lOO0rV4uvXv5KKP [] []
[2023-11-02T14:46:42.396861+07:00] Config\Services.DEBUG: database created array databasePool -> 1 [] []
[2023-11-02T14:46:42.397230+07:00] Config\Services.DEBUG: /home/haslam/Documents/developmentTraining/training-php/perpustakaan/writable/ [] []
[2023-11-02T07:46:42.401375+00:00] App\Models\BukuModel.DEBUG: ------------> getalldatabuku data buku ditemukan <------------- [] []
[2023-11-02T14:46:49.829416+07:00] Config\Services.DEBUG: database created array databasePool -> 1 [] []
[2023-11-02T14:46:49.830072+07:00] Config\Services.DEBUG: /home/haslam/Documents/developmentTraining/training-php/perpustakaan/writable/ [] []
[2023-11-02T14:46:58.196285+07:00] Config\Services.DEBUG: database created array databasePool -> 1 [] []
[2023-11-02T14:46:58.197108+07:00] Config\Services.DEBUG: /home/haslam/Documents/developmentTraining/training-php/perpustakaan/writable/ [] []
[2023-11-02T14:46:58.207143+07:00] Config\Services.DEBUG: database pool decrement -1 ,and database connection on databasePool 0 [] []
[2023-11-02T14:47:35.064313+07:00] Config\Services.DEBUG: database created array databasePool -> 1 [] []
[2023-11-02T14:47:35.065023+07:00] Config\Services.DEBUG: /home/haslam/Documents/developmentTraining/training-php/perpustakaan/writable/ [] []
[2023-11-02T07:47:35.076478+00:00] App\Models\PinjamModel.INFO: ---------> success insert data no pinjam: KMSfeDY1pSKd7e5 id user:  31mOVLpsC2z9mCS id booking: KegEZp0zbXv7PKZ tgl pinjam: 2023-11-02 tgl kembali: 2023-12-11 tgl pengembalian:  total denda: 0 status :dipinjam [] []
[2023-11-02T07:47:35.084857+00:00] App\Models\DetailPinjamModel.INFO: ---------> success insert data n pinjam: KMSfeDY1pSKd7e5 id buku: lOO0rV4uvXv5KKP denda: 7000 [] []
[2023-11-02T07:47:35.091754+00:00] App\Models\BukuModel.DEBUG: ---------> decrement dibooking field berhasil id buku lOO0rV4uvXv5KKP <--------- [] []
[2023-11-02T07:47:35.107350+00:00] App\Models\BukuModel.DEBUG: ---------> increment dipinjam field berhasil id buku lOO0rV4uvXv5KKP <--------- [] []
[2023-11-02T07:47:35.115072+00:00] App\Models\PinjamModel.INFO: ---------> success insert data no pinjam: H1Ikmp0IPJHWCcz id user:  31mOVLpsC2z9mCS id booking: 4LeXH9CwZPq8LnX tgl pinjam: 2023-11-02 tgl kembali: 2023-12-13 tgl pengembalian:  total denda: 0 status :dipinjam [] []
[2023-11-02T07:47:35.120999+00:00] App\Models\DetailPinjamModel.INFO: ---------> success insert data n pinjam: H1Ikmp0IPJHWCcz id buku: xdXerV4ugXv5KKP denda: 8000 [] []
[2023-11-02T07:47:35.126313+00:00] App\Models\BukuModel.DEBUG: ---------> decrement dibooking field berhasil id buku xdXerV4ugXv5KKP <--------- [] []
[2023-11-02T07:47:35.137556+00:00] App\Models\BukuModel.DEBUG: ---------> increment dipinjam field berhasil id buku xdXerV4ugXv5KKP <--------- [] []
[2023-11-02T14:47:57.354904+07:00] Config\Services.DEBUG: database created array databasePool -> 1 [] []
[2023-11-02T14:47:57.355407+07:00] Config\Services.DEBUG: /home/haslam/Documents/developmentTraining/training-php/perpustakaan/writable/ [] []
[2023-11-02T14:48:36.048727+07:00] Config\Services.DEBUG: database created array databasePool -> 1 [] []
[2023-11-02T14:48:36.049262+07:00] Config\Services.DEBUG: /home/haslam/Documents/developmentTraining/training-php/perpustakaan/writable/ [] []
[2023-11-02T14:48:44.413201+07:00] Config\Services.DEBUG: database created array databasePool -> 1 [] []
[2023-11-02T14:48:44.413894+07:00] Config\Services.DEBUG: /home/haslam/Documents/developmentTraining/training-php/perpustakaan/writable/ [] []
[2023-11-02T07:48:44.422041+00:00] App\Models\PinjamModel.DEBUG: --------> data berhasil di update update total denda<----------- [] []
[2023-11-02T14:48:44.426632+07:00] Config\Services.DEBUG: database pool decrement -1 ,and database connection on databasePool 0 [] []
[2023-11-02T14:49:24.229968+07:00] Config\Services.DEBUG: database created array databasePool -> 1 [] []
[2023-11-02T14:49:24.230318+07:00] Config\Services.DEBUG: /home/haslam/Documents/developmentTraining/training-php/perpustakaan/writable/ [] []
[2023-11-02T14:50:29.559383+07:00] Config\Services.DEBUG: database created array databasePool -> 1 [] []
[2023-11-02T14:50:29.559730+07:00] Config\Services.DEBUG: /home/haslam/Documents/developmentTraining/training-php/perpustakaan/writable/ [] []
[2023-11-02T14:51:03.069957+07:00] Config\Services.DEBUG: database created array databasePool -> 1 [] []
[2023-11-02T14:51:03.070697+07:00] Config\Services.DEBUG: /home/haslam/Documents/developmentTraining/training-php/perpustakaan/writable/ [] []
[2023-11-02T14:52:01.603534+07:00] Config\Services.DEBUG: database created array databasePool -> 1 [] []
[2023-11-02T14:52:01.608272+07:00] Config\Services.DEBUG: /home/haslam/Documents/developmentTraining/training-php/perpustakaan/writable/ [] []
[2023-11-02T14:52:01.720452+07:00] Config\Services.DEBUG: database pool decrement -1 ,and database connection on databasePool 0 [] []
[2023-11-02T14:52:01.826388+07:00] Config\Services.DEBUG: database created array databasePool -> 1 [] []
[2023-11-02T14:52:01.827321+07:00] Config\Services.DEBUG: /home/haslam/Documents/developmentTraining/training-php/perpustakaan/writable/ [] []
[2023-11-02T07:52:01.839636+00:00] App\Models\BukuModel.DEBUG: ------------> getalldatabuku data buku ditemukan <------------- [] []
[2023-11-02T14:52:21.549006+07:00] Config\Services.DEBUG: database created array databasePool -> 1 [] []
[2023-11-02T14:52:21.549436+07:00] Config\Services.DEBUG: /home/haslam/Documents/developmentTraining/training-php/perpustakaan/writable/ [] []
[2023-11-02T07:52:21.555149+00:00] App\Models\TempModel.DEBUG: ---------------> Data berhasil ditemukan findAllTemp param id user  31mOVLpsC2z9mCS <-------------- [] []
[2023-11-02T14:52:21.557890+07:00] Config\Services.DEBUG: database pool decrement -1 ,and database connection on databasePool 0 [] []
[2023-11-02T14:52:33.008043+07:00] Config\Services.DEBUG: database created array databasePool -> 1 [] []
[2023-11-02T14:52:33.008421+07:00] Config\Services.DEBUG: /home/haslam/Documents/developmentTraining/training-php/perpustakaan/writable/ [] []
[2023-11-02T07:52:33.013065+00:00] App\Models\TempModel.DEBUG: ---------------> Data berhasil ditemukan findAllTemp param id user  31mOVLpsC2z9mCS <-------------- [] []
[2023-11-02T07:52:33.018520+00:00] App\Models\BookingModel.INFO:  success insert data ID booking: tkoe9VwijTHEyLn Tgl booking: 2023-11-02 Batas Ambil: 2023-11-07 Id user:  31mOVLpsC2z9mCS [] []
[2023-11-02T07:52:33.025151+00:00] App\Models\BookingModel.INFO:  success insert data ID booking: qeQBUhC5b0gb1mY Tgl booking: 2023-11-02 Batas Ambil: 2023-11-07 Id user:  31mOVLpsC2z9mCS [] []
[2023-11-02T07:52:33.030826+00:00] App\Models\BukuModel.DEBUG: ---------> increment dibooking field berhasil id buku xdXerV4ugXv5KKP <--------- [] []
[2023-11-02T07:52:33.036414+00:00] App\Models\BookingDetailModel.INFO: --------> success insert data ID booking detail: ov5jmSlSxOH5Thi id booking: qeQBUhC5b0gb1mY id buku: xdXerV4ugXv5KKP [] []
[2023-11-02T07:52:33.045287+00:00] App\Models\BukuModel.DEBUG: ---------> increment dibooking field berhasil id buku lOO0rV4uvXv5KKP <--------- [] []
[2023-11-02T07:52:33.052090+00:00] App\Models\BookingDetailModel.INFO: --------> success insert data ID booking detail: mvpYW2iXdK9HwaM id booking: tkoe9VwijTHEyLn id buku: lOO0rV4uvXv5KKP [] []
[2023-11-02T14:53:38.634791+07:00] Config\Services.DEBUG: database created array databasePool -> 1 [] []
[2023-11-02T14:53:38.635420+07:00] Config\Services.DEBUG: /home/haslam/Documents/developmentTraining/training-php/perpustakaan/writable/ [] []
[2023-11-02T14:54:33.588379+07:00] Config\Services.DEBUG: database created array databasePool -> 1 [] []
[2023-11-02T14:54:33.589051+07:00] Config\Services.DEBUG: /home/haslam/Documents/developmentTraining/training-php/perpustakaan/writable/ [] []
[2023-11-02T14:54:33.599496+07:00] Config\Services.DEBUG: database pool decrement -1 ,and database connection on databasePool 0 [] []
[2023-11-02T14:55:05.275641+07:00] Config\Services.DEBUG: database created array databasePool -> 1 [] []
[2023-11-02T14:55:05.275987+07:00] Config\Services.DEBUG: /home/haslam/Documents/developmentTraining/training-php/perpustakaan/writable/ [] []
[2023-11-02T07:55:05.282897+00:00] App\Models\PinjamModel.INFO: ---------> success insert data no pinjam: juJQ6CJlqICSKFk id user:  31mOVLpsC2z9mCS id booking: tkoe9VwijTHEyLn tgl pinjam: 2023-11-02 tgl kembali: 2023-12-02 tgl pengembalian:  total denda: 0 status :dipinjam [] []
[2023-11-02T07:55:05.286807+00:00] App\Models\DetailPinjamModel.INFO: ---------> success insert data n pinjam: juJQ6CJlqICSKFk id buku: lOO0rV4uvXv5KKP denda: 9000 [] []
[2023-11-02T07:55:05.291413+00:00] App\Models\BukuModel.DEBUG: ---------> decrement dibooking field berhasil id buku lOO0rV4uvXv5KKP <--------- [] []
[2023-11-02T07:55:05.298747+00:00] App\Models\BukuModel.DEBUG: ---------> increment dipinjam field berhasil id buku lOO0rV4uvXv5KKP <--------- [] []
[2023-11-02T07:55:05.303031+00:00] App\Models\PinjamModel.INFO: ---------> success insert data no pinjam: whmm4CA2wGIpKHc id user:  31mOVLpsC2z9mCS id booking: qeQBUhC5b0gb1mY tgl pinjam: 2023-11-02 tgl kembali: 2023-12-02 tgl pengembalian:  total denda: 0 status :dipinjam [] []
[2023-11-02T07:55:05.307555+00:00] App\Models\DetailPinjamModel.INFO: ---------> success insert data n pinjam: whmm4CA2wGIpKHc id buku: xdXerV4ugXv5KKP denda: 10000 [] []
[2023-11-02T07:55:05.311168+00:00] App\Models\BukuModel.DEBUG: ---------> decrement dibooking field berhasil id buku xdXerV4ugXv5KKP <--------- [] []
[2023-11-02T07:55:05.318305+00:00] App\Models\BukuModel.DEBUG: ---------> increment dipinjam field berhasil id buku xdXerV4ugXv5KKP <--------- [] []
[2023-11-02T14:58:26.049824+07:00] Config\Services.DEBUG: database created array databasePool -> 1 [] []
[2023-11-02T14:58:26.050169+07:00] Config\Services.DEBUG: /home/haslam/Documents/developmentTraining/training-php/perpustakaan/writable/ [] []
[2023-11-02T07:58:26.056722+00:00] App\Models\PinjamModel.INFO: ---------> success insert data no pinjam: PiXRUJc6IpGaa9k id user:  31mOVLpsC2z9mCS id booking: tkoe9VwijTHEyLn tgl pinjam: 2023-11-02 tgl kembali: 2023-12-02 tgl pengembalian:  total denda: 0 status :dipinjam [] []
[2023-11-02T07:58:26.060495+00:00] App\Models\DetailPinjamModel.INFO: ---------> success insert data n pinjam: juJQ6CJlqICSKFk id buku: lOO0rV4uvXv5KKP denda: 9000 [] []
[2023-11-02T07:58:26.062836+00:00] App\Models\BukuModel.DEBUG: ---------> decrement dibooking field berhasil id buku lOO0rV4uvXv5KKP <--------- [] []
[2023-11-02T07:58:26.077625+00:00] App\Models\BukuModel.DEBUG: ---------> increment dipinjam field berhasil id buku lOO0rV4uvXv5KKP <--------- [] []
[2023-11-02T07:58:26.083475+00:00] App\Models\PinjamModel.INFO: ---------> success insert data no pinjam: lbUsfzuO9ytebkX id user:  31mOVLpsC2z9mCS id booking: qeQBUhC5b0gb1mY tgl pinjam: 2023-11-02 tgl kembali: 2023-12-02 tgl pengembalian:  total denda: 0 status :dipinjam [] []
[2023-11-02T07:58:26.087751+00:00] App\Models\DetailPinjamModel.INFO: ---------> success insert data n pinjam: lbUsfzuO9ytebkX id buku: xdXerV4ugXv5KKP denda: 10000 [] []
[2023-11-02T07:58:26.088972+00:00] App\Models\BukuModel.DEBUG: ---------> decrement dibooking field berhasil id buku xdXerV4ugXv5KKP <--------- [] []
[2023-11-02T07:58:26.098059+00:00] App\Models\BukuModel.DEBUG: ---------> increment dipinjam field berhasil id buku xdXerV4ugXv5KKP <--------- [] []
[2023-11-02T14:58:34.225277+07:00] Config\Services.DEBUG: database created array databasePool -> 1 [] []
[2023-11-02T14:58:34.225851+07:00] Config\Services.DEBUG: /home/haslam/Documents/developmentTraining/training-php/perpustakaan/writable/ [] []
[2023-11-02T14:59:16.022900+07:00] Config\Services.DEBUG: database created array databasePool -> 1 [] []
[2023-11-02T14:59:16.023299+07:00] Config\Services.DEBUG: /home/haslam/Documents/developmentTraining/training-php/perpustakaan/writable/ [] []
[2023-11-02T07:59:16.028260+00:00] App\Models\PinjamModel.DEBUG: --------> data berhasil di update update total denda<----------- [] []
[2023-11-02T14:59:16.031006+07:00] Config\Services.DEBUG: database pool decrement -1 ,and database connection on databasePool 0 [] []
[2023-11-02T15:00:09.223274+07:00] Config\Services.DEBUG: database created array databasePool -> 1 [] []
[2023-11-02T15:00:09.223722+07:00] Config\Services.DEBUG: /home/haslam/Documents/developmentTraining/training-php/perpustakaan/writable/ [] []
[2023-11-02T15:01:29.487054+07:00] Config\Services.DEBUG: database created array databasePool -> 1 [] []
[2023-11-02T15:01:29.487729+07:00] Config\Services.DEBUG: /home/haslam/Documents/developmentTraining/training-php/perpustakaan/writable/ [] []
[2023-11-02T15:03:29.564914+07:00] Config\Services.DEBUG: database created array databasePool -> 1 [] []
[2023-11-02T15:03:29.565412+07:00] Config\Services.DEBUG: /home/haslam/Documents/developmentTraining/training-php/perpustakaan/writable/ [] []
[2023-11-02T15:07:23.928844+07:00] Config\Services.DEBUG: database created array databasePool -> 1 [] []
[2023-11-02T15:07:23.929185+07:00] Config\Services.DEBUG: /home/haslam/Documents/developmentTraining/training-php/perpustakaan/writable/ [] []
[2023-11-02T15:07:59.809412+07:00] Config\Services.DEBUG: database created array databasePool -> 1 [] []
[2023-11-02T15:07:59.809913+07:00] Config\Services.DEBUG: /home/haslam/Documents/developmentTraining/training-php/perpustakaan/writable/ [] []
[2023-11-02T08:07:59.816156+00:00] App\Models\PinjamModel.DEBUG: --------> data berhasil di update update total denda<----------- [] []
[2023-11-02T15:07:59.819479+07:00] Config\Services.DEBUG: database pool decrement -1 ,and database connection on databasePool 0 [] []
[2023-11-02T15:08:36.552075+07:00] Config\Services.DEBUG: database created array databasePool -> 1 [] []
[2023-11-02T15:08:36.552406+07:00] Config\Services.DEBUG: /home/haslam/Documents/developmentTraining/training-php/perpustakaan/writable/ [] []
[2023-11-02T08:08:36.558400+00:00] App\Models\PinjamModel.DEBUG: --------> data berhasil di update update total denda<----------- [] []
[2023-11-02T15:08:36.561894+07:00] Config\Services.DEBUG: database pool decrement -1 ,and database connection on databasePool 0 [] []
[2023-11-02T15:09:01.180971+07:00] Config\Services.DEBUG: database created array databasePool -> 1 [] []
[2023-11-02T15:09:01.181465+07:00] Config\Services.DEBUG: /home/haslam/Documents/developmentTraining/training-php/perpustakaan/writable/ [] []
[2023-11-02T15:10:26.324519+07:00] Config\Services.DEBUG: database created array databasePool -> 1 [] []
[2023-11-02T15:10:26.325089+07:00] Config\Services.DEBUG: /home/haslam/Documents/developmentTraining/training-php/perpustakaan/writable/ [] []
[2023-11-02T15:12:31.904152+07:00] Config\Services.DEBUG: database created array databasePool -> 1 [] []
[2023-11-02T15:12:31.905370+07:00] Config\Services.DEBUG: /home/haslam/Documents/developmentTraining/training-php/perpustakaan/writable/ [] []
[2023-11-02T15:13:17.182546+07:00] Config\Services.DEBUG: database created array databasePool -> 1 [] []
[2023-11-02T15:13:17.182954+07:00] Config\Services.DEBUG: /home/haslam/Documents/developmentTraining/training-php/perpustakaan/writable/ [] []
[2023-11-02T15:15:39.510755+07:00] Config\Services.DEBUG: database created array databasePool -> 1 [] []
[2023-11-02T15:15:39.511535+07:00] Config\Services.DEBUG: /home/haslam/Documents/developmentTraining/training-php/perpustakaan/writable/ [] []
[2023-11-02T15:24:11.982830+07:00] Config\Services.DEBUG: database created array databasePool -> 1 [] []
[2023-11-02T15:24:11.986192+07:00] Config\Services.DEBUG: /home/haslam/Documents/developmentTraining/training-php/perpustakaan/writable/ [] []
[2023-11-02T15:24:33.465396+07:00] Config\Services.DEBUG: database created array databasePool -> 1 [] []
[2023-11-02T15:24:33.466229+07:00] Config\Services.DEBUG: /home/haslam/Documents/developmentTraining/training-php/perpustakaan/writable/ [] []
[2023-11-02T08:24:33.499305+00:00] App\Models\PinjamModel.DEBUG: --------> data berhasil di update update total denda<----------- [] []
[2023-11-02T15:24:33.502315+07:00] Config\Services.DEBUG: database pool decrement -1 ,and database connection on databasePool 0 [] []
[2023-11-02T15:25:09.228795+07:00] Config\Services.DEBUG: database created array databasePool -> 1 [] []
[2023-11-02T15:25:09.229734+07:00] Config\Services.DEBUG: /home/haslam/Documents/developmentTraining/training-php/perpustakaan/writable/ [] []
[2023-11-02T08:25:09.237742+00:00] App\Models\PinjamModel.DEBUG: --------> data berhasil di update update total denda<----------- [] []
[2023-11-02T15:25:09.241619+07:00] Config\Services.DEBUG: database pool decrement -1 ,and database connection on databasePool 0 [] []
[2023-11-02T15:31:18.682477+07:00] Config\Services.DEBUG: database created array databasePool -> 1 [] []
[2023-11-02T15:31:18.682815+07:00] Config\Services.DEBUG: /home/haslam/Documents/developmentTraining/training-php/perpustakaan/writable/ [] []
[2023-11-02T15:31:45.305276+07:00] Config\Services.DEBUG: database created array databasePool -> 1 [] []
[2023-11-02T15:31:45.305628+07:00] Config\Services.DEBUG: /home/haslam/Documents/developmentTraining/training-php/perpustakaan/writable/ [] []
[2023-11-02T15:32:40.086808+07:00] Config\Services.DEBUG: database created array databasePool -> 1 [] []
[2023-11-02T15:32:40.087239+07:00] Config\Services.DEBUG: /home/haslam/Documents/developmentTraining/training-php/perpustakaan/writable/ [] []
[2023-11-02T15:34:06.224510+07:00] Config\Services.DEBUG: database created array databasePool -> 1 [] []
[2023-11-02T15:34:06.224870+07:00] Config\Services.DEBUG: /home/haslam/Documents/developmentTraining/training-php/perpustakaan/writable/ [] []
[2023-11-02T15:34:21.689959+07:00] Config\Services.DEBUG: database created array databasePool -> 1 [] []
[2023-11-02T15:34:21.690710+07:00] Config\Services.DEBUG: /home/haslam/Documents/developmentTraining/training-php/perpustakaan/writable/ [] []
[2023-11-02T08:34:21.697106+00:00] App\Models\BukuModel.DEBUG: ------------> getalldatabuku data buku ditemukan <------------- [] []
[2023-11-02T15:37:31.252826+07:00] Config\Services.DEBUG: database created array databasePool -> 1 [] []
[2023-11-02T15:37:31.253174+07:00] Config\Services.DEBUG: /home/haslam/Documents/developmentTraining/training-php/perpustakaan/writable/ [] []
[2023-11-02T15:37:58.850464+07:00] Config\Services.DEBUG: database created array databasePool -> 1 [] []
[2023-11-02T15:37:58.850792+07:00] Config\Services.DEBUG: /home/haslam/Documents/developmentTraining/training-php/perpustakaan/writable/ [] []
[2023-11-02T15:38:51.520198+07:00] Config\Services.DEBUG: database created array databasePool -> 1 [] []
[2023-11-02T15:38:51.520662+07:00] Config\Services.DEBUG: /home/haslam/Documents/developmentTraining/training-php/perpustakaan/writable/ [] []
[2023-11-02T15:41:47.674593+07:00] Config\Services.DEBUG: database created array databasePool -> 1 [] []
[2023-11-02T15:41:47.674975+07:00] Config\Services.DEBUG: /home/haslam/Documents/developmentTraining/training-php/perpustakaan/writable/ [] []
[2023-11-02T15:54:46.742496+07:00] Config\Services.DEBUG: database created array databasePool -> 1 [] []
[2023-11-02T15:54:46.746041+07:00] Config\Services.DEBUG: /home/haslam/Documents/developmentTraining/training-php/perpustakaan/writable/ [] []
[2023-11-02T15:55:14.881419+07:00] Config\Services.DEBUG: database created array databasePool -> 1 [] []
[2023-11-02T15:55:14.881779+07:00] Config\Services.DEBUG: /home/haslam/Documents/developmentTraining/training-php/perpustakaan/writable/ [] []
[2023-11-02T15:55:58.357405+07:00] Config\Services.DEBUG: database created array databasePool -> 1 [] []
[2023-11-02T15:55:58.360580+07:00] Config\Services.DEBUG: /home/haslam/Documents/developmentTraining/training-php/perpustakaan/writable/ [] []
[2023-11-02T15:56:39.384023+07:00] Config\Services.DEBUG: database created array databasePool -> 1 [] []
[2023-11-02T15:56:39.386560+07:00] Config\Services.DEBUG: /home/haslam/Documents/developmentTraining/training-php/perpustakaan/writable/ [] []
[2023-11-02T15:59:51.623294+07:00] Config\Services.DEBUG: database created array databasePool -> 1 [] []
[2023-11-02T15:59:51.623712+07:00] Config\Services.DEBUG: /home/haslam/Documents/developmentTraining/training-php/perpustakaan/writable/ [] []
[2023-11-02T16:00:09.287108+07:00] Config\Services.DEBUG: database created array databasePool -> 1 [] []
[2023-11-02T16:00:09.287451+07:00] Config\Services.DEBUG: /home/haslam/Documents/developmentTraining/training-php/perpustakaan/writable/ [] []
[2023-11-02T16:00:24.238964+07:00] Config\Services.DEBUG: database created array databasePool -> 1 [] []
[2023-11-02T16:00:24.239746+07:00] Config\Services.DEBUG: /home/haslam/Documents/developmentTraining/training-php/perpustakaan/writable/ [] []
[2023-11-02T16:01:07.667936+07:00] Config\Services.DEBUG: database created array databasePool -> 1 [] []
[2023-11-02T16:01:07.668282+07:00] Config\Services.DEBUG: /home/haslam/Documents/developmentTraining/training-php/perpustakaan/writable/ [] []
[2023-11-02T16:01:15.917827+07:00] Config\Services.DEBUG: database created array databasePool -> 1 [] []
[2023-11-02T16:01:15.918246+07:00] Config\Services.DEBUG: /home/haslam/Documents/developmentTraining/training-php/perpustakaan/writable/ [] []
[2023-11-02T16:01:24.922045+07:00] Config\Services.DEBUG: database created array databasePool -> 1 [] []
[2023-11-02T16:01:24.922413+07:00] Config\Services.DEBUG: /home/haslam/Documents/developmentTraining/training-php/perpustakaan/writable/ [] []
[2023-11-02T16:01:33.302920+07:00] Config\Services.DEBUG: database created array databasePool -> 1 [] []
[2023-11-02T16:01:33.303349+07:00] Config\Services.DEBUG: /home/haslam/Documents/developmentTraining/training-php/perpustakaan/writable/ [] []
[2023-11-02T16:01:49.683043+07:00] Config\Services.DEBUG: database created array databasePool -> 1 [] []
[2023-11-02T16:01:49.683439+07:00] Config\Services.DEBUG: /home/haslam/Documents/developmentTraining/training-php/perpustakaan/writable/ [] []
[2023-11-02T16:02:05.095479+07:00] Config\Services.DEBUG: database created array databasePool -> 1 [] []
[2023-11-02T16:02:05.095817+07:00] Config\Services.DEBUG: /home/haslam/Documents/developmentTraining/training-php/perpustakaan/writable/ [] []
[2023-11-02T16:02:16.729062+07:00] Config\Services.DEBUG: database created array databasePool -> 1 [] []
[2023-11-02T16:02:16.729517+07:00] Config\Services.DEBUG: /home/haslam/Documents/developmentTraining/training-php/perpustakaan/writable/ [] []
[2023-11-02T16:02:31.017829+07:00] Config\Services.DEBUG: database created array databasePool -> 1 [] []
[2023-11-02T16:02:31.018315+07:00] Config\Services.DEBUG: /home/haslam/Documents/developmentTraining/training-php/perpustakaan/writable/ [] []
[2023-11-02T16:02:41.381948+07:00] Config\Services.DEBUG: database created array databasePool -> 1 [] []
[2023-11-02T16:02:41.382580+07:00] Config\Services.DEBUG: /home/haslam/Documents/developmentTraining/training-php/perpustakaan/writable/ [] []
[2023-11-02T16:02:48.931159+07:00] Config\Services.DEBUG: database created array databasePool -> 1 [] []
[2023-11-02T16:02:48.931522+07:00] Config\Services.DEBUG: /home/haslam/Documents/developmentTraining/training-php/perpustakaan/writable/ [] []
[2023-11-02T16:03:15.431672+07:00] Config\Services.DEBUG: database created array databasePool -> 1 [] []
[2023-11-02T16:03:15.432018+07:00] Config\Services.DEBUG: /home/haslam/Documents/developmentTraining/training-php/perpustakaan/writable/ [] []
[2023-11-02T16:03:25.685840+07:00] Config\Services.DEBUG: database created array databasePool -> 1 [] []
[2023-11-02T16:03:25.686464+07:00] Config\Services.DEBUG: /home/haslam/Documents/developmentTraining/training-php/perpustakaan/writable/ [] []
[2023-11-02T16:03:41.086196+07:00] Config\Services.DEBUG: database created array databasePool -> 1 [] []
[2023-11-02T16:03:41.086795+07:00] Config\Services.DEBUG: /home/haslam/Documents/developmentTraining/training-php/perpustakaan/writable/ [] []
[2023-11-02T16:04:05.266392+07:00] Config\Services.DEBUG: database created array databasePool -> 1 [] []
[2023-11-02T16:04:05.266793+07:00] Config\Services.DEBUG: /home/haslam/Documents/developmentTraining/training-php/perpustakaan/writable/ [] []
[2023-11-02T16:04:47.927469+07:00] Config\Services.DEBUG: database created array databasePool -> 1 [] []
[2023-11-02T16:04:47.928500+07:00] Config\Services.DEBUG: /home/haslam/Documents/developmentTraining/training-php/perpustakaan/writable/ [] []
[2023-11-02T16:04:56.475754+07:00] Config\Services.DEBUG: database created array databasePool -> 1 [] []
[2023-11-02T16:04:56.476134+07:00] Config\Services.DEBUG: /home/haslam/Documents/developmentTraining/training-php/perpustakaan/writable/ [] []
[2023-11-02T16:05:03.808681+07:00] Config\Services.DEBUG: database created array databasePool -> 1 [] []
[2023-11-02T16:05:03.809131+07:00] Config\Services.DEBUG: /home/haslam/Documents/developmentTraining/training-php/perpustakaan/writable/ [] []
[2023-11-02T16:09:36.667175+07:00] Config\Services.DEBUG: database created array databasePool -> 1 [] []
[2023-11-02T16:09:36.667513+07:00] Config\Services.DEBUG: /home/haslam/Documents/developmentTraining/training-php/perpustakaan/writable/ [] []
[2023-11-02T16:09:55.111017+07:00] Config\Services.DEBUG: database created array databasePool -> 1 [] []
[2023-11-02T16:09:55.111363+07:00] Config\Services.DEBUG: /home/haslam/Documents/developmentTraining/training-php/perpustakaan/writable/ [] []
[2023-11-02T16:10:08.478708+07:00] Config\Services.DEBUG: database created array databasePool -> 1 [] []
[2023-11-02T16:10:08.479079+07:00] Config\Services.DEBUG: /home/haslam/Documents/developmentTraining/training-php/perpustakaan/writable/ [] []
[2023-11-02T19:55:48.428367+07:00] Config\Services.DEBUG: database created array databasePool -> 1 [] []
[2023-11-02T19:55:48.431737+07:00] Config\Services.DEBUG: /home/haslam/Documents/developmentTraining/training-php/perpustakaan/writable/ [] []
[2023-11-02T19:55:48.505356+07:00] Config\Services.DEBUG: database pool decrement -1 ,and database connection on databasePool 0 [] []
[2023-11-02T19:55:48.541177+07:00] Config\Services.DEBUG: database created array databasePool -> 1 [] []
[2023-11-02T19:55:48.541759+07:00] Config\Services.DEBUG: /home/haslam/Documents/developmentTraining/training-php/perpustakaan/writable/ [] []
[2023-11-02T12:55:48.554817+00:00] App\Models\BukuModel.DEBUG: ------------> getalldatabuku data buku ditemukan <------------- [] []
[2023-11-02T19:56:01.072357+07:00] Config\Services.DEBUG: database created array databasePool -> 1 [] []
[2023-11-02T19:56:01.072968+07:00] Config\Services.DEBUG: /home/haslam/Documents/developmentTraining/training-php/perpustakaan/writable/ [] []
[2023-11-02T12:56:01.086712+00:00] App\Models\TempModel.DEBUG: ---------------> Data berhasil ditemukan findAllTemp param id user  31mOVLpsC2z9mCS <-------------- [] []
[2023-11-02T19:56:01.090361+07:00] Config\Services.DEBUG: database pool decrement -1 ,and database connection on databasePool 0 [] []
[2023-11-02T19:56:10.569540+07:00] Config\Services.DEBUG: database created array databasePool -> 1 [] []
[2023-11-02T19:56:10.570247+07:00] Config\Services.DEBUG: /home/haslam/Documents/developmentTraining/training-php/perpustakaan/writable/ [] []
[2023-11-02T12:56:10.579868+00:00] App\Models\TempModel.DEBUG: ---------------> Data berhasil ditemukan findAllTemp param id user  31mOVLpsC2z9mCS <-------------- [] []
[2023-11-02T12:56:10.592033+00:00] App\Models\BookingModel.INFO:  success insert data ID booking: 5vZJv2agI3uQQvJ Tgl booking: 2023-11-02 Batas Ambil: 2023-11-07 Id user:  31mOVLpsC2z9mCS [] []
[2023-11-02T12:56:10.598034+00:00] App\Models\BookingModel.INFO:  success insert data ID booking: 4znofG4YnfVKGvA Tgl booking: 2023-11-02 Batas Ambil: 2023-11-07 Id user:  31mOVLpsC2z9mCS [] []
[2023-11-02T12:56:10.608191+00:00] App\Models\BukuModel.DEBUG: ---------> increment dibooking field berhasil id buku lOO0rV4uvXv5KKP <--------- [] []
[2023-11-02T12:56:10.615328+00:00] App\Models\BookingDetailModel.INFO: --------> success insert data ID booking detail: dj8EI9BALFLBK7S id booking: 4znofG4YnfVKGvA id buku: lOO0rV4uvXv5KKP [] []
[2023-11-02T12:56:10.622031+00:00] App\Models\BukuModel.DEBUG: ---------> increment dibooking field berhasil id buku xdXerV4ugXv5KKP <--------- [] []
[2023-11-02T12:56:10.627864+00:00] App\Models\BookingDetailModel.INFO: --------> success insert data ID booking detail: u5tia76TGcK2j40 id booking: 5vZJv2agI3uQQvJ id buku: xdXerV4ugXv5KKP [] []
[2023-11-02T19:56:38.593080+07:00] Config\Services.DEBUG: database created array databasePool -> 1 [] []
[2023-11-02T19:56:38.593771+07:00] Config\Services.DEBUG: /home/haslam/Documents/developmentTraining/training-php/perpustakaan/writable/ [] []
[2023-11-02T19:56:38.602751+07:00] Config\Services.DEBUG: database pool decrement -1 ,and database connection on databasePool 0 [] []
[2023-11-02T19:56:38.652380+07:00] Config\Services.DEBUG: database created array databasePool -> 1 [] []
[2023-11-02T19:56:38.652733+07:00] Config\Services.DEBUG: /home/haslam/Documents/developmentTraining/training-php/perpustakaan/writable/ [] []
[2023-11-02T12:56:38.656575+00:00] App\Models\BukuModel.DEBUG: ------------> getalldatabuku data buku ditemukan <------------- [] []
[2023-11-02T19:56:51.108389+07:00] Config\Services.DEBUG: database created array databasePool -> 1 [] []
[2023-11-02T19:56:51.109173+07:00] Config\Services.DEBUG: /home/haslam/Documents/developmentTraining/training-php/perpustakaan/writable/ [] []
[2023-11-02T19:57:10.065882+07:00] Config\Services.DEBUG: database created array databasePool -> 1 [] []
[2023-11-02T19:57:10.066668+07:00] Config\Services.DEBUG: /home/haslam/Documents/developmentTraining/training-php/perpustakaan/writable/ [] []
[2023-11-02T12:57:10.083664+00:00] App\Models\PinjamModel.DEBUG: --------> data berhasil di update update total denda<----------- [] []
[2023-11-02T19:57:10.088214+07:00] Config\Services.DEBUG: database pool decrement -1 ,and database connection on databasePool 0 [] []
[2023-11-02T19:57:27.543002+07:00] Config\Services.DEBUG: database created array databasePool -> 1 [] []
[2023-11-02T19:57:27.543772+07:00] Config\Services.DEBUG: /home/haslam/Documents/developmentTraining/training-php/perpustakaan/writable/ [] []
[2023-11-02T19:57:49.066109+07:00] Config\Services.DEBUG: database created array databasePool -> 1 [] []
[2023-11-02T19:57:49.066741+07:00] Config\Services.DEBUG: /home/haslam/Documents/developmentTraining/training-php/perpustakaan/writable/ [] []
[2023-11-02T19:57:49.077104+07:00] Config\Services.DEBUG: database pool decrement -1 ,and database connection on databasePool 0 [] []
[2023-11-02T19:58:33.940624+07:00] Config\Services.DEBUG: database created array databasePool -> 1 [] []
[2023-11-02T19:58:33.941202+07:00] Config\Services.DEBUG: /home/haslam/Documents/developmentTraining/training-php/perpustakaan/writable/ [] []
[2023-11-02T12:58:33.952933+00:00] App\Models\PinjamModel.INFO: ---------> success insert data no pinjam: N5hV10ektLgwCmn id user:  31mOVLpsC2z9mCS id booking: 4znofG4YnfVKGvA tgl pinjam: 2023-11-02 tgl kembali: 2023-11-12 tgl pengembalian:  total denda: 0 status :dipinjam [] []
[2023-11-02T12:58:33.962114+00:00] App\Models\DetailPinjamModel.INFO: ---------> success insert data n pinjam: N5hV10ektLgwCmn id buku: lOO0rV4uvXv5KKP denda: 9000 [] []
[2023-11-02T12:58:33.968104+00:00] App\Models\BukuModel.DEBUG: ---------> decrement dibooking field berhasil id buku lOO0rV4uvXv5KKP <--------- [] []
[2023-11-02T12:58:33.982725+00:00] App\Models\BukuModel.DEBUG: ---------> increment dipinjam field berhasil id buku lOO0rV4uvXv5KKP <--------- [] []
[2023-11-02T12:58:33.989673+00:00] App\Models\PinjamModel.INFO: ---------> success insert data no pinjam: qeweuPXihYdKdrF id user:  31mOVLpsC2z9mCS id booking: 5vZJv2agI3uQQvJ tgl pinjam: 2023-11-02 tgl kembali: 2023-11-12 tgl pengembalian:  total denda: 0 status :dipinjam [] []
[2023-11-02T12:58:33.994761+00:00] App\Models\DetailPinjamModel.INFO: ---------> success insert data n pinjam: qeweuPXihYdKdrF id buku: xdXerV4ugXv5KKP denda: 8000 [] []
[2023-11-02T12:58:34.004451+00:00] App\Models\BukuModel.DEBUG: ---------> decrement dibooking field berhasil id buku xdXerV4ugXv5KKP <--------- [] []
[2023-11-02T12:58:34.016450+00:00] App\Models\BukuModel.DEBUG: ---------> increment dipinjam field berhasil id buku xdXerV4ugXv5KKP <--------- [] []
[2023-11-02T20:01:28.811582+07:00] Config\Services.DEBUG: database created array databasePool -> 1 [] []
[2023-11-02T20:01:28.811960+07:00] Config\Services.DEBUG: /home/haslam/Documents/developmentTraining/training-php/perpustakaan/writable/ [] []
[2023-11-02T20:02:50.906979+07:00] Config\Services.DEBUG: database created array databasePool -> 1 [] []
[2023-11-02T20:02:50.907536+07:00] Config\Services.DEBUG: /home/haslam/Documents/developmentTraining/training-php/perpustakaan/writable/ [] []
[2023-11-02T20:03:57.626277+07:00] Config\Services.DEBUG: database created array databasePool -> 1 [] []
[2023-11-02T20:03:57.626941+07:00] Config\Services.DEBUG: /home/haslam/Documents/developmentTraining/training-php/perpustakaan/writable/ [] []
[2023-11-02T20:04:16.079864+07:00] Config\Services.DEBUG: database created array databasePool -> 1 [] []
[2023-11-02T20:04:16.080225+07:00] Config\Services.DEBUG: /home/haslam/Documents/developmentTraining/training-php/perpustakaan/writable/ [] []
[2023-11-02T20:05:31.111256+07:00] Config\Services.DEBUG: database created array databasePool -> 1 [] []
[2023-11-02T20:05:31.111702+07:00] Config\Services.DEBUG: /home/haslam/Documents/developmentTraining/training-php/perpustakaan/writable/ [] []
[2023-11-02T20:10:36.263712+07:00] Config\Services.DEBUG: database created array databasePool -> 1 [] []
[2023-11-02T20:10:36.265053+07:00] Config\Services.DEBUG: /home/haslam/Documents/developmentTraining/training-php/perpustakaan/writable/ [] []
