ERROR - 2023-10-11 00:16:19 --> mysqli_sql_exception: Duplicate entry 'isempa31@gmail.com' for key 'user.email' in /home/haslam/Documents/developmentTraining/training-php/perpustakaan/system/Database/MySQLi/Connection.php:306
Stack trace:
#0 /home/haslam/Documents/developmentTraining/training-php/perpustakaan/system/Database/MySQLi/Connection.php(306): mysqli->query()
#1 /home/haslam/Documents/developmentTraining/training-php/perpustakaan/system/Database/BaseConnection.php(692): CodeIgniter\Database\MySQLi\Connection->execute()
#2 /home/haslam/Documents/developmentTraining/training-php/perpustakaan/system/Database/BaseConnection.php(606): CodeIgniter\Database\BaseConnection->simpleQuery()
#3 /home/haslam/Documents/developmentTraining/training-php/perpustakaan/system/Database/BaseBuilder.php(2308): CodeIgniter\Database\BaseConnection->query()
#4 /home/haslam/Documents/developmentTraining/training-php/perpustakaan/system/Model.php(319): CodeIgniter\Database\BaseBuilder->insert()
#5 /home/haslam/Documents/developmentTraining/training-php/perpustakaan/system/BaseModel.php(788): CodeIgniter\Model->doInsert()
#6 /home/haslam/Documents/developmentTraining/training-php/perpustakaan/system/Model.php(715): CodeIgniter\BaseModel->insert()
#7 /home/haslam/Documents/developmentTraining/training-php/perpustakaan/app/Models/UserModel.php(98): CodeIgniter\Model->insert()
#8 /home/haslam/Documents/developmentTraining/training-php/perpustakaan/app/Controllers/User/Register.php(80): App\Models\UserModel->insertData()
#9 /home/haslam/Documents/developmentTraining/training-php/perpustakaan/system/CodeIgniter.php(919): App\Controllers\User\Register->register()
#10 /home/haslam/Documents/developmentTraining/training-php/perpustakaan/system/CodeIgniter.php(494): CodeIgniter\CodeIgniter->runController()
#11 /home/haslam/Documents/developmentTraining/training-php/perpustakaan/system/CodeIgniter.php(353): CodeIgniter\CodeIgniter->handleRequest()
#12 /home/haslam/Documents/developmentTraining/training-php/perpustakaan/public/index.php(79): CodeIgniter\CodeIgniter->run()
#13 /home/haslam/Documents/developmentTraining/training-php/perpustakaan/system/Commands/Server/rewrite.php(47): require_once('...')
#14 {main}
CRITICAL - 2023-10-11 00:32:42 --> Undefined variable $dataError
in APPPATH/Views/RegisterForm.php on line 20.
 1 APPPATH/Views/RegisterForm.php(20): CodeIgniter\Debug\Exceptions->errorHandler()
 2 SYSTEMPATH/View/View.php(226): include('/home/haslam/Documents/developmentTraining/training-php/perpustakaan/app/Views/RegisterForm.php')
 3 SYSTEMPATH/View/View.php(229): CodeIgniter\View\View->CodeIgniter\View\{closure}()
 4 SYSTEMPATH/Common.php(1188): CodeIgniter\View\View->render()
 5 APPPATH/Controllers/User/Register.php(92): view()
 6 SYSTEMPATH/CodeIgniter.php(919): App\Controllers\User\Register->register()
 7 SYSTEMPATH/CodeIgniter.php(494): CodeIgniter\CodeIgniter->runController()
 8 SYSTEMPATH/CodeIgniter.php(353): CodeIgniter\CodeIgniter->handleRequest()
 9 FCPATH/index.php(79): CodeIgniter\CodeIgniter->run()
10 SYSTEMPATH/Commands/Server/rewrite.php(47): require_once('/home/haslam/Documents/developmentTraining/training-php/perpustakaan/public/index.php')
CRITICAL - 2023-10-11 00:33:53 --> Undefined variable $dataError
in APPPATH/Views/RegisterForm.php on line 20.
 1 APPPATH/Views/RegisterForm.php(20): CodeIgniter\Debug\Exceptions->errorHandler()
 2 SYSTEMPATH/View/View.php(226): include('/home/haslam/Documents/developmentTraining/training-php/perpustakaan/app/Views/RegisterForm.php')
 3 SYSTEMPATH/View/View.php(229): CodeIgniter\View\View->CodeIgniter\View\{closure}()
 4 SYSTEMPATH/Common.php(1188): CodeIgniter\View\View->render()
 5 APPPATH/Controllers/User/Register.php(92): view()
 6 SYSTEMPATH/CodeIgniter.php(919): App\Controllers\User\Register->register()
 7 SYSTEMPATH/CodeIgniter.php(494): CodeIgniter\CodeIgniter->runController()
 8 SYSTEMPATH/CodeIgniter.php(353): CodeIgniter\CodeIgniter->handleRequest()
 9 FCPATH/index.php(79): CodeIgniter\CodeIgniter->run()
10 SYSTEMPATH/Commands/Server/rewrite.php(47): require_once('/home/haslam/Documents/developmentTraining/training-php/perpustakaan/public/index.php')
CRITICAL - 2023-10-11 00:41:46 --> array_key_exists() expects exactly 2 arguments, 1 given
in APPPATH/Views/RegisterForm.php on line 18.
 1 APPPATH/Views/RegisterForm.php(18): array_key_exists()
 2 SYSTEMPATH/View/View.php(226): include('/home/haslam/Documents/developmentTraining/training-php/perpustakaan/app/Views/RegisterForm.php')
 3 SYSTEMPATH/View/View.php(229): CodeIgniter\View\View->CodeIgniter\View\{closure}()
 4 SYSTEMPATH/Common.php(1188): CodeIgniter\View\View->render()
 5 APPPATH/Controllers/User/Register.php(93): view()
 6 SYSTEMPATH/CodeIgniter.php(919): App\Controllers\User\Register->register()
 7 SYSTEMPATH/CodeIgniter.php(494): CodeIgniter\CodeIgniter->runController()
 8 SYSTEMPATH/CodeIgniter.php(353): CodeIgniter\CodeIgniter->handleRequest()
 9 FCPATH/index.php(79): CodeIgniter\CodeIgniter->run()
10 SYSTEMPATH/Commands/Server/rewrite.php(47): require_once('/home/haslam/Documents/developmentTraining/training-php/perpustakaan/public/index.php')
CRITICAL - 2023-10-11 00:43:16 --> Undefined variable $dataError
in APPPATH/Views/RegisterForm.php on line 18.
 1 APPPATH/Views/RegisterForm.php(18): CodeIgniter\Debug\Exceptions->errorHandler()
 2 SYSTEMPATH/View/View.php(226): include('/home/haslam/Documents/developmentTraining/training-php/perpustakaan/app/Views/RegisterForm.php')
 3 SYSTEMPATH/View/View.php(229): CodeIgniter\View\View->CodeIgniter\View\{closure}()
 4 SYSTEMPATH/Common.php(1188): CodeIgniter\View\View->render()
 5 APPPATH/Controllers/User/Register.php(92): view()
 6 SYSTEMPATH/CodeIgniter.php(919): App\Controllers\User\Register->register()
 7 SYSTEMPATH/CodeIgniter.php(494): CodeIgniter\CodeIgniter->runController()
 8 SYSTEMPATH/CodeIgniter.php(353): CodeIgniter\CodeIgniter->handleRequest()
 9 FCPATH/index.php(79): CodeIgniter\CodeIgniter->run()
10 SYSTEMPATH/Commands/Server/rewrite.php(47): require_once('/home/haslam/Documents/developmentTraining/training-php/perpustakaan/public/index.php')
CRITICAL - 2023-10-11 00:45:08 --> Undefined variable $dataError
in APPPATH/Views/RegisterForm.php on line 18.
 1 APPPATH/Views/RegisterForm.php(18): CodeIgniter\Debug\Exceptions->errorHandler()
 2 SYSTEMPATH/View/View.php(226): include('/home/haslam/Documents/developmentTraining/training-php/perpustakaan/app/Views/RegisterForm.php')
 3 SYSTEMPATH/View/View.php(229): CodeIgniter\View\View->CodeIgniter\View\{closure}()
 4 SYSTEMPATH/Common.php(1188): CodeIgniter\View\View->render()
 5 APPPATH/Controllers/User/Register.php(92): view()
 6 SYSTEMPATH/CodeIgniter.php(919): App\Controllers\User\Register->register()
 7 SYSTEMPATH/CodeIgniter.php(494): CodeIgniter\CodeIgniter->runController()
 8 SYSTEMPATH/CodeIgniter.php(353): CodeIgniter\CodeIgniter->handleRequest()
 9 FCPATH/index.php(79): CodeIgniter\CodeIgniter->run()
10 SYSTEMPATH/Commands/Server/rewrite.php(47): require_once('/home/haslam/Documents/developmentTraining/training-php/perpustakaan/public/index.php')
CRITICAL - 2023-10-11 00:54:24 --> Undefined variable $dataError
in APPPATH/Views/RegisterForm.php on line 18.
 1 APPPATH/Views/RegisterForm.php(18): CodeIgniter\Debug\Exceptions->errorHandler()
 2 SYSTEMPATH/View/View.php(226): include('/home/haslam/Documents/developmentTraining/training-php/perpustakaan/app/Views/RegisterForm.php')
 3 SYSTEMPATH/View/View.php(229): CodeIgniter\View\View->CodeIgniter\View\{closure}()
 4 SYSTEMPATH/Common.php(1188): CodeIgniter\View\View->render()
 5 APPPATH/Controllers/User/Register.php(92): view()
 6 SYSTEMPATH/CodeIgniter.php(919): App\Controllers\User\Register->register()
 7 SYSTEMPATH/CodeIgniter.php(494): CodeIgniter\CodeIgniter->runController()
 8 SYSTEMPATH/CodeIgniter.php(353): CodeIgniter\CodeIgniter->handleRequest()
 9 FCPATH/index.php(79): CodeIgniter\CodeIgniter->run()
10 SYSTEMPATH/Commands/Server/rewrite.php(47): require_once('/home/haslam/Documents/developmentTraining/training-php/perpustakaan/public/index.php')
CRITICAL - 2023-10-11 00:54:44 --> Undefined variable $dataError
in APPPATH/Views/RegisterForm.php on line 18.
 1 APPPATH/Views/RegisterForm.php(18): CodeIgniter\Debug\Exceptions->errorHandler()
 2 SYSTEMPATH/View/View.php(226): include('/home/haslam/Documents/developmentTraining/training-php/perpustakaan/app/Views/RegisterForm.php')
 3 SYSTEMPATH/View/View.php(229): CodeIgniter\View\View->CodeIgniter\View\{closure}()
 4 SYSTEMPATH/Common.php(1188): CodeIgniter\View\View->render()
 5 APPPATH/Controllers/User/Register.php(92): view()
 6 SYSTEMPATH/CodeIgniter.php(919): App\Controllers\User\Register->register()
 7 SYSTEMPATH/CodeIgniter.php(494): CodeIgniter\CodeIgniter->runController()
 8 SYSTEMPATH/CodeIgniter.php(353): CodeIgniter\CodeIgniter->handleRequest()
 9 FCPATH/index.php(79): CodeIgniter\CodeIgniter->run()
10 SYSTEMPATH/Commands/Server/rewrite.php(47): require_once('/home/haslam/Documents/developmentTraining/training-php/perpustakaan/public/index.php')
CRITICAL - 2023-10-11 00:55:15 --> Undefined variable $dataError
in APPPATH/Views/RegisterForm.php on line 20.
 1 APPPATH/Views/RegisterForm.php(20): CodeIgniter\Debug\Exceptions->errorHandler()
 2 SYSTEMPATH/View/View.php(226): include('/home/haslam/Documents/developmentTraining/training-php/perpustakaan/app/Views/RegisterForm.php')
 3 SYSTEMPATH/View/View.php(229): CodeIgniter\View\View->CodeIgniter\View\{closure}()
 4 SYSTEMPATH/Common.php(1188): CodeIgniter\View\View->render()
 5 APPPATH/Controllers/User/Register.php(92): view()
 6 SYSTEMPATH/CodeIgniter.php(919): App\Controllers\User\Register->register()
 7 SYSTEMPATH/CodeIgniter.php(494): CodeIgniter\CodeIgniter->runController()
 8 SYSTEMPATH/CodeIgniter.php(353): CodeIgniter\CodeIgniter->handleRequest()
 9 FCPATH/index.php(79): CodeIgniter\CodeIgniter->run()
10 SYSTEMPATH/Commands/Server/rewrite.php(47): require_once('/home/haslam/Documents/developmentTraining/training-php/perpustakaan/public/index.php')
CRITICAL - 2023-10-11 00:55:45 --> Undefined variable $dataError
in APPPATH/Views/RegisterForm.php on line 18.
 1 APPPATH/Views/RegisterForm.php(18): CodeIgniter\Debug\Exceptions->errorHandler()
 2 SYSTEMPATH/View/View.php(226): include('/home/haslam/Documents/developmentTraining/training-php/perpustakaan/app/Views/RegisterForm.php')
 3 SYSTEMPATH/View/View.php(229): CodeIgniter\View\View->CodeIgniter\View\{closure}()
 4 SYSTEMPATH/Common.php(1188): CodeIgniter\View\View->render()
 5 APPPATH/Controllers/User/Register.php(92): view()
 6 SYSTEMPATH/CodeIgniter.php(919): App\Controllers\User\Register->register()
 7 SYSTEMPATH/CodeIgniter.php(494): CodeIgniter\CodeIgniter->runController()
 8 SYSTEMPATH/CodeIgniter.php(353): CodeIgniter\CodeIgniter->handleRequest()
 9 FCPATH/index.php(79): CodeIgniter\CodeIgniter->run()
10 SYSTEMPATH/Commands/Server/rewrite.php(47): require_once('/home/haslam/Documents/developmentTraining/training-php/perpustakaan/public/index.php')
CRITICAL - 2023-10-11 00:57:05 --> Undefined variable $dataError
in APPPATH/Views/RegisterForm.php on line 21.
 1 APPPATH/Views/RegisterForm.php(21): CodeIgniter\Debug\Exceptions->errorHandler()
 2 SYSTEMPATH/View/View.php(226): include('/home/haslam/Documents/developmentTraining/training-php/perpustakaan/app/Views/RegisterForm.php')
 3 SYSTEMPATH/View/View.php(229): CodeIgniter\View\View->CodeIgniter\View\{closure}()
 4 SYSTEMPATH/Common.php(1188): CodeIgniter\View\View->render()
 5 APPPATH/Controllers/User/Register.php(92): view()
 6 SYSTEMPATH/CodeIgniter.php(919): App\Controllers\User\Register->register()
 7 SYSTEMPATH/CodeIgniter.php(494): CodeIgniter\CodeIgniter->runController()
 8 SYSTEMPATH/CodeIgniter.php(353): CodeIgniter\CodeIgniter->handleRequest()
 9 FCPATH/index.php(79): CodeIgniter\CodeIgniter->run()
10 SYSTEMPATH/Commands/Server/rewrite.php(47): require_once('/home/haslam/Documents/developmentTraining/training-php/perpustakaan/public/index.php')
CRITICAL - 2023-10-11 01:13:13 --> Array to string conversion
in APPPATH/Views/RegisterForm.php on line 23.
 1 APPPATH/Views/RegisterForm.php(23): CodeIgniter\Debug\Exceptions->errorHandler()
 2 SYSTEMPATH/View/View.php(226): include('/home/haslam/Documents/developmentTraining/training-php/perpustakaan/app/Views/RegisterForm.php')
 3 SYSTEMPATH/View/View.php(229): CodeIgniter\View\View->CodeIgniter\View\{closure}()
 4 SYSTEMPATH/Common.php(1188): CodeIgniter\View\View->render()
 5 APPPATH/Controllers/User/Register.php(92): view()
 6 SYSTEMPATH/CodeIgniter.php(919): App\Controllers\User\Register->register()
 7 SYSTEMPATH/CodeIgniter.php(494): CodeIgniter\CodeIgniter->runController()
 8 SYSTEMPATH/CodeIgniter.php(353): CodeIgniter\CodeIgniter->handleRequest()
 9 FCPATH/index.php(79): CodeIgniter\CodeIgniter->run()
10 SYSTEMPATH/Commands/Server/rewrite.php(47): require_once('/home/haslam/Documents/developmentTraining/training-php/perpustakaan/public/index.php')
CRITICAL - 2023-10-11 01:15:58 --> syntax error, unexpected identifier "container", expecting "]"
in APPPATH/Views/RegisterForm.php on line 29.
 1 SYSTEMPATH/View/View.php(229): CodeIgniter\View\View->CodeIgniter\View\{closure}()
 2 SYSTEMPATH/Common.php(1188): CodeIgniter\View\View->render()
 3 APPPATH/Controllers/User/Register.php(92): view()
 4 SYSTEMPATH/CodeIgniter.php(919): App\Controllers\User\Register->register()
 5 SYSTEMPATH/CodeIgniter.php(494): CodeIgniter\CodeIgniter->runController()
 6 SYSTEMPATH/CodeIgniter.php(353): CodeIgniter\CodeIgniter->handleRequest()
 7 FCPATH/index.php(79): CodeIgniter\CodeIgniter->run()
 8 SYSTEMPATH/Commands/Server/rewrite.php(47): require_once('/home/haslam/Documents/developmentTraining/training-php/perpustakaan/public/index.php')
CRITICAL - 2023-10-11 04:01:05 --> Invalid file: "RegisterForm.php"
in SYSTEMPATH/Exceptions/FrameworkException.php on line 39.
 1 SYSTEMPATH/View/View.php(214): CodeIgniter\Exceptions\FrameworkException::forInvalidFile()
 2 SYSTEMPATH/Common.php(1188): CodeIgniter\View\View->render()
 3 APPPATH/Controllers/User/UserView.php(14): view()
 4 SYSTEMPATH/CodeIgniter.php(919): App\Controllers\User\UserView->registerform()
 5 SYSTEMPATH/CodeIgniter.php(494): CodeIgniter\CodeIgniter->runController()
 6 SYSTEMPATH/CodeIgniter.php(353): CodeIgniter\CodeIgniter->handleRequest()
 7 FCPATH/index.php(79): CodeIgniter\CodeIgniter->run()
 8 SYSTEMPATH/Commands/Server/rewrite.php(47): require_once('/home/haslam/Documents/developmentTraining/training-php/perpustakaan/public/index.php')
CRITICAL - 2023-10-11 04:13:08 --> Array to string conversion
in APPPATH/Views/user/RegisterForm.php on line 26.
 1 APPPATH/Views/user/RegisterForm.php(26): CodeIgniter\Debug\Exceptions->errorHandler()
 2 SYSTEMPATH/View/View.php(226): include('/home/haslam/Documents/developmentTraining/training-php/perpustakaan/app/Views/user/RegisterForm.php')
 3 SYSTEMPATH/View/View.php(229): CodeIgniter\View\View->CodeIgniter\View\{closure}()
 4 SYSTEMPATH/Common.php(1188): CodeIgniter\View\View->render()
 5 APPPATH/Controllers/User/Register.php(97): view()
 6 SYSTEMPATH/CodeIgniter.php(919): App\Controllers\User\Register->register()
 7 SYSTEMPATH/CodeIgniter.php(494): CodeIgniter\CodeIgniter->runController()
 8 SYSTEMPATH/CodeIgniter.php(353): CodeIgniter\CodeIgniter->handleRequest()
 9 FCPATH/index.php(79): CodeIgniter\CodeIgniter->run()
10 SYSTEMPATH/Commands/Server/rewrite.php(47): require_once('/home/haslam/Documents/developmentTraining/training-php/perpustakaan/public/index.php')
CRITICAL - 2023-10-11 04:13:28 --> Array to string conversion
in APPPATH/Views/user/RegisterForm.php on line 26.
 1 APPPATH/Views/user/RegisterForm.php(26): CodeIgniter\Debug\Exceptions->errorHandler()
 2 SYSTEMPATH/View/View.php(226): include('/home/haslam/Documents/developmentTraining/training-php/perpustakaan/app/Views/user/RegisterForm.php')
 3 SYSTEMPATH/View/View.php(229): CodeIgniter\View\View->CodeIgniter\View\{closure}()
 4 SYSTEMPATH/Common.php(1188): CodeIgniter\View\View->render()
 5 APPPATH/Controllers/User/Register.php(97): view()
 6 SYSTEMPATH/CodeIgniter.php(919): App\Controllers\User\Register->register()
 7 SYSTEMPATH/CodeIgniter.php(494): CodeIgniter\CodeIgniter->runController()
 8 SYSTEMPATH/CodeIgniter.php(353): CodeIgniter\CodeIgniter->handleRequest()
 9 FCPATH/index.php(79): CodeIgniter\CodeIgniter->run()
10 SYSTEMPATH/Commands/Server/rewrite.php(47): require_once('/home/haslam/Documents/developmentTraining/training-php/perpustakaan/public/index.php')
CRITICAL - 2023-10-11 04:23:16 --> join(): Argument #2 ($array) must be of type ?array, string given
in APPPATH/Views/user/RegisterForm.php on line 26.
 1 APPPATH/Views/user/RegisterForm.php(26): join()
 2 SYSTEMPATH/View/View.php(226): include('/home/haslam/Documents/developmentTraining/training-php/perpustakaan/app/Views/user/RegisterForm.php')
 3 SYSTEMPATH/View/View.php(229): CodeIgniter\View\View->CodeIgniter\View\{closure}()
 4 SYSTEMPATH/Common.php(1188): CodeIgniter\View\View->render()
 5 APPPATH/Controllers/User/Register.php(97): view()
 6 SYSTEMPATH/CodeIgniter.php(919): App\Controllers\User\Register->register()
 7 SYSTEMPATH/CodeIgniter.php(494): CodeIgniter\CodeIgniter->runController()
 8 SYSTEMPATH/CodeIgniter.php(353): CodeIgniter\CodeIgniter->handleRequest()
 9 FCPATH/index.php(79): CodeIgniter\CodeIgniter->run()
10 SYSTEMPATH/Commands/Server/rewrite.php(47): require_once('/home/haslam/Documents/developmentTraining/training-php/perpustakaan/public/index.php')
CRITICAL - 2023-10-11 04:28:24 --> Array to string conversion
in APPPATH/Views/user/RegisterForm.php on line 24.
 1 APPPATH/Views/user/RegisterForm.php(24): CodeIgniter\Debug\Exceptions->errorHandler()
 2 SYSTEMPATH/View/View.php(226): include('/home/haslam/Documents/developmentTraining/training-php/perpustakaan/app/Views/user/RegisterForm.php')
 3 SYSTEMPATH/View/View.php(229): CodeIgniter\View\View->CodeIgniter\View\{closure}()
 4 SYSTEMPATH/Common.php(1188): CodeIgniter\View\View->render()
 5 APPPATH/Controllers/User/Register.php(97): view()
 6 SYSTEMPATH/CodeIgniter.php(919): App\Controllers\User\Register->register()
 7 SYSTEMPATH/CodeIgniter.php(494): CodeIgniter\CodeIgniter->runController()
 8 SYSTEMPATH/CodeIgniter.php(353): CodeIgniter\CodeIgniter->handleRequest()
 9 FCPATH/index.php(79): CodeIgniter\CodeIgniter->run()
10 SYSTEMPATH/Commands/Server/rewrite.php(47): require_once('/home/haslam/Documents/developmentTraining/training-php/perpustakaan/public/index.php')
CRITICAL - 2023-10-11 04:38:18 --> Array to string conversion
in APPPATH/Views/user/RegisterForm.php on line 25.
 1 APPPATH/Views/user/RegisterForm.php(25): CodeIgniter\Debug\Exceptions->errorHandler()
 2 SYSTEMPATH/View/View.php(226): include('/home/haslam/Documents/developmentTraining/training-php/perpustakaan/app/Views/user/RegisterForm.php')
 3 SYSTEMPATH/View/View.php(229): CodeIgniter\View\View->CodeIgniter\View\{closure}()
 4 SYSTEMPATH/Common.php(1188): CodeIgniter\View\View->render()
 5 APPPATH/Controllers/User/Register.php(97): view()
 6 SYSTEMPATH/CodeIgniter.php(919): App\Controllers\User\Register->register()
 7 SYSTEMPATH/CodeIgniter.php(494): CodeIgniter\CodeIgniter->runController()
 8 SYSTEMPATH/CodeIgniter.php(353): CodeIgniter\CodeIgniter->handleRequest()
 9 FCPATH/index.php(79): CodeIgniter\CodeIgniter->run()
10 SYSTEMPATH/Commands/Server/rewrite.php(47): require_once('/home/haslam/Documents/developmentTraining/training-php/perpustakaan/public/index.php')
