CRITICAL - 2023-10-09 03:11:37 --> count(): Argument #1 ($value) must be of type Countable|array, null given
in APPPATH/Controllers/User/Register.php on line 75.
 1 APPPATH/Controllers/User/Register.php(75): count()
 2 SYSTEMPATH/CodeIgniter.php(919): App\Controllers\User\Register->register()
 3 SYSTEMPATH/CodeIgniter.php(494): CodeIgniter\CodeIgniter->runController()
 4 SYSTEMPATH/CodeIgniter.php(353): CodeIgniter\CodeIgniter->handleRequest()
 5 FCPATH/index.php(79): CodeIgniter\CodeIgniter->run()
 6 SYSTEMPATH/Commands/Server/rewrite.php(47): require_once('/home/haslam/Documents/developmentTraining/training-php/perpustakaan/public/index.php')
CRITICAL - 2023-10-09 03:19:40 --> Undefined array key 1
in APPPATH/Controllers/User/Register.php on line 83.
 1 APPPATH/Controllers/User/Register.php(83): CodeIgniter\Debug\Exceptions->errorHandler()
 2 SYSTEMPATH/CodeIgniter.php(919): App\Controllers\User\Register->register()
 3 SYSTEMPATH/CodeIgniter.php(494): CodeIgniter\CodeIgniter->runController()
 4 SYSTEMPATH/CodeIgniter.php(353): CodeIgniter\CodeIgniter->handleRequest()
 5 FCPATH/index.php(79): CodeIgniter\CodeIgniter->run()
 6 SYSTEMPATH/Commands/Server/rewrite.php(47): require_once('/home/haslam/Documents/developmentTraining/training-php/perpustakaan/public/index.php')
CRITICAL - 2023-10-09 03:19:50 --> Undefined array key 3
in APPPATH/Controllers/User/Register.php on line 83.
 1 APPPATH/Controllers/User/Register.php(83): CodeIgniter\Debug\Exceptions->errorHandler()
 2 SYSTEMPATH/CodeIgniter.php(919): App\Controllers\User\Register->register()
 3 SYSTEMPATH/CodeIgniter.php(494): CodeIgniter\CodeIgniter->runController()
 4 SYSTEMPATH/CodeIgniter.php(353): CodeIgniter\CodeIgniter->handleRequest()
 5 FCPATH/index.php(79): CodeIgniter\CodeIgniter->run()
 6 SYSTEMPATH/Commands/Server/rewrite.php(47): require_once('/home/haslam/Documents/developmentTraining/training-php/perpustakaan/public/index.php')
CRITICAL - 2023-10-09 03:22:45 --> Undefined array key 0
in APPPATH/Controllers/User/Register.php on line 83.
 1 APPPATH/Controllers/User/Register.php(83): CodeIgniter\Debug\Exceptions->errorHandler()
 2 SYSTEMPATH/CodeIgniter.php(919): App\Controllers\User\Register->register()
 3 SYSTEMPATH/CodeIgniter.php(494): CodeIgniter\CodeIgniter->runController()
 4 SYSTEMPATH/CodeIgniter.php(353): CodeIgniter\CodeIgniter->handleRequest()
 5 FCPATH/index.php(79): CodeIgniter\CodeIgniter->run()
 6 SYSTEMPATH/Commands/Server/rewrite.php(47): require_once('/home/haslam/Documents/developmentTraining/training-php/perpustakaan/public/index.php')
CRITICAL - 2023-10-09 03:38:20 --> Invalid file: "RegisterUser.php"
in SYSTEMPATH/Exceptions/FrameworkException.php on line 39.
 1 SYSTEMPATH/View/View.php(214): CodeIgniter\Exceptions\FrameworkException::forInvalidFile()
 2 SYSTEMPATH/Common.php(1188): CodeIgniter\View\View->render()
 3 APPPATH/Controllers/User/Register.php(84): view()
 4 SYSTEMPATH/CodeIgniter.php(919): App\Controllers\User\Register->register()
 5 SYSTEMPATH/CodeIgniter.php(494): CodeIgniter\CodeIgniter->runController()
 6 SYSTEMPATH/CodeIgniter.php(353): CodeIgniter\CodeIgniter->handleRequest()
 7 FCPATH/index.php(79): CodeIgniter\CodeIgniter->run()
 8 SYSTEMPATH/Commands/Server/rewrite.php(47): require_once('/home/haslam/Documents/developmentTraining/training-php/perpustakaan/public/index.php')
CRITICAL - 2023-10-09 03:38:47 --> syntax error, unexpected token "if"
in APPPATH/Views/RegisterForm.php on line 19.
 1 SYSTEMPATH/View/View.php(229): CodeIgniter\View\View->CodeIgniter\View\{closure}()
 2 SYSTEMPATH/Common.php(1188): CodeIgniter\View\View->render()
 3 APPPATH/Controllers/User/Register.php(84): view()
 4 SYSTEMPATH/CodeIgniter.php(919): App\Controllers\User\Register->register()
 5 SYSTEMPATH/CodeIgniter.php(494): CodeIgniter\CodeIgniter->runController()
 6 SYSTEMPATH/CodeIgniter.php(353): CodeIgniter\CodeIgniter->handleRequest()
 7 FCPATH/index.php(79): CodeIgniter\CodeIgniter->run()
 8 SYSTEMPATH/Commands/Server/rewrite.php(47): require_once('/home/haslam/Documents/developmentTraining/training-php/perpustakaan/public/index.php')
CRITICAL - 2023-10-09 03:41:39 --> syntax error, unexpected token "{"
in APPPATH/Views/RegisterForm.php on line 19.
 1 SYSTEMPATH/View/View.php(229): CodeIgniter\View\View->CodeIgniter\View\{closure}()
 2 SYSTEMPATH/Common.php(1188): CodeIgniter\View\View->render()
 3 APPPATH/Controllers/User/Register.php(84): view()
 4 SYSTEMPATH/CodeIgniter.php(919): App\Controllers\User\Register->register()
 5 SYSTEMPATH/CodeIgniter.php(494): CodeIgniter\CodeIgniter->runController()
 6 SYSTEMPATH/CodeIgniter.php(353): CodeIgniter\CodeIgniter->handleRequest()
 7 FCPATH/index.php(79): CodeIgniter\CodeIgniter->run()
 8 SYSTEMPATH/Commands/Server/rewrite.php(47): require_once('/home/haslam/Documents/developmentTraining/training-php/perpustakaan/public/index.php')
CRITICAL - 2023-10-09 03:59:13 --> Undefined constant "statusError"
in SYSTEMPATH/View/Parser.php(458) : eval()'d code on line 18.
 1 SYSTEMPATH/View/Parser.php(458): eval()
 2 SYSTEMPATH/View/Parser.php(229): CodeIgniter\View\Parser->parseConditionals()
 3 SYSTEMPATH/View/Parser.php(128): CodeIgniter\View\Parser->parse()
 4 APPPATH/Controllers/User/Register.php(84): CodeIgniter\View\Parser->render()
 5 SYSTEMPATH/CodeIgniter.php(919): App\Controllers\User\Register->register()
 6 SYSTEMPATH/CodeIgniter.php(494): CodeIgniter\CodeIgniter->runController()
 7 SYSTEMPATH/CodeIgniter.php(353): CodeIgniter\CodeIgniter->handleRequest()
 8 FCPATH/index.php(79): CodeIgniter\CodeIgniter->run()
 9 SYSTEMPATH/Commands/Server/rewrite.php(47): require_once('/home/haslam/Documents/developmentTraining/training-php/perpustakaan/public/index.php')
CRITICAL - 2023-10-09 03:59:59 --> Undefined constant "statusError"
in SYSTEMPATH/View/Parser.php(458) : eval()'d code on line 18.
 1 SYSTEMPATH/View/Parser.php(458): eval()
 2 SYSTEMPATH/View/Parser.php(229): CodeIgniter\View\Parser->parseConditionals()
 3 SYSTEMPATH/View/Parser.php(128): CodeIgniter\View\Parser->parse()
 4 APPPATH/Controllers/User/Register.php(84): CodeIgniter\View\Parser->render()
 5 SYSTEMPATH/CodeIgniter.php(919): App\Controllers\User\Register->register()
 6 SYSTEMPATH/CodeIgniter.php(494): CodeIgniter\CodeIgniter->runController()
 7 SYSTEMPATH/CodeIgniter.php(353): CodeIgniter\CodeIgniter->handleRequest()
 8 FCPATH/index.php(79): CodeIgniter\CodeIgniter->run()
 9 SYSTEMPATH/Commands/Server/rewrite.php(47): require_once('/home/haslam/Documents/developmentTraining/training-php/perpustakaan/public/index.php')
CRITICAL - 2023-10-09 04:06:35 --> syntax error, unexpected token "endif", expecting end of file
in APPPATH/Views/RegisterForm.php on line 19.
 1 SYSTEMPATH/View/View.php(229): CodeIgniter\View\View->CodeIgniter\View\{closure}()
 2 SYSTEMPATH/Common.php(1188): CodeIgniter\View\View->render()
 3 APPPATH/Controllers/User/Register.php(84): view()
 4 SYSTEMPATH/CodeIgniter.php(919): App\Controllers\User\Register->register()
 5 SYSTEMPATH/CodeIgniter.php(494): CodeIgniter\CodeIgniter->runController()
 6 SYSTEMPATH/CodeIgniter.php(353): CodeIgniter\CodeIgniter->handleRequest()
 7 FCPATH/index.php(79): CodeIgniter\CodeIgniter->run()
 8 SYSTEMPATH/Commands/Server/rewrite.php(47): require_once('/home/haslam/Documents/developmentTraining/training-php/perpustakaan/public/index.php')
CRITICAL - 2023-10-09 04:07:04 --> syntax error, unexpected token "if"
in APPPATH/Views/RegisterForm.php on line 17.
 1 SYSTEMPATH/View/View.php(229): CodeIgniter\View\View->CodeIgniter\View\{closure}()
 2 SYSTEMPATH/Common.php(1188): CodeIgniter\View\View->render()
 3 APPPATH/Controllers/User/Register.php(84): view()
 4 SYSTEMPATH/CodeIgniter.php(919): App\Controllers\User\Register->register()
 5 SYSTEMPATH/CodeIgniter.php(494): CodeIgniter\CodeIgniter->runController()
 6 SYSTEMPATH/CodeIgniter.php(353): CodeIgniter\CodeIgniter->handleRequest()
 7 FCPATH/index.php(79): CodeIgniter\CodeIgniter->run()
 8 SYSTEMPATH/Commands/Server/rewrite.php(47): require_once('/home/haslam/Documents/developmentTraining/training-php/perpustakaan/public/index.php')
CRITICAL - 2023-10-09 04:07:13 --> syntax error, unexpected token "endif"
in APPPATH/Views/RegisterForm.php on line 19.
 1 SYSTEMPATH/View/View.php(229): CodeIgniter\View\View->CodeIgniter\View\{closure}()
 2 SYSTEMPATH/Common.php(1188): CodeIgniter\View\View->render()
 3 APPPATH/Controllers/User/Register.php(84): view()
 4 SYSTEMPATH/CodeIgniter.php(919): App\Controllers\User\Register->register()
 5 SYSTEMPATH/CodeIgniter.php(494): CodeIgniter\CodeIgniter->runController()
 6 SYSTEMPATH/CodeIgniter.php(353): CodeIgniter\CodeIgniter->handleRequest()
 7 FCPATH/index.php(79): CodeIgniter\CodeIgniter->run()
 8 SYSTEMPATH/Commands/Server/rewrite.php(47): require_once('/home/haslam/Documents/developmentTraining/training-php/perpustakaan/public/index.php')
CRITICAL - 2023-10-09 04:08:25 --> syntax error, unexpected token "endif", expecting end of file
in APPPATH/Views/RegisterForm.php on line 19.
 1 SYSTEMPATH/View/View.php(229): CodeIgniter\View\View->CodeIgniter\View\{closure}()
 2 SYSTEMPATH/Common.php(1188): CodeIgniter\View\View->render()
 3 APPPATH/Controllers/User/Register.php(84): view()
 4 SYSTEMPATH/CodeIgniter.php(919): App\Controllers\User\Register->register()
 5 SYSTEMPATH/CodeIgniter.php(494): CodeIgniter\CodeIgniter->runController()
 6 SYSTEMPATH/CodeIgniter.php(353): CodeIgniter\CodeIgniter->handleRequest()
 7 FCPATH/index.php(79): CodeIgniter\CodeIgniter->run()
 8 SYSTEMPATH/Commands/Server/rewrite.php(47): require_once('/home/haslam/Documents/developmentTraining/training-php/perpustakaan/public/index.php')
CRITICAL - 2023-10-09 04:20:04 --> Undefined variable $statusError
in APPPATH/Views/RegisterForm.php on line 18.
 1 APPPATH/Views/RegisterForm.php(18): CodeIgniter\Debug\Exceptions->errorHandler()
 2 SYSTEMPATH/View/View.php(226): include('/home/haslam/Documents/developmentTraining/training-php/perpustakaan/app/Views/RegisterForm.php')
 3 SYSTEMPATH/View/View.php(229): CodeIgniter\View\View->CodeIgniter\View\{closure}()
 4 SYSTEMPATH/Common.php(1188): CodeIgniter\View\View->render()
 5 APPPATH/Controllers/User/UserView.php(14): view()
 6 SYSTEMPATH/CodeIgniter.php(919): App\Controllers\User\UserView->registerform()
 7 SYSTEMPATH/CodeIgniter.php(494): CodeIgniter\CodeIgniter->runController()
 8 SYSTEMPATH/CodeIgniter.php(353): CodeIgniter\CodeIgniter->handleRequest()
 9 FCPATH/index.php(79): CodeIgniter\CodeIgniter->run()
10 SYSTEMPATH/Commands/Server/rewrite.php(47): require_once('/home/haslam/Documents/developmentTraining/training-php/perpustakaan/public/index.php')
CRITICAL - 2023-10-09 05:00:26 --> Undefined constant "n"
in APPPATH/Views/RegisterForm.php on line 23.
 1 SYSTEMPATH/View/View.php(226): include()
 2 SYSTEMPATH/View/View.php(229): CodeIgniter\View\View->CodeIgniter\View\{closure}()
 3 SYSTEMPATH/Common.php(1188): CodeIgniter\View\View->render()
 4 APPPATH/Controllers/User/Register.php(84): view()
 5 SYSTEMPATH/CodeIgniter.php(919): App\Controllers\User\Register->register()
 6 SYSTEMPATH/CodeIgniter.php(494): CodeIgniter\CodeIgniter->runController()
 7 SYSTEMPATH/CodeIgniter.php(353): CodeIgniter\CodeIgniter->handleRequest()
 8 FCPATH/index.php(79): CodeIgniter\CodeIgniter->run()
 9 SYSTEMPATH/Commands/Server/rewrite.php(47): require_once('/home/haslam/Documents/developmentTraining/training-php/perpustakaan/public/index.php')
CRITICAL - 2023-10-09 05:08:47 --> Undefined variable $dataParser
in APPPATH/Views/RegisterForm.php on line 24.
 1 APPPATH/Views/RegisterForm.php(24): CodeIgniter\Debug\Exceptions->errorHandler()
 2 SYSTEMPATH/View/View.php(226): include('/home/haslam/Documents/developmentTraining/training-php/perpustakaan/app/Views/RegisterForm.php')
 3 SYSTEMPATH/View/View.php(229): CodeIgniter\View\View->CodeIgniter\View\{closure}()
 4 SYSTEMPATH/Common.php(1188): CodeIgniter\View\View->render()
 5 APPPATH/Controllers/User/Register.php(86): view()
 6 SYSTEMPATH/CodeIgniter.php(919): App\Controllers\User\Register->register()
 7 SYSTEMPATH/CodeIgniter.php(494): CodeIgniter\CodeIgniter->runController()
 8 SYSTEMPATH/CodeIgniter.php(353): CodeIgniter\CodeIgniter->handleRequest()
 9 FCPATH/index.php(79): CodeIgniter\CodeIgniter->run()
10 SYSTEMPATH/Commands/Server/rewrite.php(47): require_once('/home/haslam/Documents/developmentTraining/training-php/perpustakaan/public/index.php')
CRITICAL - 2023-10-09 05:09:24 --> Array to string conversion
in APPPATH/Views/RegisterForm.php on line 24.
 1 APPPATH/Views/RegisterForm.php(24): CodeIgniter\Debug\Exceptions->errorHandler()
 2 SYSTEMPATH/View/View.php(226): include('/home/haslam/Documents/developmentTraining/training-php/perpustakaan/app/Views/RegisterForm.php')
 3 SYSTEMPATH/View/View.php(229): CodeIgniter\View\View->CodeIgniter\View\{closure}()
 4 SYSTEMPATH/Common.php(1188): CodeIgniter\View\View->render()
 5 APPPATH/Controllers/User/Register.php(86): view()
 6 SYSTEMPATH/CodeIgniter.php(919): App\Controllers\User\Register->register()
 7 SYSTEMPATH/CodeIgniter.php(494): CodeIgniter\CodeIgniter->runController()
 8 SYSTEMPATH/CodeIgniter.php(353): CodeIgniter\CodeIgniter->handleRequest()
 9 FCPATH/index.php(79): CodeIgniter\CodeIgniter->run()
10 SYSTEMPATH/Commands/Server/rewrite.php(47): require_once('/home/haslam/Documents/developmentTraining/training-php/perpustakaan/public/index.php')
CRITICAL - 2023-10-09 05:12:38 --> syntax error, unexpected integer "0", expecting variable or "{" or "$"
in APPPATH/Views/RegisterForm.php on line 24.
 1 SYSTEMPATH/View/View.php(229): CodeIgniter\View\View->CodeIgniter\View\{closure}()
 2 SYSTEMPATH/Common.php(1188): CodeIgniter\View\View->render()
 3 APPPATH/Controllers/User/Register.php(86): view()
 4 SYSTEMPATH/CodeIgniter.php(919): App\Controllers\User\Register->register()
 5 SYSTEMPATH/CodeIgniter.php(494): CodeIgniter\CodeIgniter->runController()
 6 SYSTEMPATH/CodeIgniter.php(353): CodeIgniter\CodeIgniter->handleRequest()
 7 FCPATH/index.php(79): CodeIgniter\CodeIgniter->run()
 8 SYSTEMPATH/Commands/Server/rewrite.php(47): require_once('/home/haslam/Documents/developmentTraining/training-php/perpustakaan/public/index.php')
CRITICAL - 2023-10-09 05:16:13 --> Undefined array key 0
in APPPATH/Controllers/User/Register.php on line 80.
 1 APPPATH/Controllers/User/Register.php(80): CodeIgniter\Debug\Exceptions->errorHandler()
 2 SYSTEMPATH/CodeIgniter.php(919): App\Controllers\User\Register->register()
 3 SYSTEMPATH/CodeIgniter.php(494): CodeIgniter\CodeIgniter->runController()
 4 SYSTEMPATH/CodeIgniter.php(353): CodeIgniter\CodeIgniter->handleRequest()
 5 FCPATH/index.php(79): CodeIgniter\CodeIgniter->run()
 6 SYSTEMPATH/Commands/Server/rewrite.php(47): require_once('/home/haslam/Documents/developmentTraining/training-php/perpustakaan/public/index.php')
CRITICAL - 2023-10-09 05:54:00 --> The framework needs the following extension(s) installed and loaded: "IMAGICK".
in SYSTEMPATH/Exceptions/FrameworkException.php on line 74.
 1 SYSTEMPATH/Images/Handlers/ImageMagickHandler.php(46): CodeIgniter\Exceptions\FrameworkException::forMissingExtension()
 2 SYSTEMPATH/Config/Services.php(346): CodeIgniter\Images\Handlers\ImageMagickHandler->__construct()
 3 SYSTEMPATH/Config/BaseService.php(258): CodeIgniter\Config\Services::image()
 4 SYSTEMPATH/Config/BaseService.php(199): CodeIgniter\Config\BaseService::__callStatic()
 5 SYSTEMPATH/Config/Services.php(337): CodeIgniter\Config\BaseService::getSharedInstance()
 6 SYSTEMPATH/Config/BaseService.php(258): CodeIgniter\Config\Services::image()
 7 APPPATH/Controllers/User/Register.php(65): CodeIgniter\Config\BaseService::__callStatic()
 8 SYSTEMPATH/CodeIgniter.php(919): App\Controllers\User\Register->register()
 9 SYSTEMPATH/CodeIgniter.php(494): CodeIgniter\CodeIgniter->runController()
10 SYSTEMPATH/CodeIgniter.php(353): CodeIgniter\CodeIgniter->handleRequest()
11 FCPATH/index.php(79): CodeIgniter\CodeIgniter->run()
12 SYSTEMPATH/Commands/Server/rewrite.php(47): require_once('/home/haslam/Documents/developmentTraining/training-php/perpustakaan/public/index.php')
CRITICAL - 2023-10-09 05:54:16 --> The framework needs the following extension(s) installed and loaded: "GD".
in SYSTEMPATH/Exceptions/FrameworkException.php on line 74.
 1 SYSTEMPATH/Images/Handlers/GDHandler.php(34): CodeIgniter\Exceptions\FrameworkException::forMissingExtension()
 2 SYSTEMPATH/Config/Services.php(346): CodeIgniter\Images\Handlers\GDHandler->__construct()
 3 SYSTEMPATH/Config/BaseService.php(258): CodeIgniter\Config\Services::image()
 4 SYSTEMPATH/Config/BaseService.php(199): CodeIgniter\Config\BaseService::__callStatic()
 5 SYSTEMPATH/Config/Services.php(337): CodeIgniter\Config\BaseService::getSharedInstance()
 6 SYSTEMPATH/Config/BaseService.php(258): CodeIgniter\Config\Services::image()
 7 APPPATH/Controllers/User/Register.php(65): CodeIgniter\Config\BaseService::__callStatic()
 8 SYSTEMPATH/CodeIgniter.php(919): App\Controllers\User\Register->register()
 9 SYSTEMPATH/CodeIgniter.php(494): CodeIgniter\CodeIgniter->runController()
10 SYSTEMPATH/CodeIgniter.php(353): CodeIgniter\CodeIgniter->handleRequest()
11 FCPATH/index.php(79): CodeIgniter\CodeIgniter->run()
12 SYSTEMPATH/Commands/Server/rewrite.php(47): require_once('/home/haslam/Documents/developmentTraining/training-php/perpustakaan/public/index.php')
CRITICAL - 2023-10-09 05:54:54 --> The framework needs the following extension(s) installed and loaded: "IMAGICK".
in SYSTEMPATH/Exceptions/FrameworkException.php on line 74.
 1 SYSTEMPATH/Images/Handlers/ImageMagickHandler.php(46): CodeIgniter\Exceptions\FrameworkException::forMissingExtension()
 2 SYSTEMPATH/Config/Services.php(346): CodeIgniter\Images\Handlers\ImageMagickHandler->__construct()
 3 SYSTEMPATH/Config/BaseService.php(258): CodeIgniter\Config\Services::image()
 4 SYSTEMPATH/Config/BaseService.php(199): CodeIgniter\Config\BaseService::__callStatic()
 5 SYSTEMPATH/Config/Services.php(337): CodeIgniter\Config\BaseService::getSharedInstance()
 6 SYSTEMPATH/Config/BaseService.php(258): CodeIgniter\Config\Services::image()
 7 APPPATH/Controllers/User/Register.php(65): CodeIgniter\Config\BaseService::__callStatic()
 8 SYSTEMPATH/CodeIgniter.php(919): App\Controllers\User\Register->register()
 9 SYSTEMPATH/CodeIgniter.php(494): CodeIgniter\CodeIgniter->runController()
10 SYSTEMPATH/CodeIgniter.php(353): CodeIgniter\CodeIgniter->handleRequest()
11 FCPATH/index.php(79): CodeIgniter\CodeIgniter->run()
12 SYSTEMPATH/Commands/Server/rewrite.php(47): require_once('/home/haslam/Documents/developmentTraining/training-php/perpustakaan/public/index.php')
CRITICAL - 2023-10-09 11:18:05 --> Undefined variable $statusError
in APPPATH/Views/RegisterForm.php on line 18.
 1 APPPATH/Views/RegisterForm.php(18): CodeIgniter\Debug\Exceptions->errorHandler()
 2 SYSTEMPATH/View/View.php(226): include('/home/haslam/Documents/developmentTraining/training-php/perpustakaan/app/Views/RegisterForm.php')
 3 SYSTEMPATH/View/View.php(229): CodeIgniter\View\View->CodeIgniter\View\{closure}()
 4 SYSTEMPATH/Common.php(1188): CodeIgniter\View\View->render()
 5 APPPATH/Controllers/User/UserView.php(14): view()
 6 SYSTEMPATH/CodeIgniter.php(919): App\Controllers\User\UserView->registerform()
 7 SYSTEMPATH/CodeIgniter.php(494): CodeIgniter\CodeIgniter->runController()
 8 SYSTEMPATH/CodeIgniter.php(353): CodeIgniter\CodeIgniter->handleRequest()
 9 FCPATH/index.php(79): CodeIgniter\CodeIgniter->run()
10 SYSTEMPATH/Commands/Server/rewrite.php(47): require_once('/home/haslam/Documents/developmentTraining/training-php/perpustakaan/public/index.php')
CRITICAL - 2023-10-09 11:18:53 --> The framework needs the following extension(s) installed and loaded: "IMAGICK".
in SYSTEMPATH/Exceptions/FrameworkException.php on line 74.
 1 SYSTEMPATH/Images/Handlers/ImageMagickHandler.php(46): CodeIgniter\Exceptions\FrameworkException::forMissingExtension()
 2 SYSTEMPATH/Config/Services.php(346): CodeIgniter\Images\Handlers\ImageMagickHandler->__construct()
 3 SYSTEMPATH/Config/BaseService.php(258): CodeIgniter\Config\Services::image()
 4 SYSTEMPATH/Config/BaseService.php(199): CodeIgniter\Config\BaseService::__callStatic()
 5 SYSTEMPATH/Config/Services.php(337): CodeIgniter\Config\BaseService::getSharedInstance()
 6 SYSTEMPATH/Config/BaseService.php(258): CodeIgniter\Config\Services::image()
 7 APPPATH/Controllers/User/Register.php(65): CodeIgniter\Config\BaseService::__callStatic()
 8 SYSTEMPATH/CodeIgniter.php(919): App\Controllers\User\Register->register()
 9 SYSTEMPATH/CodeIgniter.php(494): CodeIgniter\CodeIgniter->runController()
10 SYSTEMPATH/CodeIgniter.php(353): CodeIgniter\CodeIgniter->handleRequest()
11 FCPATH/index.php(79): CodeIgniter\CodeIgniter->run()
12 SYSTEMPATH/Commands/Server/rewrite.php(47): require_once('/home/haslam/Documents/developmentTraining/training-php/perpustakaan/public/index.php')
CRITICAL - 2023-10-09 11:21:06 --> The framework needs the following extension(s) installed and loaded: "GD".
in SYSTEMPATH/Exceptions/FrameworkException.php on line 74.
 1 SYSTEMPATH/Images/Handlers/GDHandler.php(34): CodeIgniter\Exceptions\FrameworkException::forMissingExtension()
 2 SYSTEMPATH/Config/Services.php(346): CodeIgniter\Images\Handlers\GDHandler->__construct()
 3 SYSTEMPATH/Config/BaseService.php(258): CodeIgniter\Config\Services::image()
 4 SYSTEMPATH/Config/BaseService.php(199): CodeIgniter\Config\BaseService::__callStatic()
 5 SYSTEMPATH/Config/Services.php(337): CodeIgniter\Config\BaseService::getSharedInstance()
 6 SYSTEMPATH/Config/BaseService.php(258): CodeIgniter\Config\Services::image()
 7 APPPATH/Controllers/User/Register.php(65): CodeIgniter\Config\BaseService::__callStatic()
 8 SYSTEMPATH/CodeIgniter.php(919): App\Controllers\User\Register->register()
 9 SYSTEMPATH/CodeIgniter.php(494): CodeIgniter\CodeIgniter->runController()
10 SYSTEMPATH/CodeIgniter.php(353): CodeIgniter\CodeIgniter->handleRequest()
11 FCPATH/index.php(79): CodeIgniter\CodeIgniter->run()
12 SYSTEMPATH/Commands/Server/rewrite.php(47): require_once('/home/haslam/Documents/developmentTraining/training-php/perpustakaan/public/index.php')
CRITICAL - 2023-10-09 11:29:09 --> The framework needs the following extension(s) installed and loaded: "IMAGICK".
in SYSTEMPATH/Exceptions/FrameworkException.php on line 74.
 1 SYSTEMPATH/Images/Handlers/ImageMagickHandler.php(46): CodeIgniter\Exceptions\FrameworkException::forMissingExtension()
 2 SYSTEMPATH/Config/Services.php(346): CodeIgniter\Images\Handlers\ImageMagickHandler->__construct()
 3 SYSTEMPATH/Config/BaseService.php(258): CodeIgniter\Config\Services::image()
 4 SYSTEMPATH/Config/BaseService.php(199): CodeIgniter\Config\BaseService::__callStatic()
 5 SYSTEMPATH/Config/Services.php(337): CodeIgniter\Config\BaseService::getSharedInstance()
 6 SYSTEMPATH/Config/BaseService.php(258): CodeIgniter\Config\Services::image()
 7 APPPATH/Controllers/User/Register.php(65): CodeIgniter\Config\BaseService::__callStatic()
 8 SYSTEMPATH/CodeIgniter.php(919): App\Controllers\User\Register->register()
 9 SYSTEMPATH/CodeIgniter.php(494): CodeIgniter\CodeIgniter->runController()
10 SYSTEMPATH/CodeIgniter.php(353): CodeIgniter\CodeIgniter->handleRequest()
11 FCPATH/index.php(79): CodeIgniter\CodeIgniter->run()
12 SYSTEMPATH/Commands/Server/rewrite.php(47): require_once('/home/haslam/Documents/developmentTraining/training-php/perpustakaan/public/index.php')
CRITICAL - 2023-10-09 11:39:03 --> File not found: "oh-my-patt.png"
in SYSTEMPATH/Files/File.php on line 47.
 1 SYSTEMPATH/Files/File.php(47): CodeIgniter\Files\Exceptions\FileNotFoundException::forFileNotFound()
 2 SYSTEMPATH/Images/Handlers/BaseHandler.php(148): CodeIgniter\Files\File->__construct()
 3 APPPATH/Controllers/User/Register.php(68): CodeIgniter\Images\Handlers\BaseHandler->withFile()
 4 SYSTEMPATH/CodeIgniter.php(919): App\Controllers\User\Register->register()
 5 SYSTEMPATH/CodeIgniter.php(494): CodeIgniter\CodeIgniter->runController()
 6 SYSTEMPATH/CodeIgniter.php(353): CodeIgniter\CodeIgniter->handleRequest()
 7 FCPATH/index.php(79): CodeIgniter\CodeIgniter->run()
 8 SYSTEMPATH/Commands/Server/rewrite.php(47): require_once('/home/haslam/Documents/developmentTraining/training-php/perpustakaan/public/index.php')
CRITICAL - 2023-10-09 11:41:33 --> CodeIgniter\Images\Handlers\BaseHandler::withFile(): Argument #1 ($path) must be of type string, null given, called in /home/haslam/Documents/developmentTraining/training-php/perpustakaan/app/Controllers/User/Register.php on line 68
in SYSTEMPATH/Images/Handlers/BaseHandler.php on line 141.
 1 APPPATH/Controllers/User/Register.php(68): CodeIgniter\Images\Handlers\BaseHandler->withFile()
 2 SYSTEMPATH/CodeIgniter.php(919): App\Controllers\User\Register->register()
 3 SYSTEMPATH/CodeIgniter.php(494): CodeIgniter\CodeIgniter->runController()
 4 SYSTEMPATH/CodeIgniter.php(353): CodeIgniter\CodeIgniter->handleRequest()
 5 FCPATH/index.php(79): CodeIgniter\CodeIgniter->run()
 6 SYSTEMPATH/Commands/Server/rewrite.php(47): require_once('/home/haslam/Documents/developmentTraining/training-php/perpustakaan/public/index.php')
CRITICAL - 2023-10-09 11:45:08 --> Call to a member function store() on null
in APPPATH/Controllers/User/Register.php on line 65.
 1 SYSTEMPATH/CodeIgniter.php(919): App\Controllers\User\Register->register()
 2 SYSTEMPATH/CodeIgniter.php(494): CodeIgniter\CodeIgniter->runController()
 3 SYSTEMPATH/CodeIgniter.php(353): CodeIgniter\CodeIgniter->handleRequest()
 4 FCPATH/index.php(79): CodeIgniter\CodeIgniter->run()
 5 SYSTEMPATH/Commands/Server/rewrite.php(47): require_once('/home/haslam/Documents/developmentTraining/training-php/perpustakaan/public/index.php')
CRITICAL - 2023-10-09 11:45:50 --> Call to a member function store() on null
in APPPATH/Controllers/User/Register.php on line 65.
 1 SYSTEMPATH/CodeIgniter.php(919): App\Controllers\User\Register->register()
 2 SYSTEMPATH/CodeIgniter.php(494): CodeIgniter\CodeIgniter->runController()
 3 SYSTEMPATH/CodeIgniter.php(353): CodeIgniter\CodeIgniter->handleRequest()
 4 FCPATH/index.php(79): CodeIgniter\CodeIgniter->run()
 5 SYSTEMPATH/Commands/Server/rewrite.php(47): require_once('/home/haslam/Documents/developmentTraining/training-php/perpustakaan/public/index.php')
CRITICAL - 2023-10-09 11:46:26 --> Call to a member function store() on null
in APPPATH/Controllers/User/Register.php on line 65.
 1 SYSTEMPATH/CodeIgniter.php(919): App\Controllers\User\Register->register()
 2 SYSTEMPATH/CodeIgniter.php(494): CodeIgniter\CodeIgniter->runController()
 3 SYSTEMPATH/CodeIgniter.php(353): CodeIgniter\CodeIgniter->handleRequest()
 4 FCPATH/index.php(79): CodeIgniter\CodeIgniter->run()
 5 SYSTEMPATH/Commands/Server/rewrite.php(47): require_once('/home/haslam/Documents/developmentTraining/training-php/perpustakaan/public/index.php')
CRITICAL - 2023-10-09 11:48:26 --> Call to a member function store() on null
in APPPATH/Controllers/User/Register.php on line 65.
 1 SYSTEMPATH/CodeIgniter.php(919): App\Controllers\User\Register->register()
 2 SYSTEMPATH/CodeIgniter.php(494): CodeIgniter\CodeIgniter->runController()
 3 SYSTEMPATH/CodeIgniter.php(353): CodeIgniter\CodeIgniter->handleRequest()
 4 FCPATH/index.php(79): CodeIgniter\CodeIgniter->run()
 5 SYSTEMPATH/Commands/Server/rewrite.php(47): require_once('/home/haslam/Documents/developmentTraining/training-php/perpustakaan/public/index.php')
CRITICAL - 2023-10-09 12:22:30 --> Call to a member function store() on null
in APPPATH/Controllers/User/Register.php on line 65.
 1 SYSTEMPATH/CodeIgniter.php(919): App\Controllers\User\Register->register()
 2 SYSTEMPATH/CodeIgniter.php(494): CodeIgniter\CodeIgniter->runController()
 3 SYSTEMPATH/CodeIgniter.php(353): CodeIgniter\CodeIgniter->handleRequest()
 4 FCPATH/index.php(79): CodeIgniter\CodeIgniter->run()
 5 SYSTEMPATH/Commands/Server/rewrite.php(47): require_once('/home/haslam/Documents/developmentTraining/training-php/perpustakaan/public/index.php')
CRITICAL - 2023-10-09 12:24:37 --> Call to a member function store() on null
in APPPATH/Controllers/User/Register.php on line 65.
 1 SYSTEMPATH/CodeIgniter.php(919): App\Controllers\User\Register->register()
 2 SYSTEMPATH/CodeIgniter.php(494): CodeIgniter\CodeIgniter->runController()
 3 SYSTEMPATH/CodeIgniter.php(353): CodeIgniter\CodeIgniter->handleRequest()
 4 FCPATH/index.php(79): CodeIgniter\CodeIgniter->run()
 5 SYSTEMPATH/Commands/Server/rewrite.php(47): require_once('/home/haslam/Documents/developmentTraining/training-php/perpustakaan/public/index.php')
CRITICAL - 2023-10-09 12:26:42 --> CodeIgniter\Images\Handlers\BaseHandler::withFile(): Argument #1 ($path) must be of type string, null given, called in /home/haslam/Documents/developmentTraining/training-php/perpustakaan/app/Controllers/User/Register.php on line 71
in SYSTEMPATH/Images/Handlers/BaseHandler.php on line 141.
 1 APPPATH/Controllers/User/Register.php(71): CodeIgniter\Images\Handlers\BaseHandler->withFile()
 2 SYSTEMPATH/CodeIgniter.php(919): App\Controllers\User\Register->register()
 3 SYSTEMPATH/CodeIgniter.php(494): CodeIgniter\CodeIgniter->runController()
 4 SYSTEMPATH/CodeIgniter.php(353): CodeIgniter\CodeIgniter->handleRequest()
 5 FCPATH/index.php(79): CodeIgniter\CodeIgniter->run()
 6 SYSTEMPATH/Commands/Server/rewrite.php(47): require_once('/home/haslam/Documents/developmentTraining/training-php/perpustakaan/public/index.php')
CRITICAL - 2023-10-09 12:45:36 --> Call to a member function store() on null
in APPPATH/Controllers/User/Register.php on line 65.
 1 SYSTEMPATH/CodeIgniter.php(919): App\Controllers\User\Register->register()
 2 SYSTEMPATH/CodeIgniter.php(494): CodeIgniter\CodeIgniter->runController()
 3 SYSTEMPATH/CodeIgniter.php(353): CodeIgniter\CodeIgniter->handleRequest()
 4 FCPATH/index.php(79): CodeIgniter\CodeIgniter->run()
 5 SYSTEMPATH/Commands/Server/rewrite.php(47): require_once('/home/haslam/Documents/developmentTraining/training-php/perpustakaan/public/index.php')
CRITICAL - 2023-10-09 13:18:07 --> Image processing failed. Please verify that your server supports the chosen protocol and that the path to your image library is correct.
in SYSTEMPATH/Images/Handlers/ImageMagickHandler.php on line 212.
 1 SYSTEMPATH/Images/Handlers/ImageMagickHandler.php(212): CodeIgniter\Images\Exceptions\ImageException::forImageProcessFailed()
 2 SYSTEMPATH/Images/Handlers/ImageMagickHandler.php(96): CodeIgniter\Images\Handlers\ImageMagickHandler->process()
 3 SYSTEMPATH/Images/Handlers/BaseHandler.php(283): CodeIgniter\Images\Handlers\ImageMagickHandler->_crop()
 4 SYSTEMPATH/Images/Handlers/BaseHandler.php(567): CodeIgniter\Images\Handlers\BaseHandler->crop()
 5 APPPATH/Controllers/User/Register.php(72): CodeIgniter\Images\Handlers\BaseHandler->fit()
 6 SYSTEMPATH/CodeIgniter.php(919): App\Controllers\User\Register->register()
 7 SYSTEMPATH/CodeIgniter.php(494): CodeIgniter\CodeIgniter->runController()
 8 SYSTEMPATH/CodeIgniter.php(353): CodeIgniter\CodeIgniter->handleRequest()
 9 FCPATH/index.php(79): CodeIgniter\CodeIgniter->run()
10 SYSTEMPATH/Commands/Server/rewrite.php(47): require_once('/home/haslam/Documents/developmentTraining/training-php/perpustakaan/public/index.php')
CRITICAL - 2023-10-09 13:19:28 --> File not found: "/tmp/phptemXM7"
in SYSTEMPATH/Files/File.php on line 47.
 1 SYSTEMPATH/Files/File.php(47): CodeIgniter\Files\Exceptions\FileNotFoundException::forFileNotFound()
 2 SYSTEMPATH/Images/Handlers/BaseHandler.php(148): CodeIgniter\Files\File->__construct()
 3 APPPATH/Controllers/User/Register.php(71): CodeIgniter\Images\Handlers\BaseHandler->withFile()
 4 SYSTEMPATH/CodeIgniter.php(919): App\Controllers\User\Register->register()
 5 SYSTEMPATH/CodeIgniter.php(494): CodeIgniter\CodeIgniter->runController()
 6 SYSTEMPATH/CodeIgniter.php(353): CodeIgniter\CodeIgniter->handleRequest()
 7 FCPATH/index.php(79): CodeIgniter\CodeIgniter->run()
 8 SYSTEMPATH/Commands/Server/rewrite.php(47): require_once('/home/haslam/Documents/developmentTraining/training-php/perpustakaan/public/index.php')
CRITICAL - 2023-10-09 13:21:54 --> File not found: "upl/coba,jpg"
in SYSTEMPATH/Files/File.php on line 47.
 1 SYSTEMPATH/Files/File.php(47): CodeIgniter\Files\Exceptions\FileNotFoundException::forFileNotFound()
 2 SYSTEMPATH/Images/Handlers/BaseHandler.php(148): CodeIgniter\Files\File->__construct()
 3 APPPATH/Controllers/User/Register.php(71): CodeIgniter\Images\Handlers\BaseHandler->withFile()
 4 SYSTEMPATH/CodeIgniter.php(919): App\Controllers\User\Register->register()
 5 SYSTEMPATH/CodeIgniter.php(494): CodeIgniter\CodeIgniter->runController()
 6 SYSTEMPATH/CodeIgniter.php(353): CodeIgniter\CodeIgniter->handleRequest()
 7 FCPATH/index.php(79): CodeIgniter\CodeIgniter->run()
 8 SYSTEMPATH/Commands/Server/rewrite.php(47): require_once('/home/haslam/Documents/developmentTraining/training-php/perpustakaan/public/index.php')
CRITICAL - 2023-10-09 13:22:44 --> Image processing failed. Please verify that your server supports the chosen protocol and that the path to your image library is correct.
in SYSTEMPATH/Images/Handlers/ImageMagickHandler.php on line 212.
 1 SYSTEMPATH/Images/Handlers/ImageMagickHandler.php(212): CodeIgniter\Images\Exceptions\ImageException::forImageProcessFailed()
 2 SYSTEMPATH/Images/Handlers/ImageMagickHandler.php(96): CodeIgniter\Images\Handlers\ImageMagickHandler->process()
 3 SYSTEMPATH/Images/Handlers/BaseHandler.php(283): CodeIgniter\Images\Handlers\ImageMagickHandler->_crop()
 4 SYSTEMPATH/Images/Handlers/BaseHandler.php(567): CodeIgniter\Images\Handlers\BaseHandler->crop()
 5 APPPATH/Controllers/User/Register.php(72): CodeIgniter\Images\Handlers\BaseHandler->fit()
 6 SYSTEMPATH/CodeIgniter.php(919): App\Controllers\User\Register->register()
 7 SYSTEMPATH/CodeIgniter.php(494): CodeIgniter\CodeIgniter->runController()
 8 SYSTEMPATH/CodeIgniter.php(353): CodeIgniter\CodeIgniter->handleRequest()
 9 FCPATH/index.php(79): CodeIgniter\CodeIgniter->run()
10 SYSTEMPATH/Commands/Server/rewrite.php(47): require_once('/home/haslam/Documents/developmentTraining/training-php/perpustakaan/public/index.php')
