ERROR - 2023-10-02 06:59:52 --> mysqli_sql_exception: Duplicate entry 'yummy@gmail.com' for key 'user.email' in /home/haslam/Documents/developmentTraining/training-php/perpustakaan/system/Database/MySQLi/Connection.php:306
Stack trace:
#0 /home/haslam/Documents/developmentTraining/training-php/perpustakaan/system/Database/MySQLi/Connection.php(306): mysqli->query()
#1 /home/haslam/Documents/developmentTraining/training-php/perpustakaan/system/Database/BaseConnection.php(692): CodeIgniter\Database\MySQLi\Connection->execute()
#2 /home/haslam/Documents/developmentTraining/training-php/perpustakaan/system/Database/BaseConnection.php(606): CodeIgniter\Database\BaseConnection->simpleQuery()
#3 /home/haslam/Documents/developmentTraining/training-php/perpustakaan/system/Database/BaseBuilder.php(2308): CodeIgniter\Database\BaseConnection->query()
#4 /home/haslam/Documents/developmentTraining/training-php/perpustakaan/system/Model.php(319): CodeIgniter\Database\BaseBuilder->insert()
#5 /home/haslam/Documents/developmentTraining/training-php/perpustakaan/system/BaseModel.php(788): CodeIgniter\Model->doInsert()
#6 /home/haslam/Documents/developmentTraining/training-php/perpustakaan/system/Model.php(715): CodeIgniter\BaseModel->insert()
#7 /home/haslam/Documents/developmentTraining/training-php/perpustakaan/app/Models/UserModel.php(87): CodeIgniter\Model->insert()
#8 /home/haslam/Documents/developmentTraining/training-php/perpustakaan/tests/ModelTest/UserModelTest.php(44): App\Models\UserModel->insertData()
#9 /home/haslam/Documents/developmentTraining/training-php/perpustakaan/vendor/phpunit/phpunit/src/Framework/TestCase.php(1102): ModelTest\UserModelTest->testInsertData()
#10 /home/haslam/Documents/developmentTraining/training-php/perpustakaan/vendor/phpunit/phpunit/src/Framework/TestCase.php(653): PHPUnit\Framework\TestCase->runTest()
#11 /home/haslam/Documents/developmentTraining/training-php/perpustakaan/vendor/phpunit/phpunit/src/Framework/TestRunner.php(103): PHPUnit\Framework\TestCase->runBare()
#12 /home/haslam/Documents/developmentTraining/training-php/perpustakaan/vendor/phpunit/phpunit/src/Framework/TestCase.php(489): PHPUnit\Framework\TestRunner->run()
#13 /home/haslam/Documents/developmentTraining/training-php/perpustakaan/vendor/phpunit/phpunit/src/Framework/TestSuite.php(340): PHPUnit\Framework\TestCase->run()
#14 /home/haslam/Documents/developmentTraining/training-php/perpustakaan/vendor/phpunit/phpunit/src/Framework/TestSuite.php(340): PHPUnit\Framework\TestSuite->run()
#15 /home/haslam/Documents/developmentTraining/training-php/perpustakaan/vendor/phpunit/phpunit/src/TextUI/TestRunner.php(63): PHPUnit\Framework\TestSuite->run()
#16 /home/haslam/Documents/developmentTraining/training-php/perpustakaan/vendor/phpunit/phpunit/src/TextUI/Application.php(177): PHPUnit\TextUI\TestRunner->run()
#17 /home/haslam/Documents/developmentTraining/training-php/perpustakaan/vendor/phpunit/phpunit/phpunit(99): PHPUnit\TextUI\Application->run()
#18 {main}
ERROR - 2023-10-02 07:05:58 --> mysqli_sql_exception: Duplicate entry 'yummy@gmail.com' for key 'user.email' in /home/haslam/Documents/developmentTraining/training-php/perpustakaan/system/Database/MySQLi/Connection.php:306
Stack trace:
#0 /home/haslam/Documents/developmentTraining/training-php/perpustakaan/system/Database/MySQLi/Connection.php(306): mysqli->query()
#1 /home/haslam/Documents/developmentTraining/training-php/perpustakaan/system/Database/BaseConnection.php(692): CodeIgniter\Database\MySQLi\Connection->execute()
#2 /home/haslam/Documents/developmentTraining/training-php/perpustakaan/system/Database/BaseConnection.php(606): CodeIgniter\Database\BaseConnection->simpleQuery()
#3 /home/haslam/Documents/developmentTraining/training-php/perpustakaan/system/Database/BaseBuilder.php(2308): CodeIgniter\Database\BaseConnection->query()
#4 /home/haslam/Documents/developmentTraining/training-php/perpustakaan/system/Model.php(319): CodeIgniter\Database\BaseBuilder->insert()
#5 /home/haslam/Documents/developmentTraining/training-php/perpustakaan/system/BaseModel.php(788): CodeIgniter\Model->doInsert()
#6 /home/haslam/Documents/developmentTraining/training-php/perpustakaan/system/Model.php(715): CodeIgniter\BaseModel->insert()
#7 /home/haslam/Documents/developmentTraining/training-php/perpustakaan/app/Models/UserModel.php(87): CodeIgniter\Model->insert()
#8 /home/haslam/Documents/developmentTraining/training-php/perpustakaan/tests/ModelTest/UserModelTest.php(44): App\Models\UserModel->insertData()
#9 /home/haslam/Documents/developmentTraining/training-php/perpustakaan/vendor/phpunit/phpunit/src/Framework/TestCase.php(1102): ModelTest\UserModelTest->testInsertData()
#10 /home/haslam/Documents/developmentTraining/training-php/perpustakaan/vendor/phpunit/phpunit/src/Framework/TestCase.php(653): PHPUnit\Framework\TestCase->runTest()
#11 /home/haslam/Documents/developmentTraining/training-php/perpustakaan/vendor/phpunit/phpunit/src/Framework/TestRunner.php(103): PHPUnit\Framework\TestCase->runBare()
#12 /home/haslam/Documents/developmentTraining/training-php/perpustakaan/vendor/phpunit/phpunit/src/Framework/TestCase.php(489): PHPUnit\Framework\TestRunner->run()
#13 /home/haslam/Documents/developmentTraining/training-php/perpustakaan/vendor/phpunit/phpunit/src/Framework/TestSuite.php(340): PHPUnit\Framework\TestCase->run()
#14 /home/haslam/Documents/developmentTraining/training-php/perpustakaan/vendor/phpunit/phpunit/src/Framework/TestSuite.php(340): PHPUnit\Framework\TestSuite->run()
#15 /home/haslam/Documents/developmentTraining/training-php/perpustakaan/vendor/phpunit/phpunit/src/TextUI/TestRunner.php(63): PHPUnit\Framework\TestSuite->run()
#16 /home/haslam/Documents/developmentTraining/training-php/perpustakaan/vendor/phpunit/phpunit/src/TextUI/Application.php(177): PHPUnit\TextUI\TestRunner->run()
#17 /home/haslam/Documents/developmentTraining/training-php/perpustakaan/vendor/phpunit/phpunit/phpunit(99): PHPUnit\TextUI\Application->run()
#18 {main}
ERROR - 2023-10-02 11:35:19 --> mysqli_sql_exception: Duplicate entry 'yummy@gmail.com' for key 'user.email' in /home/haslam/Documents/developmentTraining/training-php/perpustakaan/system/Database/MySQLi/Connection.php:306
Stack trace:
#0 /home/haslam/Documents/developmentTraining/training-php/perpustakaan/system/Database/MySQLi/Connection.php(306): mysqli->query()
#1 /home/haslam/Documents/developmentTraining/training-php/perpustakaan/system/Database/BaseConnection.php(692): CodeIgniter\Database\MySQLi\Connection->execute()
#2 /home/haslam/Documents/developmentTraining/training-php/perpustakaan/system/Database/BaseConnection.php(606): CodeIgniter\Database\BaseConnection->simpleQuery()
#3 /home/haslam/Documents/developmentTraining/training-php/perpustakaan/system/Database/BaseBuilder.php(2308): CodeIgniter\Database\BaseConnection->query()
#4 /home/haslam/Documents/developmentTraining/training-php/perpustakaan/system/Model.php(319): CodeIgniter\Database\BaseBuilder->insert()
#5 /home/haslam/Documents/developmentTraining/training-php/perpustakaan/system/BaseModel.php(788): CodeIgniter\Model->doInsert()
#6 /home/haslam/Documents/developmentTraining/training-php/perpustakaan/system/Model.php(715): CodeIgniter\BaseModel->insert()
#7 /home/haslam/Documents/developmentTraining/training-php/perpustakaan/app/Models/UserModel.php(91): CodeIgniter\Model->insert()
#8 /home/haslam/Documents/developmentTraining/training-php/perpustakaan/tests/ModelTest/FailedTest/UserModelTest.php(47): App\Models\UserModel->insertData()
#9 /home/haslam/Documents/developmentTraining/training-php/perpustakaan/vendor/phpunit/phpunit/src/Framework/TestCase.php(1102): ModelTest\FailedTest\UserModelTest->testInsertDataFailed()
#10 /home/haslam/Documents/developmentTraining/training-php/perpustakaan/vendor/phpunit/phpunit/src/Framework/TestCase.php(653): PHPUnit\Framework\TestCase->runTest()
#11 /home/haslam/Documents/developmentTraining/training-php/perpustakaan/vendor/phpunit/phpunit/src/Framework/TestRunner.php(103): PHPUnit\Framework\TestCase->runBare()
#12 /home/haslam/Documents/developmentTraining/training-php/perpustakaan/vendor/phpunit/phpunit/src/Framework/TestCase.php(489): PHPUnit\Framework\TestRunner->run()
#13 /home/haslam/Documents/developmentTraining/training-php/perpustakaan/vendor/phpunit/phpunit/src/Framework/TestSuite.php(340): PHPUnit\Framework\TestCase->run()
#14 /home/haslam/Documents/developmentTraining/training-php/perpustakaan/vendor/phpunit/phpunit/src/Framework/TestSuite.php(340): PHPUnit\Framework\TestSuite->run()
#15 /home/haslam/Documents/developmentTraining/training-php/perpustakaan/vendor/phpunit/phpunit/src/TextUI/TestRunner.php(63): PHPUnit\Framework\TestSuite->run()
#16 /home/haslam/Documents/developmentTraining/training-php/perpustakaan/vendor/phpunit/phpunit/src/TextUI/Application.php(177): PHPUnit\TextUI\TestRunner->run()
#17 /home/haslam/Documents/developmentTraining/training-php/perpustakaan/vendor/phpunit/phpunit/phpunit(99): PHPUnit\TextUI\Application->run()
#18 {main}
ERROR - 2023-10-02 11:35:34 --> mysqli_sql_exception: Duplicate entry 'yummy@gmail.com' for key 'user.email' in /home/haslam/Documents/developmentTraining/training-php/perpustakaan/system/Database/MySQLi/Connection.php:306
Stack trace:
#0 /home/haslam/Documents/developmentTraining/training-php/perpustakaan/system/Database/MySQLi/Connection.php(306): mysqli->query()
#1 /home/haslam/Documents/developmentTraining/training-php/perpustakaan/system/Database/BaseConnection.php(692): CodeIgniter\Database\MySQLi\Connection->execute()
#2 /home/haslam/Documents/developmentTraining/training-php/perpustakaan/system/Database/BaseConnection.php(606): CodeIgniter\Database\BaseConnection->simpleQuery()
#3 /home/haslam/Documents/developmentTraining/training-php/perpustakaan/system/Database/BaseBuilder.php(2308): CodeIgniter\Database\BaseConnection->query()
#4 /home/haslam/Documents/developmentTraining/training-php/perpustakaan/system/Model.php(319): CodeIgniter\Database\BaseBuilder->insert()
#5 /home/haslam/Documents/developmentTraining/training-php/perpustakaan/system/BaseModel.php(788): CodeIgniter\Model->doInsert()
#6 /home/haslam/Documents/developmentTraining/training-php/perpustakaan/system/Model.php(715): CodeIgniter\BaseModel->insert()
#7 /home/haslam/Documents/developmentTraining/training-php/perpustakaan/app/Models/UserModel.php(91): CodeIgniter\Model->insert()
#8 /home/haslam/Documents/developmentTraining/training-php/perpustakaan/tests/ModelTest/FailedTest/UserModelTest.php(47): App\Models\UserModel->insertData()
#9 /home/haslam/Documents/developmentTraining/training-php/perpustakaan/vendor/phpunit/phpunit/src/Framework/TestCase.php(1102): ModelTest\FailedTest\UserModelTest->testInsertDataFailed()
#10 /home/haslam/Documents/developmentTraining/training-php/perpustakaan/vendor/phpunit/phpunit/src/Framework/TestCase.php(653): PHPUnit\Framework\TestCase->runTest()
#11 /home/haslam/Documents/developmentTraining/training-php/perpustakaan/vendor/phpunit/phpunit/src/Framework/TestRunner.php(103): PHPUnit\Framework\TestCase->runBare()
#12 /home/haslam/Documents/developmentTraining/training-php/perpustakaan/vendor/phpunit/phpunit/src/Framework/TestCase.php(489): PHPUnit\Framework\TestRunner->run()
#13 /home/haslam/Documents/developmentTraining/training-php/perpustakaan/vendor/phpunit/phpunit/src/Framework/TestSuite.php(340): PHPUnit\Framework\TestCase->run()
#14 /home/haslam/Documents/developmentTraining/training-php/perpustakaan/vendor/phpunit/phpunit/src/Framework/TestSuite.php(340): PHPUnit\Framework\TestSuite->run()
#15 /home/haslam/Documents/developmentTraining/training-php/perpustakaan/vendor/phpunit/phpunit/src/TextUI/TestRunner.php(63): PHPUnit\Framework\TestSuite->run()
#16 /home/haslam/Documents/developmentTraining/training-php/perpustakaan/vendor/phpunit/phpunit/src/TextUI/Application.php(177): PHPUnit\TextUI\TestRunner->run()
#17 /home/haslam/Documents/developmentTraining/training-php/perpustakaan/vendor/phpunit/phpunit/phpunit(99): PHPUnit\TextUI\Application->run()
#18 {main}
ERROR - 2023-10-02 11:35:38 --> mysqli_sql_exception: Duplicate entry 'yummy@gmail.com' for key 'user.email' in /home/haslam/Documents/developmentTraining/training-php/perpustakaan/system/Database/MySQLi/Connection.php:306
Stack trace:
#0 /home/haslam/Documents/developmentTraining/training-php/perpustakaan/system/Database/MySQLi/Connection.php(306): mysqli->query()
#1 /home/haslam/Documents/developmentTraining/training-php/perpustakaan/system/Database/BaseConnection.php(692): CodeIgniter\Database\MySQLi\Connection->execute()
#2 /home/haslam/Documents/developmentTraining/training-php/perpustakaan/system/Database/BaseConnection.php(606): CodeIgniter\Database\BaseConnection->simpleQuery()
#3 /home/haslam/Documents/developmentTraining/training-php/perpustakaan/system/Database/BaseBuilder.php(2308): CodeIgniter\Database\BaseConnection->query()
#4 /home/haslam/Documents/developmentTraining/training-php/perpustakaan/system/Model.php(319): CodeIgniter\Database\BaseBuilder->insert()
#5 /home/haslam/Documents/developmentTraining/training-php/perpustakaan/system/BaseModel.php(788): CodeIgniter\Model->doInsert()
#6 /home/haslam/Documents/developmentTraining/training-php/perpustakaan/system/Model.php(715): CodeIgniter\BaseModel->insert()
#7 /home/haslam/Documents/developmentTraining/training-php/perpustakaan/app/Models/UserModel.php(91): CodeIgniter\Model->insert()
#8 /home/haslam/Documents/developmentTraining/training-php/perpustakaan/tests/ModelTest/FailedTest/UserModelTest.php(47): App\Models\UserModel->insertData()
#9 /home/haslam/Documents/developmentTraining/training-php/perpustakaan/vendor/phpunit/phpunit/src/Framework/TestCase.php(1102): ModelTest\FailedTest\UserModelTest->testInsertDataFailed()
#10 /home/haslam/Documents/developmentTraining/training-php/perpustakaan/vendor/phpunit/phpunit/src/Framework/TestCase.php(653): PHPUnit\Framework\TestCase->runTest()
#11 /home/haslam/Documents/developmentTraining/training-php/perpustakaan/vendor/phpunit/phpunit/src/Framework/TestRunner.php(103): PHPUnit\Framework\TestCase->runBare()
#12 /home/haslam/Documents/developmentTraining/training-php/perpustakaan/vendor/phpunit/phpunit/src/Framework/TestCase.php(489): PHPUnit\Framework\TestRunner->run()
#13 /home/haslam/Documents/developmentTraining/training-php/perpustakaan/vendor/phpunit/phpunit/src/Framework/TestSuite.php(340): PHPUnit\Framework\TestCase->run()
#14 /home/haslam/Documents/developmentTraining/training-php/perpustakaan/vendor/phpunit/phpunit/src/Framework/TestSuite.php(340): PHPUnit\Framework\TestSuite->run()
#15 /home/haslam/Documents/developmentTraining/training-php/perpustakaan/vendor/phpunit/phpunit/src/TextUI/TestRunner.php(63): PHPUnit\Framework\TestSuite->run()
#16 /home/haslam/Documents/developmentTraining/training-php/perpustakaan/vendor/phpunit/phpunit/src/TextUI/Application.php(177): PHPUnit\TextUI\TestRunner->run()
#17 /home/haslam/Documents/developmentTraining/training-php/perpustakaan/vendor/phpunit/phpunit/phpunit(99): PHPUnit\TextUI\Application->run()
#18 {main}
ERROR - 2023-10-02 11:36:07 --> mysqli_sql_exception: Duplicate entry 'yummy@gmail.com' for key 'user.email' in /home/haslam/Documents/developmentTraining/training-php/perpustakaan/system/Database/MySQLi/Connection.php:306
Stack trace:
#0 /home/haslam/Documents/developmentTraining/training-php/perpustakaan/system/Database/MySQLi/Connection.php(306): mysqli->query()
#1 /home/haslam/Documents/developmentTraining/training-php/perpustakaan/system/Database/BaseConnection.php(692): CodeIgniter\Database\MySQLi\Connection->execute()
#2 /home/haslam/Documents/developmentTraining/training-php/perpustakaan/system/Database/BaseConnection.php(606): CodeIgniter\Database\BaseConnection->simpleQuery()
#3 /home/haslam/Documents/developmentTraining/training-php/perpustakaan/system/Database/BaseBuilder.php(2308): CodeIgniter\Database\BaseConnection->query()
#4 /home/haslam/Documents/developmentTraining/training-php/perpustakaan/system/Model.php(319): CodeIgniter\Database\BaseBuilder->insert()
#5 /home/haslam/Documents/developmentTraining/training-php/perpustakaan/system/BaseModel.php(788): CodeIgniter\Model->doInsert()
#6 /home/haslam/Documents/developmentTraining/training-php/perpustakaan/system/Model.php(715): CodeIgniter\BaseModel->insert()
#7 /home/haslam/Documents/developmentTraining/training-php/perpustakaan/app/Models/UserModel.php(91): CodeIgniter\Model->insert()
#8 /home/haslam/Documents/developmentTraining/training-php/perpustakaan/tests/ModelTest/FailedTest/UserModelTest.php(47): App\Models\UserModel->insertData()
#9 /home/haslam/Documents/developmentTraining/training-php/perpustakaan/vendor/phpunit/phpunit/src/Framework/TestCase.php(1102): ModelTest\FailedTest\UserModelTest->testInsertDataFailed()
#10 /home/haslam/Documents/developmentTraining/training-php/perpustakaan/vendor/phpunit/phpunit/src/Framework/TestCase.php(653): PHPUnit\Framework\TestCase->runTest()
#11 /home/haslam/Documents/developmentTraining/training-php/perpustakaan/vendor/phpunit/phpunit/src/Framework/TestRunner.php(103): PHPUnit\Framework\TestCase->runBare()
#12 /home/haslam/Documents/developmentTraining/training-php/perpustakaan/vendor/phpunit/phpunit/src/Framework/TestCase.php(489): PHPUnit\Framework\TestRunner->run()
#13 /home/haslam/Documents/developmentTraining/training-php/perpustakaan/vendor/phpunit/phpunit/src/Framework/TestSuite.php(340): PHPUnit\Framework\TestCase->run()
#14 /home/haslam/Documents/developmentTraining/training-php/perpustakaan/vendor/phpunit/phpunit/src/Framework/TestSuite.php(340): PHPUnit\Framework\TestSuite->run()
#15 /home/haslam/Documents/developmentTraining/training-php/perpustakaan/vendor/phpunit/phpunit/src/TextUI/TestRunner.php(63): PHPUnit\Framework\TestSuite->run()
#16 /home/haslam/Documents/developmentTraining/training-php/perpustakaan/vendor/phpunit/phpunit/src/TextUI/Application.php(177): PHPUnit\TextUI\TestRunner->run()
#17 /home/haslam/Documents/developmentTraining/training-php/perpustakaan/vendor/phpunit/phpunit/phpunit(99): PHPUnit\TextUI\Application->run()
#18 {main}
ERROR - 2023-10-02 11:39:41 --> mysqli_sql_exception: Duplicate entry 'yummy@gmail.com' for key 'user.email' in /home/haslam/Documents/developmentTraining/training-php/perpustakaan/system/Database/MySQLi/Connection.php:306
Stack trace:
#0 /home/haslam/Documents/developmentTraining/training-php/perpustakaan/system/Database/MySQLi/Connection.php(306): mysqli->query()
#1 /home/haslam/Documents/developmentTraining/training-php/perpustakaan/system/Database/BaseConnection.php(692): CodeIgniter\Database\MySQLi\Connection->execute()
#2 /home/haslam/Documents/developmentTraining/training-php/perpustakaan/system/Database/BaseConnection.php(606): CodeIgniter\Database\BaseConnection->simpleQuery()
#3 /home/haslam/Documents/developmentTraining/training-php/perpustakaan/system/Database/BaseBuilder.php(2308): CodeIgniter\Database\BaseConnection->query()
#4 /home/haslam/Documents/developmentTraining/training-php/perpustakaan/system/Model.php(319): CodeIgniter\Database\BaseBuilder->insert()
#5 /home/haslam/Documents/developmentTraining/training-php/perpustakaan/system/BaseModel.php(788): CodeIgniter\Model->doInsert()
#6 /home/haslam/Documents/developmentTraining/training-php/perpustakaan/system/Model.php(715): CodeIgniter\BaseModel->insert()
#7 /home/haslam/Documents/developmentTraining/training-php/perpustakaan/app/Models/UserModel.php(91): CodeIgniter\Model->insert()
#8 /home/haslam/Documents/developmentTraining/training-php/perpustakaan/tests/ModelTest/FailedTest/UserModelTest.php(48): App\Models\UserModel->insertData()
#9 /home/haslam/Documents/developmentTraining/training-php/perpustakaan/vendor/phpunit/phpunit/src/Framework/TestCase.php(1102): ModelTest\FailedTest\UserModelTest->testInsertDataFailed()
#10 /home/haslam/Documents/developmentTraining/training-php/perpustakaan/vendor/phpunit/phpunit/src/Framework/TestCase.php(653): PHPUnit\Framework\TestCase->runTest()
#11 /home/haslam/Documents/developmentTraining/training-php/perpustakaan/vendor/phpunit/phpunit/src/Framework/TestRunner.php(103): PHPUnit\Framework\TestCase->runBare()
#12 /home/haslam/Documents/developmentTraining/training-php/perpustakaan/vendor/phpunit/phpunit/src/Framework/TestCase.php(489): PHPUnit\Framework\TestRunner->run()
#13 /home/haslam/Documents/developmentTraining/training-php/perpustakaan/vendor/phpunit/phpunit/src/Framework/TestSuite.php(340): PHPUnit\Framework\TestCase->run()
#14 /home/haslam/Documents/developmentTraining/training-php/perpustakaan/vendor/phpunit/phpunit/src/Framework/TestSuite.php(340): PHPUnit\Framework\TestSuite->run()
#15 /home/haslam/Documents/developmentTraining/training-php/perpustakaan/vendor/phpunit/phpunit/src/TextUI/TestRunner.php(63): PHPUnit\Framework\TestSuite->run()
#16 /home/haslam/Documents/developmentTraining/training-php/perpustakaan/vendor/phpunit/phpunit/src/TextUI/Application.php(177): PHPUnit\TextUI\TestRunner->run()
#17 /home/haslam/Documents/developmentTraining/training-php/perpustakaan/vendor/phpunit/phpunit/phpunit(99): PHPUnit\TextUI\Application->run()
#18 {main}
ERROR - 2023-10-02 11:42:07 --> mysqli_sql_exception: Duplicate entry 'yummy@gmail.com' for key 'user.email' in /home/haslam/Documents/developmentTraining/training-php/perpustakaan/system/Database/MySQLi/Connection.php:306
Stack trace:
#0 /home/haslam/Documents/developmentTraining/training-php/perpustakaan/system/Database/MySQLi/Connection.php(306): mysqli->query()
#1 /home/haslam/Documents/developmentTraining/training-php/perpustakaan/system/Database/BaseConnection.php(692): CodeIgniter\Database\MySQLi\Connection->execute()
#2 /home/haslam/Documents/developmentTraining/training-php/perpustakaan/system/Database/BaseConnection.php(606): CodeIgniter\Database\BaseConnection->simpleQuery()
#3 /home/haslam/Documents/developmentTraining/training-php/perpustakaan/system/Database/BaseBuilder.php(2308): CodeIgniter\Database\BaseConnection->query()
#4 /home/haslam/Documents/developmentTraining/training-php/perpustakaan/system/Model.php(319): CodeIgniter\Database\BaseBuilder->insert()
#5 /home/haslam/Documents/developmentTraining/training-php/perpustakaan/system/BaseModel.php(788): CodeIgniter\Model->doInsert()
#6 /home/haslam/Documents/developmentTraining/training-php/perpustakaan/system/Model.php(715): CodeIgniter\BaseModel->insert()
#7 /home/haslam/Documents/developmentTraining/training-php/perpustakaan/app/Models/UserModel.php(92): CodeIgniter\Model->insert()
#8 /home/haslam/Documents/developmentTraining/training-php/perpustakaan/tests/ModelTest/FailedTest/UserModelTest.php(48): App\Models\UserModel->insertData()
#9 /home/haslam/Documents/developmentTraining/training-php/perpustakaan/vendor/phpunit/phpunit/src/Framework/TestCase.php(1102): ModelTest\FailedTest\UserModelTest->testInsertDataFailed()
#10 /home/haslam/Documents/developmentTraining/training-php/perpustakaan/vendor/phpunit/phpunit/src/Framework/TestCase.php(653): PHPUnit\Framework\TestCase->runTest()
#11 /home/haslam/Documents/developmentTraining/training-php/perpustakaan/vendor/phpunit/phpunit/src/Framework/TestRunner.php(103): PHPUnit\Framework\TestCase->runBare()
#12 /home/haslam/Documents/developmentTraining/training-php/perpustakaan/vendor/phpunit/phpunit/src/Framework/TestCase.php(489): PHPUnit\Framework\TestRunner->run()
#13 /home/haslam/Documents/developmentTraining/training-php/perpustakaan/vendor/phpunit/phpunit/src/Framework/TestSuite.php(340): PHPUnit\Framework\TestCase->run()
#14 /home/haslam/Documents/developmentTraining/training-php/perpustakaan/vendor/phpunit/phpunit/src/Framework/TestSuite.php(340): PHPUnit\Framework\TestSuite->run()
#15 /home/haslam/Documents/developmentTraining/training-php/perpustakaan/vendor/phpunit/phpunit/src/TextUI/TestRunner.php(63): PHPUnit\Framework\TestSuite->run()
#16 /home/haslam/Documents/developmentTraining/training-php/perpustakaan/vendor/phpunit/phpunit/src/TextUI/Application.php(177): PHPUnit\TextUI\TestRunner->run()
#17 /home/haslam/Documents/developmentTraining/training-php/perpustakaan/vendor/phpunit/phpunit/phpunit(99): PHPUnit\TextUI\Application->run()
#18 {main}
ERROR - 2023-10-02 11:55:41 --> mysqli_sql_exception: Duplicate entry 'yummy@gmail.com' for key 'user.email' in /home/haslam/Documents/developmentTraining/training-php/perpustakaan/system/Database/MySQLi/Connection.php:306
Stack trace:
#0 /home/haslam/Documents/developmentTraining/training-php/perpustakaan/system/Database/MySQLi/Connection.php(306): mysqli->query()
#1 /home/haslam/Documents/developmentTraining/training-php/perpustakaan/system/Database/BaseConnection.php(692): CodeIgniter\Database\MySQLi\Connection->execute()
#2 /home/haslam/Documents/developmentTraining/training-php/perpustakaan/system/Database/BaseConnection.php(606): CodeIgniter\Database\BaseConnection->simpleQuery()
#3 /home/haslam/Documents/developmentTraining/training-php/perpustakaan/system/Database/BaseBuilder.php(2308): CodeIgniter\Database\BaseConnection->query()
#4 /home/haslam/Documents/developmentTraining/training-php/perpustakaan/system/Model.php(319): CodeIgniter\Database\BaseBuilder->insert()
#5 /home/haslam/Documents/developmentTraining/training-php/perpustakaan/system/BaseModel.php(788): CodeIgniter\Model->doInsert()
#6 /home/haslam/Documents/developmentTraining/training-php/perpustakaan/system/Model.php(715): CodeIgniter\BaseModel->insert()
#7 /home/haslam/Documents/developmentTraining/training-php/perpustakaan/app/Models/UserModel.php(92): CodeIgniter\Model->insert()
#8 /home/haslam/Documents/developmentTraining/training-php/perpustakaan/tests/ModelTest/FailedTest/UserModelTest.php(51): App\Models\UserModel->insertData()
#9 /home/haslam/Documents/developmentTraining/training-php/perpustakaan/vendor/phpunit/phpunit/src/Framework/TestCase.php(1102): ModelTest\FailedTest\UserModelTest->testInsertDataFailed()
#10 /home/haslam/Documents/developmentTraining/training-php/perpustakaan/vendor/phpunit/phpunit/src/Framework/TestCase.php(653): PHPUnit\Framework\TestCase->runTest()
#11 /home/haslam/Documents/developmentTraining/training-php/perpustakaan/vendor/phpunit/phpunit/src/Framework/TestRunner.php(103): PHPUnit\Framework\TestCase->runBare()
#12 /home/haslam/Documents/developmentTraining/training-php/perpustakaan/vendor/phpunit/phpunit/src/Framework/TestCase.php(489): PHPUnit\Framework\TestRunner->run()
#13 /home/haslam/Documents/developmentTraining/training-php/perpustakaan/vendor/phpunit/phpunit/src/Framework/TestSuite.php(340): PHPUnit\Framework\TestCase->run()
#14 /home/haslam/Documents/developmentTraining/training-php/perpustakaan/vendor/phpunit/phpunit/src/Framework/TestSuite.php(340): PHPUnit\Framework\TestSuite->run()
#15 /home/haslam/Documents/developmentTraining/training-php/perpustakaan/vendor/phpunit/phpunit/src/TextUI/TestRunner.php(63): PHPUnit\Framework\TestSuite->run()
#16 /home/haslam/Documents/developmentTraining/training-php/perpustakaan/vendor/phpunit/phpunit/src/TextUI/Application.php(177): PHPUnit\TextUI\TestRunner->run()
#17 /home/haslam/Documents/developmentTraining/training-php/perpustakaan/vendor/phpunit/phpunit/phpunit(99): PHPUnit\TextUI\Application->run()
#18 {main}
ERROR - 2023-10-02 11:56:26 --> mysqli_sql_exception: Duplicate entry 'yummy@gmail.com' for key 'user.email' in /home/haslam/Documents/developmentTraining/training-php/perpustakaan/system/Database/MySQLi/Connection.php:306
Stack trace:
#0 /home/haslam/Documents/developmentTraining/training-php/perpustakaan/system/Database/MySQLi/Connection.php(306): mysqli->query()
#1 /home/haslam/Documents/developmentTraining/training-php/perpustakaan/system/Database/BaseConnection.php(692): CodeIgniter\Database\MySQLi\Connection->execute()
#2 /home/haslam/Documents/developmentTraining/training-php/perpustakaan/system/Database/BaseConnection.php(606): CodeIgniter\Database\BaseConnection->simpleQuery()
#3 /home/haslam/Documents/developmentTraining/training-php/perpustakaan/system/Database/BaseBuilder.php(2308): CodeIgniter\Database\BaseConnection->query()
#4 /home/haslam/Documents/developmentTraining/training-php/perpustakaan/system/Model.php(319): CodeIgniter\Database\BaseBuilder->insert()
#5 /home/haslam/Documents/developmentTraining/training-php/perpustakaan/system/BaseModel.php(788): CodeIgniter\Model->doInsert()
#6 /home/haslam/Documents/developmentTraining/training-php/perpustakaan/system/Model.php(715): CodeIgniter\BaseModel->insert()
#7 /home/haslam/Documents/developmentTraining/training-php/perpustakaan/app/Models/UserModel.php(92): CodeIgniter\Model->insert()
#8 /home/haslam/Documents/developmentTraining/training-php/perpustakaan/tests/ModelTest/FailedTest/UserModelTest.php(51): App\Models\UserModel->insertData()
#9 /home/haslam/Documents/developmentTraining/training-php/perpustakaan/vendor/phpunit/phpunit/src/Framework/TestCase.php(1102): ModelTest\FailedTest\UserModelTest->testInsertDataFailed()
#10 /home/haslam/Documents/developmentTraining/training-php/perpustakaan/vendor/phpunit/phpunit/src/Framework/TestCase.php(653): PHPUnit\Framework\TestCase->runTest()
#11 /home/haslam/Documents/developmentTraining/training-php/perpustakaan/vendor/phpunit/phpunit/src/Framework/TestRunner.php(103): PHPUnit\Framework\TestCase->runBare()
#12 /home/haslam/Documents/developmentTraining/training-php/perpustakaan/vendor/phpunit/phpunit/src/Framework/TestCase.php(489): PHPUnit\Framework\TestRunner->run()
#13 /home/haslam/Documents/developmentTraining/training-php/perpustakaan/vendor/phpunit/phpunit/src/Framework/TestSuite.php(340): PHPUnit\Framework\TestCase->run()
#14 /home/haslam/Documents/developmentTraining/training-php/perpustakaan/vendor/phpunit/phpunit/src/Framework/TestSuite.php(340): PHPUnit\Framework\TestSuite->run()
#15 /home/haslam/Documents/developmentTraining/training-php/perpustakaan/vendor/phpunit/phpunit/src/TextUI/TestRunner.php(63): PHPUnit\Framework\TestSuite->run()
#16 /home/haslam/Documents/developmentTraining/training-php/perpustakaan/vendor/phpunit/phpunit/src/TextUI/Application.php(177): PHPUnit\TextUI\TestRunner->run()
#17 /home/haslam/Documents/developmentTraining/training-php/perpustakaan/vendor/phpunit/phpunit/phpunit(99): PHPUnit\TextUI\Application->run()
#18 {main}
ERROR - 2023-10-02 11:58:31 --> mysqli_sql_exception: Duplicate entry 'yummy@gmail.com' for key 'user.email' in /home/haslam/Documents/developmentTraining/training-php/perpustakaan/system/Database/MySQLi/Connection.php:306
Stack trace:
#0 /home/haslam/Documents/developmentTraining/training-php/perpustakaan/system/Database/MySQLi/Connection.php(306): mysqli->query()
#1 /home/haslam/Documents/developmentTraining/training-php/perpustakaan/system/Database/BaseConnection.php(692): CodeIgniter\Database\MySQLi\Connection->execute()
#2 /home/haslam/Documents/developmentTraining/training-php/perpustakaan/system/Database/BaseConnection.php(606): CodeIgniter\Database\BaseConnection->simpleQuery()
#3 /home/haslam/Documents/developmentTraining/training-php/perpustakaan/system/Database/BaseBuilder.php(2308): CodeIgniter\Database\BaseConnection->query()
#4 /home/haslam/Documents/developmentTraining/training-php/perpustakaan/system/Model.php(319): CodeIgniter\Database\BaseBuilder->insert()
#5 /home/haslam/Documents/developmentTraining/training-php/perpustakaan/system/BaseModel.php(788): CodeIgniter\Model->doInsert()
#6 /home/haslam/Documents/developmentTraining/training-php/perpustakaan/system/Model.php(715): CodeIgniter\BaseModel->insert()
#7 /home/haslam/Documents/developmentTraining/training-php/perpustakaan/app/Models/UserModel.php(92): CodeIgniter\Model->insert()
#8 /home/haslam/Documents/developmentTraining/training-php/perpustakaan/tests/ModelTest/FailedTest/UserModelTest.php(50): App\Models\UserModel->insertData()
#9 /home/haslam/Documents/developmentTraining/training-php/perpustakaan/vendor/phpunit/phpunit/src/Framework/TestCase.php(1102): ModelTest\FailedTest\UserModelTest->testInsertDataFailed()
#10 /home/haslam/Documents/developmentTraining/training-php/perpustakaan/vendor/phpunit/phpunit/src/Framework/TestCase.php(653): PHPUnit\Framework\TestCase->runTest()
#11 /home/haslam/Documents/developmentTraining/training-php/perpustakaan/vendor/phpunit/phpunit/src/Framework/TestRunner.php(103): PHPUnit\Framework\TestCase->runBare()
#12 /home/haslam/Documents/developmentTraining/training-php/perpustakaan/vendor/phpunit/phpunit/src/Framework/TestCase.php(489): PHPUnit\Framework\TestRunner->run()
#13 /home/haslam/Documents/developmentTraining/training-php/perpustakaan/vendor/phpunit/phpunit/src/Framework/TestSuite.php(340): PHPUnit\Framework\TestCase->run()
#14 /home/haslam/Documents/developmentTraining/training-php/perpustakaan/vendor/phpunit/phpunit/src/Framework/TestSuite.php(340): PHPUnit\Framework\TestSuite->run()
#15 /home/haslam/Documents/developmentTraining/training-php/perpustakaan/vendor/phpunit/phpunit/src/TextUI/TestRunner.php(63): PHPUnit\Framework\TestSuite->run()
#16 /home/haslam/Documents/developmentTraining/training-php/perpustakaan/vendor/phpunit/phpunit/src/TextUI/Application.php(177): PHPUnit\TextUI\TestRunner->run()
#17 /home/haslam/Documents/developmentTraining/training-php/perpustakaan/vendor/phpunit/phpunit/phpunit(99): PHPUnit\TextUI\Application->run()
#18 {main}
ERROR - 2023-10-02 11:59:31 --> mysqli_sql_exception: Duplicate entry 'yummy@gmail.com' for key 'user.email' in /home/haslam/Documents/developmentTraining/training-php/perpustakaan/system/Database/MySQLi/Connection.php:306
Stack trace:
#0 /home/haslam/Documents/developmentTraining/training-php/perpustakaan/system/Database/MySQLi/Connection.php(306): mysqli->query()
#1 /home/haslam/Documents/developmentTraining/training-php/perpustakaan/system/Database/BaseConnection.php(692): CodeIgniter\Database\MySQLi\Connection->execute()
#2 /home/haslam/Documents/developmentTraining/training-php/perpustakaan/system/Database/BaseConnection.php(606): CodeIgniter\Database\BaseConnection->simpleQuery()
#3 /home/haslam/Documents/developmentTraining/training-php/perpustakaan/system/Database/BaseBuilder.php(2308): CodeIgniter\Database\BaseConnection->query()
#4 /home/haslam/Documents/developmentTraining/training-php/perpustakaan/system/Model.php(319): CodeIgniter\Database\BaseBuilder->insert()
#5 /home/haslam/Documents/developmentTraining/training-php/perpustakaan/system/BaseModel.php(788): CodeIgniter\Model->doInsert()
#6 /home/haslam/Documents/developmentTraining/training-php/perpustakaan/system/Model.php(715): CodeIgniter\BaseModel->insert()
#7 /home/haslam/Documents/developmentTraining/training-php/perpustakaan/app/Models/UserModel.php(92): CodeIgniter\Model->insert()
#8 /home/haslam/Documents/developmentTraining/training-php/perpustakaan/tests/ModelTest/FailedTest/UserModelTest.php(50): App\Models\UserModel->insertData()
#9 /home/haslam/Documents/developmentTraining/training-php/perpustakaan/vendor/phpunit/phpunit/src/Framework/TestCase.php(1102): ModelTest\FailedTest\UserModelTest->testInsertDataFailed()
#10 /home/haslam/Documents/developmentTraining/training-php/perpustakaan/vendor/phpunit/phpunit/src/Framework/TestCase.php(653): PHPUnit\Framework\TestCase->runTest()
#11 /home/haslam/Documents/developmentTraining/training-php/perpustakaan/vendor/phpunit/phpunit/src/Framework/TestRunner.php(103): PHPUnit\Framework\TestCase->runBare()
#12 /home/haslam/Documents/developmentTraining/training-php/perpustakaan/vendor/phpunit/phpunit/src/Framework/TestCase.php(489): PHPUnit\Framework\TestRunner->run()
#13 /home/haslam/Documents/developmentTraining/training-php/perpustakaan/vendor/phpunit/phpunit/src/Framework/TestSuite.php(340): PHPUnit\Framework\TestCase->run()
#14 /home/haslam/Documents/developmentTraining/training-php/perpustakaan/vendor/phpunit/phpunit/src/Framework/TestSuite.php(340): PHPUnit\Framework\TestSuite->run()
#15 /home/haslam/Documents/developmentTraining/training-php/perpustakaan/vendor/phpunit/phpunit/src/TextUI/TestRunner.php(63): PHPUnit\Framework\TestSuite->run()
#16 /home/haslam/Documents/developmentTraining/training-php/perpustakaan/vendor/phpunit/phpunit/src/TextUI/Application.php(177): PHPUnit\TextUI\TestRunner->run()
#17 /home/haslam/Documents/developmentTraining/training-php/perpustakaan/vendor/phpunit/phpunit/phpunit(99): PHPUnit\TextUI\Application->run()
#18 {main}
ERROR - 2023-10-02 11:59:54 --> mysqli_sql_exception: Duplicate entry 'yummy@gmail.com' for key 'user.email' in /home/haslam/Documents/developmentTraining/training-php/perpustakaan/system/Database/MySQLi/Connection.php:306
Stack trace:
#0 /home/haslam/Documents/developmentTraining/training-php/perpustakaan/system/Database/MySQLi/Connection.php(306): mysqli->query()
#1 /home/haslam/Documents/developmentTraining/training-php/perpustakaan/system/Database/BaseConnection.php(692): CodeIgniter\Database\MySQLi\Connection->execute()
#2 /home/haslam/Documents/developmentTraining/training-php/perpustakaan/system/Database/BaseConnection.php(606): CodeIgniter\Database\BaseConnection->simpleQuery()
#3 /home/haslam/Documents/developmentTraining/training-php/perpustakaan/system/Database/BaseBuilder.php(2308): CodeIgniter\Database\BaseConnection->query()
#4 /home/haslam/Documents/developmentTraining/training-php/perpustakaan/system/Model.php(319): CodeIgniter\Database\BaseBuilder->insert()
#5 /home/haslam/Documents/developmentTraining/training-php/perpustakaan/system/BaseModel.php(788): CodeIgniter\Model->doInsert()
#6 /home/haslam/Documents/developmentTraining/training-php/perpustakaan/system/Model.php(715): CodeIgniter\BaseModel->insert()
#7 /home/haslam/Documents/developmentTraining/training-php/perpustakaan/app/Models/UserModel.php(92): CodeIgniter\Model->insert()
#8 /home/haslam/Documents/developmentTraining/training-php/perpustakaan/tests/ModelTest/FailedTest/UserModelTest.php(50): App\Models\UserModel->insertData()
#9 /home/haslam/Documents/developmentTraining/training-php/perpustakaan/vendor/phpunit/phpunit/src/Framework/TestCase.php(1102): ModelTest\FailedTest\UserModelTest->testInsertDataFailed()
#10 /home/haslam/Documents/developmentTraining/training-php/perpustakaan/vendor/phpunit/phpunit/src/Framework/TestCase.php(653): PHPUnit\Framework\TestCase->runTest()
#11 /home/haslam/Documents/developmentTraining/training-php/perpustakaan/vendor/phpunit/phpunit/src/Framework/TestRunner.php(103): PHPUnit\Framework\TestCase->runBare()
#12 /home/haslam/Documents/developmentTraining/training-php/perpustakaan/vendor/phpunit/phpunit/src/Framework/TestCase.php(489): PHPUnit\Framework\TestRunner->run()
#13 /home/haslam/Documents/developmentTraining/training-php/perpustakaan/vendor/phpunit/phpunit/src/Framework/TestSuite.php(340): PHPUnit\Framework\TestCase->run()
#14 /home/haslam/Documents/developmentTraining/training-php/perpustakaan/vendor/phpunit/phpunit/src/Framework/TestSuite.php(340): PHPUnit\Framework\TestSuite->run()
#15 /home/haslam/Documents/developmentTraining/training-php/perpustakaan/vendor/phpunit/phpunit/src/TextUI/TestRunner.php(63): PHPUnit\Framework\TestSuite->run()
#16 /home/haslam/Documents/developmentTraining/training-php/perpustakaan/vendor/phpunit/phpunit/src/TextUI/Application.php(177): PHPUnit\TextUI\TestRunner->run()
#17 /home/haslam/Documents/developmentTraining/training-php/perpustakaan/vendor/phpunit/phpunit/phpunit(99): PHPUnit\TextUI\Application->run()
#18 {main}
ERROR - 2023-10-02 12:00:32 --> mysqli_sql_exception: Duplicate entry 'yummy@gmail.com' for key 'user.email' in /home/haslam/Documents/developmentTraining/training-php/perpustakaan/system/Database/MySQLi/Connection.php:306
Stack trace:
#0 /home/haslam/Documents/developmentTraining/training-php/perpustakaan/system/Database/MySQLi/Connection.php(306): mysqli->query()
#1 /home/haslam/Documents/developmentTraining/training-php/perpustakaan/system/Database/BaseConnection.php(692): CodeIgniter\Database\MySQLi\Connection->execute()
#2 /home/haslam/Documents/developmentTraining/training-php/perpustakaan/system/Database/BaseConnection.php(606): CodeIgniter\Database\BaseConnection->simpleQuery()
#3 /home/haslam/Documents/developmentTraining/training-php/perpustakaan/system/Database/BaseBuilder.php(2308): CodeIgniter\Database\BaseConnection->query()
#4 /home/haslam/Documents/developmentTraining/training-php/perpustakaan/system/Model.php(319): CodeIgniter\Database\BaseBuilder->insert()
#5 /home/haslam/Documents/developmentTraining/training-php/perpustakaan/system/BaseModel.php(788): CodeIgniter\Model->doInsert()
#6 /home/haslam/Documents/developmentTraining/training-php/perpustakaan/system/Model.php(715): CodeIgniter\BaseModel->insert()
#7 /home/haslam/Documents/developmentTraining/training-php/perpustakaan/app/Models/UserModel.php(92): CodeIgniter\Model->insert()
#8 /home/haslam/Documents/developmentTraining/training-php/perpustakaan/tests/ModelTest/FailedTest/UserModelTest.php(52): App\Models\UserModel->insertData()
#9 /home/haslam/Documents/developmentTraining/training-php/perpustakaan/vendor/phpunit/phpunit/src/Framework/TestCase.php(1102): ModelTest\FailedTest\UserModelTest->testInsertDataFailed()
#10 /home/haslam/Documents/developmentTraining/training-php/perpustakaan/vendor/phpunit/phpunit/src/Framework/TestCase.php(653): PHPUnit\Framework\TestCase->runTest()
#11 /home/haslam/Documents/developmentTraining/training-php/perpustakaan/vendor/phpunit/phpunit/src/Framework/TestRunner.php(103): PHPUnit\Framework\TestCase->runBare()
#12 /home/haslam/Documents/developmentTraining/training-php/perpustakaan/vendor/phpunit/phpunit/src/Framework/TestCase.php(489): PHPUnit\Framework\TestRunner->run()
#13 /home/haslam/Documents/developmentTraining/training-php/perpustakaan/vendor/phpunit/phpunit/src/Framework/TestSuite.php(340): PHPUnit\Framework\TestCase->run()
#14 /home/haslam/Documents/developmentTraining/training-php/perpustakaan/vendor/phpunit/phpunit/src/Framework/TestSuite.php(340): PHPUnit\Framework\TestSuite->run()
#15 /home/haslam/Documents/developmentTraining/training-php/perpustakaan/vendor/phpunit/phpunit/src/TextUI/TestRunner.php(63): PHPUnit\Framework\TestSuite->run()
#16 /home/haslam/Documents/developmentTraining/training-php/perpustakaan/vendor/phpunit/phpunit/src/TextUI/Application.php(177): PHPUnit\TextUI\TestRunner->run()
#17 /home/haslam/Documents/developmentTraining/training-php/perpustakaan/vendor/phpunit/phpunit/phpunit(99): PHPUnit\TextUI\Application->run()
#18 {main}
ERROR - 2023-10-02 12:00:45 --> mysqli_sql_exception: Duplicate entry 'yummy@gmail.com' for key 'user.email' in /home/haslam/Documents/developmentTraining/training-php/perpustakaan/system/Database/MySQLi/Connection.php:306
Stack trace:
#0 /home/haslam/Documents/developmentTraining/training-php/perpustakaan/system/Database/MySQLi/Connection.php(306): mysqli->query()
#1 /home/haslam/Documents/developmentTraining/training-php/perpustakaan/system/Database/BaseConnection.php(692): CodeIgniter\Database\MySQLi\Connection->execute()
#2 /home/haslam/Documents/developmentTraining/training-php/perpustakaan/system/Database/BaseConnection.php(606): CodeIgniter\Database\BaseConnection->simpleQuery()
#3 /home/haslam/Documents/developmentTraining/training-php/perpustakaan/system/Database/BaseBuilder.php(2308): CodeIgniter\Database\BaseConnection->query()
#4 /home/haslam/Documents/developmentTraining/training-php/perpustakaan/system/Model.php(319): CodeIgniter\Database\BaseBuilder->insert()
#5 /home/haslam/Documents/developmentTraining/training-php/perpustakaan/system/BaseModel.php(788): CodeIgniter\Model->doInsert()
#6 /home/haslam/Documents/developmentTraining/training-php/perpustakaan/system/Model.php(715): CodeIgniter\BaseModel->insert()
#7 /home/haslam/Documents/developmentTraining/training-php/perpustakaan/app/Models/UserModel.php(92): CodeIgniter\Model->insert()
#8 /home/haslam/Documents/developmentTraining/training-php/perpustakaan/tests/ModelTest/FailedTest/UserModelTest.php(50): App\Models\UserModel->insertData()
#9 /home/haslam/Documents/developmentTraining/training-php/perpustakaan/vendor/phpunit/phpunit/src/Framework/TestCase.php(1102): ModelTest\FailedTest\UserModelTest->testInsertDataFailed()
#10 /home/haslam/Documents/developmentTraining/training-php/perpustakaan/vendor/phpunit/phpunit/src/Framework/TestCase.php(653): PHPUnit\Framework\TestCase->runTest()
#11 /home/haslam/Documents/developmentTraining/training-php/perpustakaan/vendor/phpunit/phpunit/src/Framework/TestRunner.php(103): PHPUnit\Framework\TestCase->runBare()
#12 /home/haslam/Documents/developmentTraining/training-php/perpustakaan/vendor/phpunit/phpunit/src/Framework/TestCase.php(489): PHPUnit\Framework\TestRunner->run()
#13 /home/haslam/Documents/developmentTraining/training-php/perpustakaan/vendor/phpunit/phpunit/src/Framework/TestSuite.php(340): PHPUnit\Framework\TestCase->run()
#14 /home/haslam/Documents/developmentTraining/training-php/perpustakaan/vendor/phpunit/phpunit/src/Framework/TestSuite.php(340): PHPUnit\Framework\TestSuite->run()
#15 /home/haslam/Documents/developmentTraining/training-php/perpustakaan/vendor/phpunit/phpunit/src/TextUI/TestRunner.php(63): PHPUnit\Framework\TestSuite->run()
#16 /home/haslam/Documents/developmentTraining/training-php/perpustakaan/vendor/phpunit/phpunit/src/TextUI/Application.php(177): PHPUnit\TextUI\TestRunner->run()
#17 /home/haslam/Documents/developmentTraining/training-php/perpustakaan/vendor/phpunit/phpunit/phpunit(99): PHPUnit\TextUI\Application->run()
#18 {main}
ERROR - 2023-10-02 12:02:07 --> mysqli_sql_exception: Duplicate entry 'yummy@gmail.com' for key 'user.email' in /home/haslam/Documents/developmentTraining/training-php/perpustakaan/system/Database/MySQLi/Connection.php:306
Stack trace:
#0 /home/haslam/Documents/developmentTraining/training-php/perpustakaan/system/Database/MySQLi/Connection.php(306): mysqli->query()
#1 /home/haslam/Documents/developmentTraining/training-php/perpustakaan/system/Database/BaseConnection.php(692): CodeIgniter\Database\MySQLi\Connection->execute()
#2 /home/haslam/Documents/developmentTraining/training-php/perpustakaan/system/Database/BaseConnection.php(606): CodeIgniter\Database\BaseConnection->simpleQuery()
#3 /home/haslam/Documents/developmentTraining/training-php/perpustakaan/system/Database/BaseBuilder.php(2308): CodeIgniter\Database\BaseConnection->query()
#4 /home/haslam/Documents/developmentTraining/training-php/perpustakaan/system/Model.php(319): CodeIgniter\Database\BaseBuilder->insert()
#5 /home/haslam/Documents/developmentTraining/training-php/perpustakaan/system/BaseModel.php(788): CodeIgniter\Model->doInsert()
#6 /home/haslam/Documents/developmentTraining/training-php/perpustakaan/system/Model.php(715): CodeIgniter\BaseModel->insert()
#7 /home/haslam/Documents/developmentTraining/training-php/perpustakaan/app/Models/UserModel.php(92): CodeIgniter\Model->insert()
#8 /home/haslam/Documents/developmentTraining/training-php/perpustakaan/tests/ModelTest/FailedTest/UserModelTest.php(51): App\Models\UserModel->insertData()
#9 /home/haslam/Documents/developmentTraining/training-php/perpustakaan/vendor/phpunit/phpunit/src/Framework/TestCase.php(1102): ModelTest\FailedTest\UserModelTest->testInsertDataFailed()
#10 /home/haslam/Documents/developmentTraining/training-php/perpustakaan/vendor/phpunit/phpunit/src/Framework/TestCase.php(653): PHPUnit\Framework\TestCase->runTest()
#11 /home/haslam/Documents/developmentTraining/training-php/perpustakaan/vendor/phpunit/phpunit/src/Framework/TestRunner.php(103): PHPUnit\Framework\TestCase->runBare()
#12 /home/haslam/Documents/developmentTraining/training-php/perpustakaan/vendor/phpunit/phpunit/src/Framework/TestCase.php(489): PHPUnit\Framework\TestRunner->run()
#13 /home/haslam/Documents/developmentTraining/training-php/perpustakaan/vendor/phpunit/phpunit/src/Framework/TestSuite.php(340): PHPUnit\Framework\TestCase->run()
#14 /home/haslam/Documents/developmentTraining/training-php/perpustakaan/vendor/phpunit/phpunit/src/Framework/TestSuite.php(340): PHPUnit\Framework\TestSuite->run()
#15 /home/haslam/Documents/developmentTraining/training-php/perpustakaan/vendor/phpunit/phpunit/src/TextUI/TestRunner.php(63): PHPUnit\Framework\TestSuite->run()
#16 /home/haslam/Documents/developmentTraining/training-php/perpustakaan/vendor/phpunit/phpunit/src/TextUI/Application.php(177): PHPUnit\TextUI\TestRunner->run()
#17 /home/haslam/Documents/developmentTraining/training-php/perpustakaan/vendor/phpunit/phpunit/phpunit(99): PHPUnit\TextUI\Application->run()
#18 {main}
ERROR - 2023-10-02 12:02:38 --> mysqli_sql_exception: Duplicate entry 'yummy@gmail.com' for key 'user.email' in /home/haslam/Documents/developmentTraining/training-php/perpustakaan/system/Database/MySQLi/Connection.php:306
Stack trace:
#0 /home/haslam/Documents/developmentTraining/training-php/perpustakaan/system/Database/MySQLi/Connection.php(306): mysqli->query()
#1 /home/haslam/Documents/developmentTraining/training-php/perpustakaan/system/Database/BaseConnection.php(692): CodeIgniter\Database\MySQLi\Connection->execute()
#2 /home/haslam/Documents/developmentTraining/training-php/perpustakaan/system/Database/BaseConnection.php(606): CodeIgniter\Database\BaseConnection->simpleQuery()
#3 /home/haslam/Documents/developmentTraining/training-php/perpustakaan/system/Database/BaseBuilder.php(2308): CodeIgniter\Database\BaseConnection->query()
#4 /home/haslam/Documents/developmentTraining/training-php/perpustakaan/system/Model.php(319): CodeIgniter\Database\BaseBuilder->insert()
#5 /home/haslam/Documents/developmentTraining/training-php/perpustakaan/system/BaseModel.php(788): CodeIgniter\Model->doInsert()
#6 /home/haslam/Documents/developmentTraining/training-php/perpustakaan/system/Model.php(715): CodeIgniter\BaseModel->insert()
#7 /home/haslam/Documents/developmentTraining/training-php/perpustakaan/app/Models/UserModel.php(93): CodeIgniter\Model->insert()
#8 /home/haslam/Documents/developmentTraining/training-php/perpustakaan/tests/ModelTest/FailedTest/UserModelTest.php(51): App\Models\UserModel->insertData()
#9 /home/haslam/Documents/developmentTraining/training-php/perpustakaan/vendor/phpunit/phpunit/src/Framework/TestCase.php(1102): ModelTest\FailedTest\UserModelTest->testInsertDataFailed()
#10 /home/haslam/Documents/developmentTraining/training-php/perpustakaan/vendor/phpunit/phpunit/src/Framework/TestCase.php(653): PHPUnit\Framework\TestCase->runTest()
#11 /home/haslam/Documents/developmentTraining/training-php/perpustakaan/vendor/phpunit/phpunit/src/Framework/TestRunner.php(103): PHPUnit\Framework\TestCase->runBare()
#12 /home/haslam/Documents/developmentTraining/training-php/perpustakaan/vendor/phpunit/phpunit/src/Framework/TestCase.php(489): PHPUnit\Framework\TestRunner->run()
#13 /home/haslam/Documents/developmentTraining/training-php/perpustakaan/vendor/phpunit/phpunit/src/Framework/TestSuite.php(340): PHPUnit\Framework\TestCase->run()
#14 /home/haslam/Documents/developmentTraining/training-php/perpustakaan/vendor/phpunit/phpunit/src/Framework/TestSuite.php(340): PHPUnit\Framework\TestSuite->run()
#15 /home/haslam/Documents/developmentTraining/training-php/perpustakaan/vendor/phpunit/phpunit/src/TextUI/TestRunner.php(63): PHPUnit\Framework\TestSuite->run()
#16 /home/haslam/Documents/developmentTraining/training-php/perpustakaan/vendor/phpunit/phpunit/src/TextUI/Application.php(177): PHPUnit\TextUI\TestRunner->run()
#17 /home/haslam/Documents/developmentTraining/training-php/perpustakaan/vendor/phpunit/phpunit/phpunit(99): PHPUnit\TextUI\Application->run()
#18 {main}
ERROR - 2023-10-02 12:02:53 --> mysqli_sql_exception: Duplicate entry 'yummy@gmail.com' for key 'user.email' in /home/haslam/Documents/developmentTraining/training-php/perpustakaan/system/Database/MySQLi/Connection.php:306
Stack trace:
#0 /home/haslam/Documents/developmentTraining/training-php/perpustakaan/system/Database/MySQLi/Connection.php(306): mysqli->query()
#1 /home/haslam/Documents/developmentTraining/training-php/perpustakaan/system/Database/BaseConnection.php(692): CodeIgniter\Database\MySQLi\Connection->execute()
#2 /home/haslam/Documents/developmentTraining/training-php/perpustakaan/system/Database/BaseConnection.php(606): CodeIgniter\Database\BaseConnection->simpleQuery()
#3 /home/haslam/Documents/developmentTraining/training-php/perpustakaan/system/Database/BaseBuilder.php(2308): CodeIgniter\Database\BaseConnection->query()
#4 /home/haslam/Documents/developmentTraining/training-php/perpustakaan/system/Model.php(319): CodeIgniter\Database\BaseBuilder->insert()
#5 /home/haslam/Documents/developmentTraining/training-php/perpustakaan/system/BaseModel.php(788): CodeIgniter\Model->doInsert()
#6 /home/haslam/Documents/developmentTraining/training-php/perpustakaan/system/Model.php(715): CodeIgniter\BaseModel->insert()
#7 /home/haslam/Documents/developmentTraining/training-php/perpustakaan/app/Models/UserModel.php(93): CodeIgniter\Model->insert()
#8 /home/haslam/Documents/developmentTraining/training-php/perpustakaan/tests/ModelTest/FailedTest/UserModelTest.php(51): App\Models\UserModel->insertData()
#9 /home/haslam/Documents/developmentTraining/training-php/perpustakaan/vendor/phpunit/phpunit/src/Framework/TestCase.php(1102): ModelTest\FailedTest\UserModelTest->testInsertDataFailed()
#10 /home/haslam/Documents/developmentTraining/training-php/perpustakaan/vendor/phpunit/phpunit/src/Framework/TestCase.php(653): PHPUnit\Framework\TestCase->runTest()
#11 /home/haslam/Documents/developmentTraining/training-php/perpustakaan/vendor/phpunit/phpunit/src/Framework/TestRunner.php(103): PHPUnit\Framework\TestCase->runBare()
#12 /home/haslam/Documents/developmentTraining/training-php/perpustakaan/vendor/phpunit/phpunit/src/Framework/TestCase.php(489): PHPUnit\Framework\TestRunner->run()
#13 /home/haslam/Documents/developmentTraining/training-php/perpustakaan/vendor/phpunit/phpunit/src/Framework/TestSuite.php(340): PHPUnit\Framework\TestCase->run()
#14 /home/haslam/Documents/developmentTraining/training-php/perpustakaan/vendor/phpunit/phpunit/src/Framework/TestSuite.php(340): PHPUnit\Framework\TestSuite->run()
#15 /home/haslam/Documents/developmentTraining/training-php/perpustakaan/vendor/phpunit/phpunit/src/TextUI/TestRunner.php(63): PHPUnit\Framework\TestSuite->run()
#16 /home/haslam/Documents/developmentTraining/training-php/perpustakaan/vendor/phpunit/phpunit/src/TextUI/Application.php(177): PHPUnit\TextUI\TestRunner->run()
#17 /home/haslam/Documents/developmentTraining/training-php/perpustakaan/vendor/phpunit/phpunit/phpunit(99): PHPUnit\TextUI\Application->run()
#18 {main}
ERROR - 2023-10-02 12:03:25 --> mysqli_sql_exception: Duplicate entry 'yummy@gmail.com' for key 'user.email' in /home/haslam/Documents/developmentTraining/training-php/perpustakaan/system/Database/MySQLi/Connection.php:306
Stack trace:
#0 /home/haslam/Documents/developmentTraining/training-php/perpustakaan/system/Database/MySQLi/Connection.php(306): mysqli->query()
#1 /home/haslam/Documents/developmentTraining/training-php/perpustakaan/system/Database/BaseConnection.php(692): CodeIgniter\Database\MySQLi\Connection->execute()
#2 /home/haslam/Documents/developmentTraining/training-php/perpustakaan/system/Database/BaseConnection.php(606): CodeIgniter\Database\BaseConnection->simpleQuery()
#3 /home/haslam/Documents/developmentTraining/training-php/perpustakaan/system/Database/BaseBuilder.php(2308): CodeIgniter\Database\BaseConnection->query()
#4 /home/haslam/Documents/developmentTraining/training-php/perpustakaan/system/Model.php(319): CodeIgniter\Database\BaseBuilder->insert()
#5 /home/haslam/Documents/developmentTraining/training-php/perpustakaan/system/BaseModel.php(788): CodeIgniter\Model->doInsert()
#6 /home/haslam/Documents/developmentTraining/training-php/perpustakaan/system/Model.php(715): CodeIgniter\BaseModel->insert()
#7 /home/haslam/Documents/developmentTraining/training-php/perpustakaan/app/Models/UserModel.php(93): CodeIgniter\Model->insert()
#8 /home/haslam/Documents/developmentTraining/training-php/perpustakaan/tests/ModelTest/FailedTest/UserModelTest.php(50): App\Models\UserModel->insertData()
#9 /home/haslam/Documents/developmentTraining/training-php/perpustakaan/vendor/phpunit/phpunit/src/Framework/TestCase.php(1102): ModelTest\FailedTest\UserModelTest->testInsertDataFailed()
#10 /home/haslam/Documents/developmentTraining/training-php/perpustakaan/vendor/phpunit/phpunit/src/Framework/TestCase.php(653): PHPUnit\Framework\TestCase->runTest()
#11 /home/haslam/Documents/developmentTraining/training-php/perpustakaan/vendor/phpunit/phpunit/src/Framework/TestRunner.php(103): PHPUnit\Framework\TestCase->runBare()
#12 /home/haslam/Documents/developmentTraining/training-php/perpustakaan/vendor/phpunit/phpunit/src/Framework/TestCase.php(489): PHPUnit\Framework\TestRunner->run()
#13 /home/haslam/Documents/developmentTraining/training-php/perpustakaan/vendor/phpunit/phpunit/src/Framework/TestSuite.php(340): PHPUnit\Framework\TestCase->run()
#14 /home/haslam/Documents/developmentTraining/training-php/perpustakaan/vendor/phpunit/phpunit/src/Framework/TestSuite.php(340): PHPUnit\Framework\TestSuite->run()
#15 /home/haslam/Documents/developmentTraining/training-php/perpustakaan/vendor/phpunit/phpunit/src/TextUI/TestRunner.php(63): PHPUnit\Framework\TestSuite->run()
#16 /home/haslam/Documents/developmentTraining/training-php/perpustakaan/vendor/phpunit/phpunit/src/TextUI/Application.php(177): PHPUnit\TextUI\TestRunner->run()
#17 /home/haslam/Documents/developmentTraining/training-php/perpustakaan/vendor/phpunit/phpunit/phpunit(99): PHPUnit\TextUI\Application->run()
#18 {main}
ERROR - 2023-10-02 12:09:26 --> mysqli_sql_exception: Duplicate entry 'yummy@gmail.com' for key 'user.email' in /home/haslam/Documents/developmentTraining/training-php/perpustakaan/system/Database/MySQLi/Connection.php:306
Stack trace:
#0 /home/haslam/Documents/developmentTraining/training-php/perpustakaan/system/Database/MySQLi/Connection.php(306): mysqli->query()
#1 /home/haslam/Documents/developmentTraining/training-php/perpustakaan/system/Database/BaseConnection.php(692): CodeIgniter\Database\MySQLi\Connection->execute()
#2 /home/haslam/Documents/developmentTraining/training-php/perpustakaan/system/Database/BaseConnection.php(606): CodeIgniter\Database\BaseConnection->simpleQuery()
#3 /home/haslam/Documents/developmentTraining/training-php/perpustakaan/system/Database/BaseBuilder.php(2308): CodeIgniter\Database\BaseConnection->query()
#4 /home/haslam/Documents/developmentTraining/training-php/perpustakaan/system/Model.php(319): CodeIgniter\Database\BaseBuilder->insert()
#5 /home/haslam/Documents/developmentTraining/training-php/perpustakaan/system/BaseModel.php(788): CodeIgniter\Model->doInsert()
#6 /home/haslam/Documents/developmentTraining/training-php/perpustakaan/system/Model.php(715): CodeIgniter\BaseModel->insert()
#7 /home/haslam/Documents/developmentTraining/training-php/perpustakaan/app/Models/UserModel.php(93): CodeIgniter\Model->insert()
#8 /home/haslam/Documents/developmentTraining/training-php/perpustakaan/tests/ModelTest/FailedTest/UserModelTest.php(50): App\Models\UserModel->insertData()
#9 /home/haslam/Documents/developmentTraining/training-php/perpustakaan/vendor/phpunit/phpunit/src/Framework/TestCase.php(1102): ModelTest\FailedTest\UserModelTest->testInsertDataFailed()
#10 /home/haslam/Documents/developmentTraining/training-php/perpustakaan/vendor/phpunit/phpunit/src/Framework/TestCase.php(653): PHPUnit\Framework\TestCase->runTest()
#11 /home/haslam/Documents/developmentTraining/training-php/perpustakaan/vendor/phpunit/phpunit/src/Framework/TestRunner.php(103): PHPUnit\Framework\TestCase->runBare()
#12 /home/haslam/Documents/developmentTraining/training-php/perpustakaan/vendor/phpunit/phpunit/src/Framework/TestCase.php(489): PHPUnit\Framework\TestRunner->run()
#13 /home/haslam/Documents/developmentTraining/training-php/perpustakaan/vendor/phpunit/phpunit/src/Framework/TestSuite.php(340): PHPUnit\Framework\TestCase->run()
#14 /home/haslam/Documents/developmentTraining/training-php/perpustakaan/vendor/phpunit/phpunit/src/Framework/TestSuite.php(340): PHPUnit\Framework\TestSuite->run()
#15 /home/haslam/Documents/developmentTraining/training-php/perpustakaan/vendor/phpunit/phpunit/src/TextUI/TestRunner.php(63): PHPUnit\Framework\TestSuite->run()
#16 /home/haslam/Documents/developmentTraining/training-php/perpustakaan/vendor/phpunit/phpunit/src/TextUI/Application.php(177): PHPUnit\TextUI\TestRunner->run()
#17 /home/haslam/Documents/developmentTraining/training-php/perpustakaan/vendor/phpunit/phpunit/phpunit(99): PHPUnit\TextUI\Application->run()
#18 {main}
ERROR - 2023-10-02 12:17:04 --> mysqli_sql_exception: Duplicate entry 'yummy@gmail.com' for key 'user.email' in /home/haslam/Documents/developmentTraining/training-php/perpustakaan/system/Database/MySQLi/Connection.php:306
Stack trace:
#0 /home/haslam/Documents/developmentTraining/training-php/perpustakaan/system/Database/MySQLi/Connection.php(306): mysqli->query()
#1 /home/haslam/Documents/developmentTraining/training-php/perpustakaan/system/Database/BaseConnection.php(692): CodeIgniter\Database\MySQLi\Connection->execute()
#2 /home/haslam/Documents/developmentTraining/training-php/perpustakaan/system/Database/BaseConnection.php(606): CodeIgniter\Database\BaseConnection->simpleQuery()
#3 /home/haslam/Documents/developmentTraining/training-php/perpustakaan/system/Database/BaseBuilder.php(2308): CodeIgniter\Database\BaseConnection->query()
#4 /home/haslam/Documents/developmentTraining/training-php/perpustakaan/system/Model.php(319): CodeIgniter\Database\BaseBuilder->insert()
#5 /home/haslam/Documents/developmentTraining/training-php/perpustakaan/system/BaseModel.php(788): CodeIgniter\Model->doInsert()
#6 /home/haslam/Documents/developmentTraining/training-php/perpustakaan/system/Model.php(715): CodeIgniter\BaseModel->insert()
#7 /home/haslam/Documents/developmentTraining/training-php/perpustakaan/app/Models/UserModel.php(93): CodeIgniter\Model->insert()
#8 /home/haslam/Documents/developmentTraining/training-php/perpustakaan/tests/ModelTest/FailedTest/UserModelTest.php(50): App\Models\UserModel->insertData()
#9 /home/haslam/Documents/developmentTraining/training-php/perpustakaan/vendor/phpunit/phpunit/src/Framework/TestCase.php(1102): ModelTest\FailedTest\UserModelTest->testInsertDataFailed()
#10 /home/haslam/Documents/developmentTraining/training-php/perpustakaan/vendor/phpunit/phpunit/src/Framework/TestCase.php(653): PHPUnit\Framework\TestCase->runTest()
#11 /home/haslam/Documents/developmentTraining/training-php/perpustakaan/vendor/phpunit/phpunit/src/Framework/TestRunner.php(103): PHPUnit\Framework\TestCase->runBare()
#12 /home/haslam/Documents/developmentTraining/training-php/perpustakaan/vendor/phpunit/phpunit/src/Framework/TestCase.php(489): PHPUnit\Framework\TestRunner->run()
#13 /home/haslam/Documents/developmentTraining/training-php/perpustakaan/vendor/phpunit/phpunit/src/Framework/TestSuite.php(340): PHPUnit\Framework\TestCase->run()
#14 /home/haslam/Documents/developmentTraining/training-php/perpustakaan/vendor/phpunit/phpunit/src/Framework/TestSuite.php(340): PHPUnit\Framework\TestSuite->run()
#15 /home/haslam/Documents/developmentTraining/training-php/perpustakaan/vendor/phpunit/phpunit/src/TextUI/TestRunner.php(63): PHPUnit\Framework\TestSuite->run()
#16 /home/haslam/Documents/developmentTraining/training-php/perpustakaan/vendor/phpunit/phpunit/src/TextUI/Application.php(177): PHPUnit\TextUI\TestRunner->run()
#17 /home/haslam/Documents/developmentTraining/training-php/perpustakaan/vendor/phpunit/phpunit/phpunit(99): PHPUnit\TextUI\Application->run()
#18 {main}
ERROR - 2023-10-02 12:17:15 --> mysqli_sql_exception: Duplicate entry 'yummy@gmail.com' for key 'user.email' in /home/haslam/Documents/developmentTraining/training-php/perpustakaan/system/Database/MySQLi/Connection.php:306
Stack trace:
#0 /home/haslam/Documents/developmentTraining/training-php/perpustakaan/system/Database/MySQLi/Connection.php(306): mysqli->query()
#1 /home/haslam/Documents/developmentTraining/training-php/perpustakaan/system/Database/BaseConnection.php(692): CodeIgniter\Database\MySQLi\Connection->execute()
#2 /home/haslam/Documents/developmentTraining/training-php/perpustakaan/system/Database/BaseConnection.php(606): CodeIgniter\Database\BaseConnection->simpleQuery()
#3 /home/haslam/Documents/developmentTraining/training-php/perpustakaan/system/Database/BaseBuilder.php(2308): CodeIgniter\Database\BaseConnection->query()
#4 /home/haslam/Documents/developmentTraining/training-php/perpustakaan/system/Model.php(319): CodeIgniter\Database\BaseBuilder->insert()
#5 /home/haslam/Documents/developmentTraining/training-php/perpustakaan/system/BaseModel.php(788): CodeIgniter\Model->doInsert()
#6 /home/haslam/Documents/developmentTraining/training-php/perpustakaan/system/Model.php(715): CodeIgniter\BaseModel->insert()
#7 /home/haslam/Documents/developmentTraining/training-php/perpustakaan/app/Models/UserModel.php(93): CodeIgniter\Model->insert()
#8 /home/haslam/Documents/developmentTraining/training-php/perpustakaan/tests/ModelTest/FailedTest/UserModelTest.php(51): App\Models\UserModel->insertData()
#9 /home/haslam/Documents/developmentTraining/training-php/perpustakaan/vendor/phpunit/phpunit/src/Framework/TestCase.php(1102): ModelTest\FailedTest\UserModelTest->testInsertDataFailed()
#10 /home/haslam/Documents/developmentTraining/training-php/perpustakaan/vendor/phpunit/phpunit/src/Framework/TestCase.php(653): PHPUnit\Framework\TestCase->runTest()
#11 /home/haslam/Documents/developmentTraining/training-php/perpustakaan/vendor/phpunit/phpunit/src/Framework/TestRunner.php(103): PHPUnit\Framework\TestCase->runBare()
#12 /home/haslam/Documents/developmentTraining/training-php/perpustakaan/vendor/phpunit/phpunit/src/Framework/TestCase.php(489): PHPUnit\Framework\TestRunner->run()
#13 /home/haslam/Documents/developmentTraining/training-php/perpustakaan/vendor/phpunit/phpunit/src/Framework/TestSuite.php(340): PHPUnit\Framework\TestCase->run()
#14 /home/haslam/Documents/developmentTraining/training-php/perpustakaan/vendor/phpunit/phpunit/src/Framework/TestSuite.php(340): PHPUnit\Framework\TestSuite->run()
#15 /home/haslam/Documents/developmentTraining/training-php/perpustakaan/vendor/phpunit/phpunit/src/TextUI/TestRunner.php(63): PHPUnit\Framework\TestSuite->run()
#16 /home/haslam/Documents/developmentTraining/training-php/perpustakaan/vendor/phpunit/phpunit/src/TextUI/Application.php(177): PHPUnit\TextUI\TestRunner->run()
#17 /home/haslam/Documents/developmentTraining/training-php/perpustakaan/vendor/phpunit/phpunit/phpunit(99): PHPUnit\TextUI\Application->run()
#18 {main}
ERROR - 2023-10-02 12:33:52 --> mysqli_sql_exception: Duplicate entry 'yummy@gmail.com' for key 'user.email' in /home/haslam/Documents/developmentTraining/training-php/perpustakaan/system/Database/MySQLi/Connection.php:306
Stack trace:
#0 /home/haslam/Documents/developmentTraining/training-php/perpustakaan/system/Database/MySQLi/Connection.php(306): mysqli->query()
#1 /home/haslam/Documents/developmentTraining/training-php/perpustakaan/system/Database/BaseConnection.php(692): CodeIgniter\Database\MySQLi\Connection->execute()
#2 /home/haslam/Documents/developmentTraining/training-php/perpustakaan/system/Database/BaseConnection.php(606): CodeIgniter\Database\BaseConnection->simpleQuery()
#3 /home/haslam/Documents/developmentTraining/training-php/perpustakaan/system/Database/BaseBuilder.php(2308): CodeIgniter\Database\BaseConnection->query()
#4 /home/haslam/Documents/developmentTraining/training-php/perpustakaan/system/Model.php(319): CodeIgniter\Database\BaseBuilder->insert()
#5 /home/haslam/Documents/developmentTraining/training-php/perpustakaan/system/BaseModel.php(788): CodeIgniter\Model->doInsert()
#6 /home/haslam/Documents/developmentTraining/training-php/perpustakaan/system/Model.php(715): CodeIgniter\BaseModel->insert()
#7 /home/haslam/Documents/developmentTraining/training-php/perpustakaan/app/Models/UserModel.php(94): CodeIgniter\Model->insert()
#8 /home/haslam/Documents/developmentTraining/training-php/perpustakaan/tests/ModelTest/FailedTest/UserModelTest.php(51): App\Models\UserModel->insertData()
#9 /home/haslam/Documents/developmentTraining/training-php/perpustakaan/vendor/phpunit/phpunit/src/Framework/TestCase.php(1102): ModelTest\FailedTest\UserModelTest->testInsertDataFailed()
#10 /home/haslam/Documents/developmentTraining/training-php/perpustakaan/vendor/phpunit/phpunit/src/Framework/TestCase.php(653): PHPUnit\Framework\TestCase->runTest()
#11 /home/haslam/Documents/developmentTraining/training-php/perpustakaan/vendor/phpunit/phpunit/src/Framework/TestRunner.php(103): PHPUnit\Framework\TestCase->runBare()
#12 /home/haslam/Documents/developmentTraining/training-php/perpustakaan/vendor/phpunit/phpunit/src/Framework/TestCase.php(489): PHPUnit\Framework\TestRunner->run()
#13 /home/haslam/Documents/developmentTraining/training-php/perpustakaan/vendor/phpunit/phpunit/src/Framework/TestSuite.php(340): PHPUnit\Framework\TestCase->run()
#14 /home/haslam/Documents/developmentTraining/training-php/perpustakaan/vendor/phpunit/phpunit/src/Framework/TestSuite.php(340): PHPUnit\Framework\TestSuite->run()
#15 /home/haslam/Documents/developmentTraining/training-php/perpustakaan/vendor/phpunit/phpunit/src/TextUI/TestRunner.php(63): PHPUnit\Framework\TestSuite->run()
#16 /home/haslam/Documents/developmentTraining/training-php/perpustakaan/vendor/phpunit/phpunit/src/TextUI/Application.php(177): PHPUnit\TextUI\TestRunner->run()
#17 /home/haslam/Documents/developmentTraining/training-php/perpustakaan/vendor/phpunit/phpunit/phpunit(99): PHPUnit\TextUI\Application->run()
#18 {main}
ERROR - 2023-10-02 12:35:48 --> mysqli_sql_exception: Duplicate entry 'yummy@gmail.com' for key 'user.email' in /home/haslam/Documents/developmentTraining/training-php/perpustakaan/system/Database/MySQLi/Connection.php:306
Stack trace:
#0 /home/haslam/Documents/developmentTraining/training-php/perpustakaan/system/Database/MySQLi/Connection.php(306): mysqli->query()
#1 /home/haslam/Documents/developmentTraining/training-php/perpustakaan/system/Database/BaseConnection.php(692): CodeIgniter\Database\MySQLi\Connection->execute()
#2 /home/haslam/Documents/developmentTraining/training-php/perpustakaan/system/Database/BaseConnection.php(606): CodeIgniter\Database\BaseConnection->simpleQuery()
#3 /home/haslam/Documents/developmentTraining/training-php/perpustakaan/system/Database/BaseBuilder.php(2308): CodeIgniter\Database\BaseConnection->query()
#4 /home/haslam/Documents/developmentTraining/training-php/perpustakaan/system/Model.php(319): CodeIgniter\Database\BaseBuilder->insert()
#5 /home/haslam/Documents/developmentTraining/training-php/perpustakaan/system/BaseModel.php(788): CodeIgniter\Model->doInsert()
#6 /home/haslam/Documents/developmentTraining/training-php/perpustakaan/system/Model.php(715): CodeIgniter\BaseModel->insert()
#7 /home/haslam/Documents/developmentTraining/training-php/perpustakaan/app/Models/UserModel.php(94): CodeIgniter\Model->insert()
#8 /home/haslam/Documents/developmentTraining/training-php/perpustakaan/tests/ModelTest/SuccessTest/UserModelTest.php(45): App\Models\UserModel->insertData()
#9 /home/haslam/Documents/developmentTraining/training-php/perpustakaan/vendor/phpunit/phpunit/src/Framework/TestCase.php(1102): ModelTest\SuccessTest\UserModelTest->testInsertDataSuccess()
#10 /home/haslam/Documents/developmentTraining/training-php/perpustakaan/vendor/phpunit/phpunit/src/Framework/TestCase.php(653): PHPUnit\Framework\TestCase->runTest()
#11 /home/haslam/Documents/developmentTraining/training-php/perpustakaan/vendor/phpunit/phpunit/src/Framework/TestRunner.php(103): PHPUnit\Framework\TestCase->runBare()
#12 /home/haslam/Documents/developmentTraining/training-php/perpustakaan/vendor/phpunit/phpunit/src/Framework/TestCase.php(489): PHPUnit\Framework\TestRunner->run()
#13 /home/haslam/Documents/developmentTraining/training-php/perpustakaan/vendor/phpunit/phpunit/src/Framework/TestSuite.php(340): PHPUnit\Framework\TestCase->run()
#14 /home/haslam/Documents/developmentTraining/training-php/perpustakaan/vendor/phpunit/phpunit/src/Framework/TestSuite.php(340): PHPUnit\Framework\TestSuite->run()
#15 /home/haslam/Documents/developmentTraining/training-php/perpustakaan/vendor/phpunit/phpunit/src/TextUI/TestRunner.php(63): PHPUnit\Framework\TestSuite->run()
#16 /home/haslam/Documents/developmentTraining/training-php/perpustakaan/vendor/phpunit/phpunit/src/TextUI/Application.php(177): PHPUnit\TextUI\TestRunner->run()
#17 /home/haslam/Documents/developmentTraining/training-php/perpustakaan/vendor/phpunit/phpunit/phpunit(99): PHPUnit\TextUI\Application->run()
#18 {main}
CRITICAL - 2023-10-02 23:49:10 --> App\Exception\DatabaseExceptionNotFound::__construct(): Argument #2 ($httpStatusCode) must be of type CodeIgniter\HTTP\ResponseInterface, int given, called in /home/haslam/Documents/developmentTraining/training-php/perpustakaan/app/Models/UserModel.php on line 121
in APPPATH/Exception/DatabaseExceptionNotFound.php on line 12.
 1 APPPATH/Models/UserModel.php(121): App\Exception\DatabaseExceptionNotFound->__construct()
 2 APPPATH/Controllers/Home.php(43): App\Models\UserModel->getUserByEmail()
 3 SYSTEMPATH/CodeIgniter.php(919): App\Controllers\Home->index()
 4 SYSTEMPATH/CodeIgniter.php(494): CodeIgniter\CodeIgniter->runController()
 5 SYSTEMPATH/CodeIgniter.php(353): CodeIgniter\CodeIgniter->handleRequest()
 6 FCPATH/index.php(79): CodeIgniter\CodeIgniter->run()
 7 SYSTEMPATH/Commands/Server/rewrite.php(47): require_once('/home/haslam/Documents/developmentTraining/training-php/perpustakaan/public/index.php')
CRITICAL - 2023-10-02 23:51:25 --> App\Exception\DatabaseExceptionNotFound::__construct(): Argument #2 ($httpStatusCode) must be of type CodeIgniter\HTTP\ResponseInterface, int given, called in /home/haslam/Documents/developmentTraining/training-php/perpustakaan/app/Models/UserModel.php on line 121
in APPPATH/Exception/DatabaseExceptionNotFound.php on line 12.
 1 APPPATH/Models/UserModel.php(121): App\Exception\DatabaseExceptionNotFound->__construct()
 2 APPPATH/Controllers/Home.php(44): App\Models\UserModel->getUserByEmail()
 3 SYSTEMPATH/CodeIgniter.php(919): App\Controllers\Home->index()
 4 SYSTEMPATH/CodeIgniter.php(494): CodeIgniter\CodeIgniter->runController()
 5 SYSTEMPATH/CodeIgniter.php(353): CodeIgniter\CodeIgniter->handleRequest()
 6 FCPATH/index.php(79): CodeIgniter\CodeIgniter->run()
 7 SYSTEMPATH/Commands/Server/rewrite.php(47): require_once('/home/haslam/Documents/developmentTraining/training-php/perpustakaan/public/index.php')
CRITICAL - 2023-10-02 23:51:51 --> syntax error, unexpected identifier "HTTP_NOT_FOUND", expecting variable or "$"
in APPPATH/Models/UserModel.php on line 122.
 1 SYSTEMPATH/Autoloader/Autoloader.php(285): CodeIgniter\Autoloader\Autoloader->includeFile()
 2 SYSTEMPATH/Autoloader/Autoloader.php(263): CodeIgniter\Autoloader\Autoloader->loadInNamespace()
 3 APPPATH/Controllers/Home.php(43): CodeIgniter\Autoloader\Autoloader->loadClass()
 4 SYSTEMPATH/CodeIgniter.php(919): App\Controllers\Home->index()
 5 SYSTEMPATH/CodeIgniter.php(494): CodeIgniter\CodeIgniter->runController()
 6 SYSTEMPATH/CodeIgniter.php(353): CodeIgniter\CodeIgniter->handleRequest()
 7 FCPATH/index.php(79): CodeIgniter\CodeIgniter->run()
 8 SYSTEMPATH/Commands/Server/rewrite.php(47): require_once('/home/haslam/Documents/developmentTraining/training-php/perpustakaan/public/index.php')
CRITICAL - 2023-10-02 23:52:24 --> syntax error, unexpected identifier "HTTP_NOT_FOUND", expecting variable or "$"
in APPPATH/Models/UserModel.php on line 116.
 1 SYSTEMPATH/Autoloader/Autoloader.php(285): CodeIgniter\Autoloader\Autoloader->includeFile()
 2 SYSTEMPATH/Autoloader/Autoloader.php(263): CodeIgniter\Autoloader\Autoloader->loadInNamespace()
 3 APPPATH/Controllers/Home.php(43): CodeIgniter\Autoloader\Autoloader->loadClass()
 4 SYSTEMPATH/CodeIgniter.php(919): App\Controllers\Home->index()
 5 SYSTEMPATH/CodeIgniter.php(494): CodeIgniter\CodeIgniter->runController()
 6 SYSTEMPATH/CodeIgniter.php(353): CodeIgniter\CodeIgniter->handleRequest()
 7 FCPATH/index.php(79): CodeIgniter\CodeIgniter->run()
 8 SYSTEMPATH/Commands/Server/rewrite.php(47): require_once('/home/haslam/Documents/developmentTraining/training-php/perpustakaan/public/index.php')
CRITICAL - 2023-10-02 23:54:43 --> App\Exception\DatabaseExceptionNotFound::__construct(): Argument #2 ($httpStatusCode) must be of type CodeIgniter\HTTP\Response, int given, called in /home/haslam/Documents/developmentTraining/training-php/perpustakaan/app/Models/UserModel.php on line 123
in APPPATH/Exception/DatabaseExceptionNotFound.php on line 13.
 1 APPPATH/Models/UserModel.php(123): App\Exception\DatabaseExceptionNotFound->__construct()
 2 APPPATH/Controllers/Home.php(44): App\Models\UserModel->getUserByEmail()
 3 SYSTEMPATH/CodeIgniter.php(919): App\Controllers\Home->index()
 4 SYSTEMPATH/CodeIgniter.php(494): CodeIgniter\CodeIgniter->runController()
 5 SYSTEMPATH/CodeIgniter.php(353): CodeIgniter\CodeIgniter->handleRequest()
 6 FCPATH/index.php(79): CodeIgniter\CodeIgniter->run()
 7 SYSTEMPATH/Commands/Server/rewrite.php(47): require_once('/home/haslam/Documents/developmentTraining/training-php/perpustakaan/public/index.php')
