ERROR - 2023-10-04 05:23:52 --> mysqli_sql_exception: Duplicate entry 'buku perjuangan' for key 'kategori_buku.nama_kategori' in /home/haslam/Documents/developmentTraining/training-php/perpustakaan/system/Database/MySQLi/Connection.php:306
Stack trace:
#0 /home/haslam/Documents/developmentTraining/training-php/perpustakaan/system/Database/MySQLi/Connection.php(306): mysqli->query()
#1 /home/haslam/Documents/developmentTraining/training-php/perpustakaan/system/Database/BaseConnection.php(692): CodeIgniter\Database\MySQLi\Connection->execute()
#2 /home/haslam/Documents/developmentTraining/training-php/perpustakaan/system/Database/BaseConnection.php(606): CodeIgniter\Database\BaseConnection->simpleQuery()
#3 /home/haslam/Documents/developmentTraining/training-php/perpustakaan/system/Database/BaseBuilder.php(2308): CodeIgniter\Database\BaseConnection->query()
#4 /home/haslam/Documents/developmentTraining/training-php/perpustakaan/system/Model.php(319): CodeIgniter\Database\BaseBuilder->insert()
#5 /home/haslam/Documents/developmentTraining/training-php/perpustakaan/system/BaseModel.php(788): CodeIgniter\Model->doInsert()
#6 /home/haslam/Documents/developmentTraining/training-php/perpustakaan/system/Model.php(715): CodeIgniter\BaseModel->insert()
#7 /home/haslam/Documents/developmentTraining/training-php/perpustakaan/app/Models/KategoriBukuModel.php(64): CodeIgniter\Model->insert()
#8 /home/haslam/Documents/developmentTraining/training-php/perpustakaan/app/Controllers/Home.php(33): App\Models\KategoriBukuModel->insertData()
#9 /home/haslam/Documents/developmentTraining/training-php/perpustakaan/system/CodeIgniter.php(919): App\Controllers\Home->index()
#10 /home/haslam/Documents/developmentTraining/training-php/perpustakaan/system/CodeIgniter.php(494): CodeIgniter\CodeIgniter->runController()
#11 /home/haslam/Documents/developmentTraining/training-php/perpustakaan/system/CodeIgniter.php(353): CodeIgniter\CodeIgniter->handleRequest()
#12 /home/haslam/Documents/developmentTraining/training-php/perpustakaan/public/index.php(79): CodeIgniter\CodeIgniter->run()
#13 /home/haslam/Documents/developmentTraining/training-php/perpustakaan/system/Commands/Server/rewrite.php(47): require_once('...')
#14 {main}
CRITICAL - 2023-10-04 05:23:52 --> Duplicate entry 'buku perjuangan' for key 'kategori_buku.nama_kategori'
in SYSTEMPATH/Database/BaseConnection.php on line 646.
 1 SYSTEMPATH/Database/BaseBuilder.php(2308): CodeIgniter\Database\BaseConnection->query()
 2 SYSTEMPATH/Model.php(319): CodeIgniter\Database\BaseBuilder->insert()
 3 SYSTEMPATH/BaseModel.php(788): CodeIgniter\Model->doInsert()
 4 SYSTEMPATH/Model.php(715): CodeIgniter\BaseModel->insert()
 5 APPPATH/Models/KategoriBukuModel.php(64): CodeIgniter\Model->insert()
 6 APPPATH/Controllers/Home.php(33): App\Models\KategoriBukuModel->insertData()
 7 SYSTEMPATH/CodeIgniter.php(919): App\Controllers\Home->index()
 8 SYSTEMPATH/CodeIgniter.php(494): CodeIgniter\CodeIgniter->runController()
 9 SYSTEMPATH/CodeIgniter.php(353): CodeIgniter\CodeIgniter->handleRequest()
10 FCPATH/index.php(79): CodeIgniter\CodeIgniter->run()
11 SYSTEMPATH/Commands/Server/rewrite.php(47): require_once('/home/haslam/Documents/developmentTraining/training-php/perpustakaan/public/index.php')
ERROR - 2023-10-04 05:33:51 --> mysqli_sql_exception: Duplicate entry 'buku perjuangan' for key 'kategori_buku.nama_kategori' in /home/haslam/Documents/developmentTraining/training-php/perpustakaan/system/Database/MySQLi/Connection.php:306
Stack trace:
#0 /home/haslam/Documents/developmentTraining/training-php/perpustakaan/system/Database/MySQLi/Connection.php(306): mysqli->query()
#1 /home/haslam/Documents/developmentTraining/training-php/perpustakaan/system/Database/BaseConnection.php(692): CodeIgniter\Database\MySQLi\Connection->execute()
#2 /home/haslam/Documents/developmentTraining/training-php/perpustakaan/system/Database/BaseConnection.php(606): CodeIgniter\Database\BaseConnection->simpleQuery()
#3 /home/haslam/Documents/developmentTraining/training-php/perpustakaan/system/Database/BaseBuilder.php(2308): CodeIgniter\Database\BaseConnection->query()
#4 /home/haslam/Documents/developmentTraining/training-php/perpustakaan/system/Model.php(319): CodeIgniter\Database\BaseBuilder->insert()
#5 /home/haslam/Documents/developmentTraining/training-php/perpustakaan/system/BaseModel.php(788): CodeIgniter\Model->doInsert()
#6 /home/haslam/Documents/developmentTraining/training-php/perpustakaan/system/Model.php(715): CodeIgniter\BaseModel->insert()
#7 /home/haslam/Documents/developmentTraining/training-php/perpustakaan/app/Models/KategoriBukuModel.php(65): CodeIgniter\Model->insert()
#8 /home/haslam/Documents/developmentTraining/training-php/perpustakaan/app/Controllers/Home.php(27): App\Models\KategoriBukuModel->insertData()
#9 /home/haslam/Documents/developmentTraining/training-php/perpustakaan/system/CodeIgniter.php(919): App\Controllers\Home->index()
#10 /home/haslam/Documents/developmentTraining/training-php/perpustakaan/system/CodeIgniter.php(494): CodeIgniter\CodeIgniter->runController()
#11 /home/haslam/Documents/developmentTraining/training-php/perpustakaan/system/CodeIgniter.php(353): CodeIgniter\CodeIgniter->handleRequest()
#12 /home/haslam/Documents/developmentTraining/training-php/perpustakaan/public/index.php(79): CodeIgniter\CodeIgniter->run()
#13 /home/haslam/Documents/developmentTraining/training-php/perpustakaan/system/Commands/Server/rewrite.php(47): require_once('...')
#14 {main}
ERROR - 2023-10-04 05:34:18 --> mysqli_sql_exception: Duplicate entry 'buku perjuangan' for key 'kategori_buku.nama_kategori' in /home/haslam/Documents/developmentTraining/training-php/perpustakaan/system/Database/MySQLi/Connection.php:306
Stack trace:
#0 /home/haslam/Documents/developmentTraining/training-php/perpustakaan/system/Database/MySQLi/Connection.php(306): mysqli->query()
#1 /home/haslam/Documents/developmentTraining/training-php/perpustakaan/system/Database/BaseConnection.php(692): CodeIgniter\Database\MySQLi\Connection->execute()
#2 /home/haslam/Documents/developmentTraining/training-php/perpustakaan/system/Database/BaseConnection.php(606): CodeIgniter\Database\BaseConnection->simpleQuery()
#3 /home/haslam/Documents/developmentTraining/training-php/perpustakaan/system/Database/BaseBuilder.php(2308): CodeIgniter\Database\BaseConnection->query()
#4 /home/haslam/Documents/developmentTraining/training-php/perpustakaan/system/Model.php(319): CodeIgniter\Database\BaseBuilder->insert()
#5 /home/haslam/Documents/developmentTraining/training-php/perpustakaan/system/BaseModel.php(788): CodeIgniter\Model->doInsert()
#6 /home/haslam/Documents/developmentTraining/training-php/perpustakaan/system/Model.php(715): CodeIgniter\BaseModel->insert()
#7 /home/haslam/Documents/developmentTraining/training-php/perpustakaan/app/Models/KategoriBukuModel.php(65): CodeIgniter\Model->insert()
#8 /home/haslam/Documents/developmentTraining/training-php/perpustakaan/app/Controllers/Home.php(27): App\Models\KategoriBukuModel->insertData()
#9 /home/haslam/Documents/developmentTraining/training-php/perpustakaan/system/CodeIgniter.php(919): App\Controllers\Home->index()
#10 /home/haslam/Documents/developmentTraining/training-php/perpustakaan/system/CodeIgniter.php(494): CodeIgniter\CodeIgniter->runController()
#11 /home/haslam/Documents/developmentTraining/training-php/perpustakaan/system/CodeIgniter.php(353): CodeIgniter\CodeIgniter->handleRequest()
#12 /home/haslam/Documents/developmentTraining/training-php/perpustakaan/public/index.php(79): CodeIgniter\CodeIgniter->run()
#13 /home/haslam/Documents/developmentTraining/training-php/perpustakaan/system/Commands/Server/rewrite.php(47): require_once('...')
#14 {main}
