ERROR - 2023-10-06 00:39:29 --> mysqli_sql_exception: Cannot add or update a child row: a foreign key constraint fails (`perpustakaan`.`buku`, CONSTRAINT `buku_ibfk_1` FOREIGN KEY (`id_kategori`) REFERENCES `kategori_buku` (`id_kategori`) ON DELETE CASCADE ON UPDATE CASCADE) in /home/haslam/Documents/developmentTraining/training-php/perpustakaan/system/Database/MySQLi/Connection.php:306
Stack trace:
#0 /home/haslam/Documents/developmentTraining/training-php/perpustakaan/system/Database/MySQLi/Connection.php(306): mysqli->query()
#1 /home/haslam/Documents/developmentTraining/training-php/perpustakaan/system/Database/BaseConnection.php(692): CodeIgniter\Database\MySQLi\Connection->execute()
#2 /home/haslam/Documents/developmentTraining/training-php/perpustakaan/system/Database/BaseConnection.php(606): CodeIgniter\Database\BaseConnection->simpleQuery()
#3 /home/haslam/Documents/developmentTraining/training-php/perpustakaan/system/Database/BaseBuilder.php(2308): CodeIgniter\Database\BaseConnection->query()
#4 /home/haslam/Documents/developmentTraining/training-php/perpustakaan/system/Model.php(319): CodeIgniter\Database\BaseBuilder->insert()
#5 /home/haslam/Documents/developmentTraining/training-php/perpustakaan/system/BaseModel.php(788): CodeIgniter\Model->doInsert()
#6 /home/haslam/Documents/developmentTraining/training-php/perpustakaan/system/Model.php(715): CodeIgniter\BaseModel->insert()
#7 /home/haslam/Documents/developmentTraining/training-php/perpustakaan/app/Models/BukuModel.php(113): CodeIgniter\Model->insert()
#8 /home/haslam/Documents/developmentTraining/training-php/perpustakaan/tests/ModelTest/SuccessTest/BukuModelTest.php(58): App\Models\BukuModel->insertData()
#9 /home/haslam/Documents/developmentTraining/training-php/perpustakaan/vendor/phpunit/phpunit/src/Framework/TestCase.php(1102): ModelTest\SuccessTest\BukuModelTest->testInsertDataSuccess()
#10 /home/haslam/Documents/developmentTraining/training-php/perpustakaan/vendor/phpunit/phpunit/src/Framework/TestCase.php(653): PHPUnit\Framework\TestCase->runTest()
#11 /home/haslam/Documents/developmentTraining/training-php/perpustakaan/vendor/phpunit/phpunit/src/Framework/TestRunner.php(103): PHPUnit\Framework\TestCase->runBare()
#12 /home/haslam/Documents/developmentTraining/training-php/perpustakaan/vendor/phpunit/phpunit/src/Framework/TestCase.php(489): PHPUnit\Framework\TestRunner->run()
#13 /home/haslam/Documents/developmentTraining/training-php/perpustakaan/vendor/phpunit/phpunit/src/Framework/TestSuite.php(340): PHPUnit\Framework\TestCase->run()
#14 /home/haslam/Documents/developmentTraining/training-php/perpustakaan/vendor/phpunit/phpunit/src/Framework/TestSuite.php(340): PHPUnit\Framework\TestSuite->run()
#15 /home/haslam/Documents/developmentTraining/training-php/perpustakaan/vendor/phpunit/phpunit/src/Framework/TestSuite.php(340): PHPUnit\Framework\TestSuite->run()
#16 /home/haslam/Documents/developmentTraining/training-php/perpustakaan/vendor/phpunit/phpunit/src/TextUI/TestRunner.php(63): PHPUnit\Framework\TestSuite->run()
#17 /home/haslam/Documents/developmentTraining/training-php/perpustakaan/vendor/phpunit/phpunit/src/TextUI/Application.php(177): PHPUnit\TextUI\TestRunner->run()
#18 /home/haslam/Documents/developmentTraining/training-php/perpustakaan/vendor/phpunit/phpunit/phpunit(99): PHPUnit\TextUI\Application->run()
#19 {main}
ERROR - 2023-10-06 00:40:04 --> mysqli_sql_exception: Cannot add or update a child row: a foreign key constraint fails (`perpustakaan`.`buku`, CONSTRAINT `buku_ibfk_1` FOREIGN KEY (`id_kategori`) REFERENCES `kategori_buku` (`id_kategori`) ON DELETE CASCADE ON UPDATE CASCADE) in /home/haslam/Documents/developmentTraining/training-php/perpustakaan/system/Database/MySQLi/Connection.php:306
Stack trace:
#0 /home/haslam/Documents/developmentTraining/training-php/perpustakaan/system/Database/MySQLi/Connection.php(306): mysqli->query()
#1 /home/haslam/Documents/developmentTraining/training-php/perpustakaan/system/Database/BaseConnection.php(692): CodeIgniter\Database\MySQLi\Connection->execute()
#2 /home/haslam/Documents/developmentTraining/training-php/perpustakaan/system/Database/BaseConnection.php(606): CodeIgniter\Database\BaseConnection->simpleQuery()
#3 /home/haslam/Documents/developmentTraining/training-php/perpustakaan/system/Database/BaseBuilder.php(2308): CodeIgniter\Database\BaseConnection->query()
#4 /home/haslam/Documents/developmentTraining/training-php/perpustakaan/system/Model.php(319): CodeIgniter\Database\BaseBuilder->insert()
#5 /home/haslam/Documents/developmentTraining/training-php/perpustakaan/system/BaseModel.php(788): CodeIgniter\Model->doInsert()
#6 /home/haslam/Documents/developmentTraining/training-php/perpustakaan/system/Model.php(715): CodeIgniter\BaseModel->insert()
#7 /home/haslam/Documents/developmentTraining/training-php/perpustakaan/app/Models/BukuModel.php(113): CodeIgniter\Model->insert()
#8 /home/haslam/Documents/developmentTraining/training-php/perpustakaan/tests/ModelTest/SuccessTest/BukuModelTest.php(58): App\Models\BukuModel->insertData()
#9 /home/haslam/Documents/developmentTraining/training-php/perpustakaan/vendor/phpunit/phpunit/src/Framework/TestCase.php(1102): ModelTest\SuccessTest\BukuModelTest->testInsertDataSuccess()
#10 /home/haslam/Documents/developmentTraining/training-php/perpustakaan/vendor/phpunit/phpunit/src/Framework/TestCase.php(653): PHPUnit\Framework\TestCase->runTest()
#11 /home/haslam/Documents/developmentTraining/training-php/perpustakaan/vendor/phpunit/phpunit/src/Framework/TestRunner.php(103): PHPUnit\Framework\TestCase->runBare()
#12 /home/haslam/Documents/developmentTraining/training-php/perpustakaan/vendor/phpunit/phpunit/src/Framework/TestCase.php(489): PHPUnit\Framework\TestRunner->run()
#13 /home/haslam/Documents/developmentTraining/training-php/perpustakaan/vendor/phpunit/phpunit/src/Framework/TestSuite.php(340): PHPUnit\Framework\TestCase->run()
#14 /home/haslam/Documents/developmentTraining/training-php/perpustakaan/vendor/phpunit/phpunit/src/Framework/TestSuite.php(340): PHPUnit\Framework\TestSuite->run()
#15 /home/haslam/Documents/developmentTraining/training-php/perpustakaan/vendor/phpunit/phpunit/src/Framework/TestSuite.php(340): PHPUnit\Framework\TestSuite->run()
#16 /home/haslam/Documents/developmentTraining/training-php/perpustakaan/vendor/phpunit/phpunit/src/TextUI/TestRunner.php(63): PHPUnit\Framework\TestSuite->run()
#17 /home/haslam/Documents/developmentTraining/training-php/perpustakaan/vendor/phpunit/phpunit/src/TextUI/Application.php(177): PHPUnit\TextUI\TestRunner->run()
#18 /home/haslam/Documents/developmentTraining/training-php/perpustakaan/vendor/phpunit/phpunit/phpunit(99): PHPUnit\TextUI\Application->run()
#19 {main}
CRITICAL - 2023-10-06 02:58:12 --> Invalid file: "Template\CoreTemplate.php"
in SYSTEMPATH/Exceptions/FrameworkException.php on line 39.
 1 SYSTEMPATH/View/View.php(214): CodeIgniter\Exceptions\FrameworkException::forInvalidFile()
 2 SYSTEMPATH/Common.php(1188): CodeIgniter\View\View->render()
 3 APPPATH/Controllers/Home.php(19): view()
 4 SYSTEMPATH/CodeIgniter.php(919): App\Controllers\Home->index()
 5 SYSTEMPATH/CodeIgniter.php(494): CodeIgniter\CodeIgniter->runController()
 6 SYSTEMPATH/CodeIgniter.php(353): CodeIgniter\CodeIgniter->handleRequest()
 7 FCPATH/index.php(79): CodeIgniter\CodeIgniter->run()
 8 SYSTEMPATH/Commands/Server/rewrite.php(47): require_once('/home/haslam/Documents/developmentTraining/training-php/perpustakaan/public/index.php')
