CRITICAL - 2023-09-26 12:00:15 --> Undefined property: App\Entity\Enum\RoleUser::$value
in APPPATH/Controllers/Home.php on line 21.
 1 APPPATH/Controllers/Home.php(21): CodeIgniter\Debug\Exceptions->errorHandler()
 2 SYSTEMPATH/CodeIgniter.php(919): App\Controllers\Home->index()
 3 SYSTEMPATH/CodeIgniter.php(494): CodeIgniter\CodeIgniter->runController()
 4 SYSTEMPATH/CodeIgniter.php(353): CodeIgniter\CodeIgniter->handleRequest()
 5 FCPATH/index.php(79): CodeIgniter\CodeIgniter->run()
 6 SYSTEMPATH/Commands/Server/rewrite.php(47): require_once('/home/haslam/Documents/developmentTraining/training-php/perpustakaan/public/index.php')
CRITICAL - 2023-09-26 12:00:17 --> Undefined property: App\Entity\Enum\RoleUser::$value
in APPPATH/Controllers/Home.php on line 21.
 1 APPPATH/Controllers/Home.php(21): CodeIgniter\Debug\Exceptions->errorHandler()
 2 SYSTEMPATH/CodeIgniter.php(919): App\Controllers\Home->index()
 3 SYSTEMPATH/CodeIgniter.php(494): CodeIgniter\CodeIgniter->runController()
 4 SYSTEMPATH/CodeIgniter.php(353): CodeIgniter\CodeIgniter->handleRequest()
 5 FCPATH/index.php(79): CodeIgniter\CodeIgniter->run()
 6 SYSTEMPATH/Commands/Server/rewrite.php(47): require_once('/home/haslam/Documents/developmentTraining/training-php/perpustakaan/public/index.php')
CRITICAL - 2023-09-26 12:18:46 --> Failed to parse time string (Y-m-d H:i:s) at position 1 (-): Unexpected character
in APPPATH/Controllers/Home.php on line 21.
 1 APPPATH/Controllers/Home.php(21): DateTime->__construct()
 2 SYSTEMPATH/CodeIgniter.php(919): App\Controllers\Home->index()
 3 SYSTEMPATH/CodeIgniter.php(494): CodeIgniter\CodeIgniter->runController()
 4 SYSTEMPATH/CodeIgniter.php(353): CodeIgniter\CodeIgniter->handleRequest()
 5 FCPATH/index.php(79): CodeIgniter\CodeIgniter->run()
 6 SYSTEMPATH/Commands/Server/rewrite.php(47): require_once('/home/haslam/Documents/developmentTraining/training-php/perpustakaan/public/index.php')
CRITICAL - 2023-09-26 12:18:47 --> Failed to parse time string (Y-m-d H:i:s) at position 1 (-): Unexpected character
in APPPATH/Controllers/Home.php on line 21.
 1 APPPATH/Controllers/Home.php(21): DateTime->__construct()
 2 SYSTEMPATH/CodeIgniter.php(919): App\Controllers\Home->index()
 3 SYSTEMPATH/CodeIgniter.php(494): CodeIgniter\CodeIgniter->runController()
 4 SYSTEMPATH/CodeIgniter.php(353): CodeIgniter\CodeIgniter->handleRequest()
 5 FCPATH/index.php(79): CodeIgniter\CodeIgniter->run()
 6 SYSTEMPATH/Commands/Server/rewrite.php(47): require_once('/home/haslam/Documents/developmentTraining/training-php/perpustakaan/public/index.php')
CRITICAL - 2023-09-26 12:18:58 --> Failed to parse time string (Y-m-d H:i:s) at position 1 (-): Unexpected character
in APPPATH/Controllers/Home.php on line 21.
 1 APPPATH/Controllers/Home.php(21): DateTime->__construct()
 2 SYSTEMPATH/CodeIgniter.php(919): App\Controllers\Home->index()
 3 SYSTEMPATH/CodeIgniter.php(494): CodeIgniter\CodeIgniter->runController()
 4 SYSTEMPATH/CodeIgniter.php(353): CodeIgniter\CodeIgniter->handleRequest()
 5 FCPATH/index.php(79): CodeIgniter\CodeIgniter->run()
 6 SYSTEMPATH/Commands/Server/rewrite.php(47): require_once('/home/haslam/Documents/developmentTraining/training-php/perpustakaan/public/index.php')
CRITICAL - 2023-09-26 12:25:26 --> Failed to parse time string (Y-m-d H:i:s) at position 1 (-): Unexpected character
in APPPATH/Controllers/Home.php on line 21.
 1 APPPATH/Controllers/Home.php(21): DateTime->__construct()
 2 SYSTEMPATH/CodeIgniter.php(919): App\Controllers\Home->index()
 3 SYSTEMPATH/CodeIgniter.php(494): CodeIgniter\CodeIgniter->runController()
 4 SYSTEMPATH/CodeIgniter.php(353): CodeIgniter\CodeIgniter->handleRequest()
 5 FCPATH/index.php(79): CodeIgniter\CodeIgniter->run()
 6 SYSTEMPATH/Commands/Server/rewrite.php(47): require_once('/home/haslam/Documents/developmentTraining/training-php/perpustakaan/public/index.php')
CRITICAL - 2023-09-26 12:44:07 --> DateTime::__construct(): Argument #2 ($timezone) must be of type ?DateTimeZone, int given
in APPPATH/Controllers/Home.php on line 23.
 1 APPPATH/Controllers/Home.php(23): DateTime->__construct()
 2 SYSTEMPATH/CodeIgniter.php(919): App\Controllers\Home->index()
 3 SYSTEMPATH/CodeIgniter.php(494): CodeIgniter\CodeIgniter->runController()
 4 SYSTEMPATH/CodeIgniter.php(353): CodeIgniter\CodeIgniter->handleRequest()
 5 FCPATH/index.php(79): CodeIgniter\CodeIgniter->run()
 6 SYSTEMPATH/Commands/Server/rewrite.php(47): require_once('/home/haslam/Documents/developmentTraining/training-php/perpustakaan/public/index.php')
CRITICAL - 2023-09-26 12:44:08 --> DateTime::__construct(): Argument #2 ($timezone) must be of type ?DateTimeZone, int given
in APPPATH/Controllers/Home.php on line 23.
 1 APPPATH/Controllers/Home.php(23): DateTime->__construct()
 2 SYSTEMPATH/CodeIgniter.php(919): App\Controllers\Home->index()
 3 SYSTEMPATH/CodeIgniter.php(494): CodeIgniter\CodeIgniter->runController()
 4 SYSTEMPATH/CodeIgniter.php(353): CodeIgniter\CodeIgniter->handleRequest()
 5 FCPATH/index.php(79): CodeIgniter\CodeIgniter->run()
 6 SYSTEMPATH/Commands/Server/rewrite.php(47): require_once('/home/haslam/Documents/developmentTraining/training-php/perpustakaan/public/index.php')
CRITICAL - 2023-09-26 12:45:18 --> DateTime::__construct(): Argument #2 ($timezone) must be of type ?DateTimeZone, string given
in APPPATH/Controllers/Home.php on line 23.
 1 APPPATH/Controllers/Home.php(23): DateTime->__construct()
 2 SYSTEMPATH/CodeIgniter.php(919): App\Controllers\Home->index()
 3 SYSTEMPATH/CodeIgniter.php(494): CodeIgniter\CodeIgniter->runController()
 4 SYSTEMPATH/CodeIgniter.php(353): CodeIgniter\CodeIgniter->handleRequest()
 5 FCPATH/index.php(79): CodeIgniter\CodeIgniter->run()
 6 SYSTEMPATH/Commands/Server/rewrite.php(47): require_once('/home/haslam/Documents/developmentTraining/training-php/perpustakaan/public/index.php')
CRITICAL - 2023-09-26 12:45:40 --> DateTimeZone::__construct(): Unknown or bad timezone (asia)
in APPPATH/Controllers/Home.php on line 23.
 1 APPPATH/Controllers/Home.php(23): DateTimeZone->__construct()
 2 SYSTEMPATH/CodeIgniter.php(919): App\Controllers\Home->index()
 3 SYSTEMPATH/CodeIgniter.php(494): CodeIgniter\CodeIgniter->runController()
 4 SYSTEMPATH/CodeIgniter.php(353): CodeIgniter\CodeIgniter->handleRequest()
 5 FCPATH/index.php(79): CodeIgniter\CodeIgniter->run()
 6 SYSTEMPATH/Commands/Server/rewrite.php(47): require_once('/home/haslam/Documents/developmentTraining/training-php/perpustakaan/public/index.php')
CRITICAL - 2023-09-26 12:45:58 --> DateTimeZone::__construct(): Unknown or bad timezone (ASIA)
in APPPATH/Controllers/Home.php on line 23.
 1 APPPATH/Controllers/Home.php(23): DateTimeZone->__construct()
 2 SYSTEMPATH/CodeIgniter.php(919): App\Controllers\Home->index()
 3 SYSTEMPATH/CodeIgniter.php(494): CodeIgniter\CodeIgniter->runController()
 4 SYSTEMPATH/CodeIgniter.php(353): CodeIgniter\CodeIgniter->handleRequest()
 5 FCPATH/index.php(79): CodeIgniter\CodeIgniter->run()
 6 SYSTEMPATH/Commands/Server/rewrite.php(47): require_once('/home/haslam/Documents/developmentTraining/training-php/perpustakaan/public/index.php')
