CRITICAL - 2023-09-28 04:06:26 --> Object of class App\Entity\Enum\RoleUser could not be converted to string
in APPPATH/Entity/User.php on line 154.
 1 APPPATH/Controllers/Home.php(20): App\Entity\User->__toString()
 2 SYSTEMPATH/CodeIgniter.php(919): App\Controllers\Home->index()
 3 SYSTEMPATH/CodeIgniter.php(494): CodeIgniter\CodeIgniter->runController()
 4 SYSTEMPATH/CodeIgniter.php(353): CodeIgniter\CodeIgniter->handleRequest()
 5 FCPATH/index.php(79): CodeIgniter\CodeIgniter->run()
 6 SYSTEMPATH/Commands/Server/rewrite.php(47): require_once('/home/haslam/Documents/developmentTraining/training-php/perpustakaan/public/index.php')
CRITICAL - 2023-09-28 11:58:16 --> Object of class DateTime could not be converted to string
in APPPATH/Entity/Buku.php on line 183.
 1 APPPATH/Controllers/Home.php(30): App\Entity\Buku->__toString()
 2 SYSTEMPATH/CodeIgniter.php(919): App\Controllers\Home->index()
 3 SYSTEMPATH/CodeIgniter.php(494): CodeIgniter\CodeIgniter->runController()
 4 SYSTEMPATH/CodeIgniter.php(353): CodeIgniter\CodeIgniter->handleRequest()
 5 FCPATH/index.php(79): CodeIgniter\CodeIgniter->run()
 6 SYSTEMPATH/Commands/Server/rewrite.php(47): require_once('/home/haslam/Documents/developmentTraining/training-php/perpustakaan/public/index.php')
WARNING - 2023-09-28 11:59:03 --> [DEPRECATED] Optional parameter $dipinjam declared before required parameter $fromRepository is implicitly treated as a required parameter in APPPATH/Entity/Buku.php on line 41.
 1 SYSTEMPATH/Autoloader/Autoloader.php(306): include_once('/home/haslam/Documents/developmentTraining/training-php/perpustakaan/system/Debug/Exceptions.php')
 2 SYSTEMPATH/Autoloader/Autoloader.php(285): CodeIgniter\Autoloader\Autoloader->includeFile('/home/haslam/Documents/developmentTraining/training-php/perpustakaan/app/Entity/Buku.php')
 3 SYSTEMPATH/Autoloader/Autoloader.php(263): CodeIgniter\Autoloader\Autoloader->loadInNamespace('App\\Entity\\Buku')
 4 APPPATH/Controllers/Home.php(25): CodeIgniter\Autoloader\Autoloader->loadClass('App\\Entity\\Buku')
 5 SYSTEMPATH/CodeIgniter.php(919): App\Controllers\Home->index()
 6 SYSTEMPATH/CodeIgniter.php(494): CodeIgniter\CodeIgniter->runController(Object(App\Controllers\Home))
 7 SYSTEMPATH/CodeIgniter.php(353): CodeIgniter\CodeIgniter->handleRequest(null, Object(Config\Cache), false)
 8 FCPATH/index.php(79): CodeIgniter\CodeIgniter->run()
 9 SYSTEMPATH/Commands/Server/rewrite.php(47): require_once('/home/haslam/Documents/developmentTraining/training-php/perpustakaan/public/index.php')
WARNING - 2023-09-28 11:59:03 --> [DEPRECATED] Optional parameter $dibooking declared before required parameter $fromRepository is implicitly treated as a required parameter in APPPATH/Entity/Buku.php on line 41.
 1 SYSTEMPATH/Autoloader/Autoloader.php(306): include_once('/home/haslam/Documents/developmentTraining/training-php/perpustakaan/system/Debug/Exceptions.php')
 2 SYSTEMPATH/Autoloader/Autoloader.php(285): CodeIgniter\Autoloader\Autoloader->includeFile('/home/haslam/Documents/developmentTraining/training-php/perpustakaan/app/Entity/Buku.php')
 3 SYSTEMPATH/Autoloader/Autoloader.php(263): CodeIgniter\Autoloader\Autoloader->loadInNamespace('App\\Entity\\Buku')
 4 APPPATH/Controllers/Home.php(25): CodeIgniter\Autoloader\Autoloader->loadClass('App\\Entity\\Buku')
 5 SYSTEMPATH/CodeIgniter.php(919): App\Controllers\Home->index()
 6 SYSTEMPATH/CodeIgniter.php(494): CodeIgniter\CodeIgniter->runController(Object(App\Controllers\Home))
 7 SYSTEMPATH/CodeIgniter.php(353): CodeIgniter\CodeIgniter->handleRequest(null, Object(Config\Cache), false)
 8 FCPATH/index.php(79): CodeIgniter\CodeIgniter->run()
 9 SYSTEMPATH/Commands/Server/rewrite.php(47): require_once('/home/haslam/Documents/developmentTraining/training-php/perpustakaan/public/index.php')
WARNING - 2023-09-28 12:01:53 --> [DEPRECATED] Optional parameter $dipinjam declared before required parameter $fromRepository is implicitly treated as a required parameter in APPPATH/Entity/Buku.php on line 41.
 1 SYSTEMPATH/Autoloader/Autoloader.php(306): include_once('/home/haslam/Documents/developmentTraining/training-php/perpustakaan/system/Debug/Exceptions.php')
 2 SYSTEMPATH/Autoloader/Autoloader.php(285): CodeIgniter\Autoloader\Autoloader->includeFile('/home/haslam/Documents/developmentTraining/training-php/perpustakaan/app/Entity/Buku.php')
 3 SYSTEMPATH/Autoloader/Autoloader.php(263): CodeIgniter\Autoloader\Autoloader->loadInNamespace('App\\Entity\\Buku')
 4 APPPATH/Controllers/Home.php(25): CodeIgniter\Autoloader\Autoloader->loadClass('App\\Entity\\Buku')
 5 SYSTEMPATH/CodeIgniter.php(919): App\Controllers\Home->index()
 6 SYSTEMPATH/CodeIgniter.php(494): CodeIgniter\CodeIgniter->runController(Object(App\Controllers\Home))
 7 SYSTEMPATH/CodeIgniter.php(353): CodeIgniter\CodeIgniter->handleRequest(null, Object(Config\Cache), false)
 8 FCPATH/index.php(79): CodeIgniter\CodeIgniter->run()
 9 SYSTEMPATH/Commands/Server/rewrite.php(47): require_once('/home/haslam/Documents/developmentTraining/training-php/perpustakaan/public/index.php')
WARNING - 2023-09-28 12:01:53 --> [DEPRECATED] Optional parameter $dibooking declared before required parameter $fromRepository is implicitly treated as a required parameter in APPPATH/Entity/Buku.php on line 41.
 1 SYSTEMPATH/Autoloader/Autoloader.php(306): include_once('/home/haslam/Documents/developmentTraining/training-php/perpustakaan/system/Debug/Exceptions.php')
 2 SYSTEMPATH/Autoloader/Autoloader.php(285): CodeIgniter\Autoloader\Autoloader->includeFile('/home/haslam/Documents/developmentTraining/training-php/perpustakaan/app/Entity/Buku.php')
 3 SYSTEMPATH/Autoloader/Autoloader.php(263): CodeIgniter\Autoloader\Autoloader->loadInNamespace('App\\Entity\\Buku')
 4 APPPATH/Controllers/Home.php(25): CodeIgniter\Autoloader\Autoloader->loadClass('App\\Entity\\Buku')
 5 SYSTEMPATH/CodeIgniter.php(919): App\Controllers\Home->index()
 6 SYSTEMPATH/CodeIgniter.php(494): CodeIgniter\CodeIgniter->runController(Object(App\Controllers\Home))
 7 SYSTEMPATH/CodeIgniter.php(353): CodeIgniter\CodeIgniter->handleRequest(null, Object(Config\Cache), false)
 8 FCPATH/index.php(79): CodeIgniter\CodeIgniter->run()
 9 SYSTEMPATH/Commands/Server/rewrite.php(47): require_once('/home/haslam/Documents/developmentTraining/training-php/perpustakaan/public/index.php')
