CRITICAL - 2023-10-01 01:06:37 --> Call to undefined method App\Models\UserModel::ass
in SYSTEMPATH/Model.php on line 873.
 1 APPPATH/Controllers/Home.php(55): CodeIgniter\Model->__call()
 2 SYSTEMPATH/CodeIgniter.php(919): App\Controllers\Home->index()
 3 SYSTEMPATH/CodeIgniter.php(494): CodeIgniter\CodeIgniter->runController()
 4 SYSTEMPATH/CodeIgniter.php(353): CodeIgniter\CodeIgniter->handleRequest()
 5 FCPATH/index.php(79): CodeIgniter\CodeIgniter->run()
 6 SYSTEMPATH/Commands/Server/rewrite.php(47): require_once('/home/haslam/Documents/developmentTraining/training-php/perpustakaan/public/index.php')
CRITICAL - 2023-10-01 01:51:36 --> Undefined variable $databaseCon
in APPPATH/Controllers/Home.php on line 32.
 1 APPPATH/Controllers/Home.php(32): CodeIgniter\Debug\Exceptions->errorHandler()
 2 SYSTEMPATH/CodeIgniter.php(919): App\Controllers\Home->index()
 3 SYSTEMPATH/CodeIgniter.php(494): CodeIgniter\CodeIgniter->runController()
 4 SYSTEMPATH/CodeIgniter.php(353): CodeIgniter\CodeIgniter->handleRequest()
 5 FCPATH/index.php(79): CodeIgniter\CodeIgniter->run()
 6 SYSTEMPATH/Commands/Server/rewrite.php(47): require_once('/home/haslam/Documents/developmentTraining/training-php/perpustakaan/public/index.php')
CRITICAL - 2023-10-01 01:51:56 --> App\Models\UserModel::__construct(): Argument #1 ($db) must be of type CodeIgniter\Database\ConnectionInterface, null given, called in /home/haslam/Documents/developmentTraining/training-php/perpustakaan/app/Controllers/Home.php on line 33
in APPPATH/Models/UserModel.php on line 75.
 1 APPPATH/Controllers/Home.php(33): App\Models\UserModel->__construct()
 2 SYSTEMPATH/CodeIgniter.php(919): App\Controllers\Home->index()
 3 SYSTEMPATH/CodeIgniter.php(494): CodeIgniter\CodeIgniter->runController()
 4 SYSTEMPATH/CodeIgniter.php(353): CodeIgniter\CodeIgniter->handleRequest()
 5 FCPATH/index.php(79): CodeIgniter\CodeIgniter->run()
 6 SYSTEMPATH/Commands/Server/rewrite.php(47): require_once('/home/haslam/Documents/developmentTraining/training-php/perpustakaan/public/index.php')
ERROR - 2023-10-01 02:00:22 --> mysqli_sql_exception: Duplicate entry 'gkookhf@gmail.com' for key 'user.email' in /home/haslam/Documents/developmentTraining/training-php/perpustakaan/system/Database/MySQLi/Connection.php:306
Stack trace:
#0 /home/haslam/Documents/developmentTraining/training-php/perpustakaan/system/Database/MySQLi/Connection.php(306): mysqli->query()
#1 /home/haslam/Documents/developmentTraining/training-php/perpustakaan/system/Database/BaseConnection.php(692): CodeIgniter\Database\MySQLi\Connection->execute()
#2 /home/haslam/Documents/developmentTraining/training-php/perpustakaan/system/Database/BaseConnection.php(606): CodeIgniter\Database\BaseConnection->simpleQuery()
#3 /home/haslam/Documents/developmentTraining/training-php/perpustakaan/system/Database/BaseBuilder.php(2308): CodeIgniter\Database\BaseConnection->query()
#4 /home/haslam/Documents/developmentTraining/training-php/perpustakaan/system/Model.php(319): CodeIgniter\Database\BaseBuilder->insert()
#5 /home/haslam/Documents/developmentTraining/training-php/perpustakaan/system/BaseModel.php(788): CodeIgniter\Model->doInsert()
#6 /home/haslam/Documents/developmentTraining/training-php/perpustakaan/system/Model.php(715): CodeIgniter\BaseModel->insert()
#7 /home/haslam/Documents/developmentTraining/training-php/perpustakaan/app/Models/UserModel.php(86): CodeIgniter\Model->insert()
#8 /home/haslam/Documents/developmentTraining/training-php/perpustakaan/app/Controllers/Home.php(37): App\Models\UserModel->insertData()
#9 /home/haslam/Documents/developmentTraining/training-php/perpustakaan/system/CodeIgniter.php(919): App\Controllers\Home->index()
#10 /home/haslam/Documents/developmentTraining/training-php/perpustakaan/system/CodeIgniter.php(494): CodeIgniter\CodeIgniter->runController()
#11 /home/haslam/Documents/developmentTraining/training-php/perpustakaan/system/CodeIgniter.php(353): CodeIgniter\CodeIgniter->handleRequest()
#12 /home/haslam/Documents/developmentTraining/training-php/perpustakaan/public/index.php(79): CodeIgniter\CodeIgniter->run()
#13 /home/haslam/Documents/developmentTraining/training-php/perpustakaan/system/Commands/Server/rewrite.php(47): require_once('...')
#14 {main}
CRITICAL - 2023-10-01 02:00:22 --> Duplicate entry 'gkookhf@gmail.com' for key 'user.email'
in SYSTEMPATH/Database/BaseConnection.php on line 646.
 1 SYSTEMPATH/Database/BaseBuilder.php(2308): CodeIgniter\Database\BaseConnection->query()
 2 SYSTEMPATH/Model.php(319): CodeIgniter\Database\BaseBuilder->insert()
 3 SYSTEMPATH/BaseModel.php(788): CodeIgniter\Model->doInsert()
 4 SYSTEMPATH/Model.php(715): CodeIgniter\BaseModel->insert()
 5 APPPATH/Models/UserModel.php(86): CodeIgniter\Model->insert()
 6 APPPATH/Controllers/Home.php(37): App\Models\UserModel->insertData()
 7 SYSTEMPATH/CodeIgniter.php(919): App\Controllers\Home->index()
 8 SYSTEMPATH/CodeIgniter.php(494): CodeIgniter\CodeIgniter->runController()
 9 SYSTEMPATH/CodeIgniter.php(353): CodeIgniter\CodeIgniter->handleRequest()
10 FCPATH/index.php(79): CodeIgniter\CodeIgniter->run()
11 SYSTEMPATH/Commands/Server/rewrite.php(47): require_once('/home/haslam/Documents/developmentTraining/training-php/perpustakaan/public/index.php')
ERROR - 2023-10-01 02:01:21 --> mysqli_sql_exception: Duplicate entry 'gkookhlp@gmail.com' for key 'user.email' in /home/haslam/Documents/developmentTraining/training-php/perpustakaan/system/Database/MySQLi/Connection.php:306
Stack trace:
#0 /home/haslam/Documents/developmentTraining/training-php/perpustakaan/system/Database/MySQLi/Connection.php(306): mysqli->query()
#1 /home/haslam/Documents/developmentTraining/training-php/perpustakaan/system/Database/BaseConnection.php(692): CodeIgniter\Database\MySQLi\Connection->execute()
#2 /home/haslam/Documents/developmentTraining/training-php/perpustakaan/system/Database/BaseConnection.php(606): CodeIgniter\Database\BaseConnection->simpleQuery()
#3 /home/haslam/Documents/developmentTraining/training-php/perpustakaan/system/Database/BaseBuilder.php(2308): CodeIgniter\Database\BaseConnection->query()
#4 /home/haslam/Documents/developmentTraining/training-php/perpustakaan/system/Model.php(319): CodeIgniter\Database\BaseBuilder->insert()
#5 /home/haslam/Documents/developmentTraining/training-php/perpustakaan/system/BaseModel.php(788): CodeIgniter\Model->doInsert()
#6 /home/haslam/Documents/developmentTraining/training-php/perpustakaan/system/Model.php(715): CodeIgniter\BaseModel->insert()
#7 /home/haslam/Documents/developmentTraining/training-php/perpustakaan/app/Models/UserModel.php(86): CodeIgniter\Model->insert()
#8 /home/haslam/Documents/developmentTraining/training-php/perpustakaan/app/Controllers/Home.php(37): App\Models\UserModel->insertData()
#9 /home/haslam/Documents/developmentTraining/training-php/perpustakaan/system/CodeIgniter.php(919): App\Controllers\Home->index()
#10 /home/haslam/Documents/developmentTraining/training-php/perpustakaan/system/CodeIgniter.php(494): CodeIgniter\CodeIgniter->runController()
#11 /home/haslam/Documents/developmentTraining/training-php/perpustakaan/system/CodeIgniter.php(353): CodeIgniter\CodeIgniter->handleRequest()
#12 /home/haslam/Documents/developmentTraining/training-php/perpustakaan/public/index.php(79): CodeIgniter\CodeIgniter->run()
#13 /home/haslam/Documents/developmentTraining/training-php/perpustakaan/system/Commands/Server/rewrite.php(47): require_once('...')
#14 {main}
CRITICAL - 2023-10-01 02:01:21 --> Duplicate entry 'gkookhlp@gmail.com' for key 'user.email'
in SYSTEMPATH/Database/BaseConnection.php on line 646.
 1 SYSTEMPATH/Database/BaseBuilder.php(2308): CodeIgniter\Database\BaseConnection->query()
 2 SYSTEMPATH/Model.php(319): CodeIgniter\Database\BaseBuilder->insert()
 3 SYSTEMPATH/BaseModel.php(788): CodeIgniter\Model->doInsert()
 4 SYSTEMPATH/Model.php(715): CodeIgniter\BaseModel->insert()
 5 APPPATH/Models/UserModel.php(86): CodeIgniter\Model->insert()
 6 APPPATH/Controllers/Home.php(37): App\Models\UserModel->insertData()
 7 SYSTEMPATH/CodeIgniter.php(919): App\Controllers\Home->index()
 8 SYSTEMPATH/CodeIgniter.php(494): CodeIgniter\CodeIgniter->runController()
 9 SYSTEMPATH/CodeIgniter.php(353): CodeIgniter\CodeIgniter->handleRequest()
10 FCPATH/index.php(79): CodeIgniter\CodeIgniter->run()
11 SYSTEMPATH/Commands/Server/rewrite.php(47): require_once('/home/haslam/Documents/developmentTraining/training-php/perpustakaan/public/index.php')
CRITICAL - 2023-10-01 03:23:25 --> Call to a member function getResultObject() on string
in APPPATH/Models/UserModel.php on line 87.
 1 APPPATH/Controllers/Home.php(33): App\Models\UserModel->insertData()
 2 SYSTEMPATH/CodeIgniter.php(919): App\Controllers\Home->index()
 3 SYSTEMPATH/CodeIgniter.php(494): CodeIgniter\CodeIgniter->runController()
 4 SYSTEMPATH/CodeIgniter.php(353): CodeIgniter\CodeIgniter->handleRequest()
 5 FCPATH/index.php(79): CodeIgniter\CodeIgniter->run()
 6 SYSTEMPATH/Commands/Server/rewrite.php(47): require_once('/home/haslam/Documents/developmentTraining/training-php/perpustakaan/public/index.php')
CRITICAL - 2023-10-01 03:28:11 --> Call to a member function getResult() on string
in APPPATH/Models/UserModel.php on line 87.
 1 APPPATH/Controllers/Home.php(33): App\Models\UserModel->insertData()
 2 SYSTEMPATH/CodeIgniter.php(919): App\Controllers\Home->index()
 3 SYSTEMPATH/CodeIgniter.php(494): CodeIgniter\CodeIgniter->runController()
 4 SYSTEMPATH/CodeIgniter.php(353): CodeIgniter\CodeIgniter->handleRequest()
 5 FCPATH/index.php(79): CodeIgniter\CodeIgniter->run()
 6 SYSTEMPATH/Commands/Server/rewrite.php(47): require_once('/home/haslam/Documents/developmentTraining/training-php/perpustakaan/public/index.php')
CRITICAL - 2023-10-01 03:52:20 --> Call to a member function getResult() on string
in APPPATH/Models/UserModel.php on line 87.
 1 APPPATH/Controllers/Home.php(33): App\Models\UserModel->insertData()
 2 SYSTEMPATH/CodeIgniter.php(919): App\Controllers\Home->index()
 3 SYSTEMPATH/CodeIgniter.php(494): CodeIgniter\CodeIgniter->runController()
 4 SYSTEMPATH/CodeIgniter.php(353): CodeIgniter\CodeIgniter->handleRequest()
 5 FCPATH/index.php(79): CodeIgniter\CodeIgniter->run()
 6 SYSTEMPATH/Commands/Server/rewrite.php(47): require_once('/home/haslam/Documents/developmentTraining/training-php/perpustakaan/public/index.php')
CRITICAL - 2023-10-01 03:53:03 --> Call to a member function getResultArray() on string
in APPPATH/Models/UserModel.php on line 87.
 1 APPPATH/Controllers/Home.php(33): App\Models\UserModel->insertData()
 2 SYSTEMPATH/CodeIgniter.php(919): App\Controllers\Home->index()
 3 SYSTEMPATH/CodeIgniter.php(494): CodeIgniter\CodeIgniter->runController()
 4 SYSTEMPATH/CodeIgniter.php(353): CodeIgniter\CodeIgniter->handleRequest()
 5 FCPATH/index.php(79): CodeIgniter\CodeIgniter->run()
 6 SYSTEMPATH/Commands/Server/rewrite.php(47): require_once('/home/haslam/Documents/developmentTraining/training-php/perpustakaan/public/index.php')
ERROR - 2023-10-01 05:58:28 --> Error connecting to the database: Error: Class "SQLite3" not found in /home/haslam/Documents/developmentTraining/training-php/perpustakaan/system/Database/SQLite3/Connection.php:89
Stack trace:
#0 /home/haslam/Documents/developmentTraining/training-php/perpustakaan/system/Database/BaseConnection.php(391): CodeIgniter\Database\SQLite3\Connection->connect()
#1 /home/haslam/Documents/developmentTraining/training-php/perpustakaan/system/Database/SQLite3/Connection.php(59): CodeIgniter\Database\BaseConnection->initialize()
#2 /home/haslam/Documents/developmentTraining/training-php/perpustakaan/system/Database/BaseConnection.php(574): CodeIgniter\Database\SQLite3\Connection->initialize()
#3 /home/haslam/Documents/developmentTraining/training-php/perpustakaan/system/Database/BaseBuilder.php(2308): CodeIgniter\Database\BaseConnection->query()
#4 /home/haslam/Documents/developmentTraining/training-php/perpustakaan/system/Model.php(319): CodeIgniter\Database\BaseBuilder->insert()
#5 /home/haslam/Documents/developmentTraining/training-php/perpustakaan/system/BaseModel.php(788): CodeIgniter\Model->doInsert()
#6 /home/haslam/Documents/developmentTraining/training-php/perpustakaan/system/Model.php(715): CodeIgniter\BaseModel->insert()
#7 /home/haslam/Documents/developmentTraining/training-php/perpustakaan/app/Models/UserModel.php(87): CodeIgniter\Model->insert()
#8 /home/haslam/Documents/developmentTraining/training-php/perpustakaan/tests/ModelTest/UserModelTest.php(40): App\Models\UserModel->insertData()
#9 /home/haslam/Documents/developmentTraining/training-php/perpustakaan/vendor/phpunit/phpunit/src/Framework/TestCase.php(1102): ModelTest\UserModelTest->testInsertData()
#10 /home/haslam/Documents/developmentTraining/training-php/perpustakaan/vendor/phpunit/phpunit/src/Framework/TestCase.php(653): PHPUnit\Framework\TestCase->runTest()
#11 /home/haslam/Documents/developmentTraining/training-php/perpustakaan/vendor/phpunit/phpunit/src/Framework/TestRunner.php(103): PHPUnit\Framework\TestCase->runBare()
#12 /home/haslam/Documents/developmentTraining/training-php/perpustakaan/vendor/phpunit/phpunit/src/Framework/TestCase.php(489): PHPUnit\Framework\TestRunner->run()
#13 /home/haslam/Documents/developmentTraining/training-php/perpustakaan/vendor/phpunit/phpunit/src/Framework/TestSuite.php(340): PHPUnit\Framework\TestCase->run()
#14 /home/haslam/Documents/developmentTraining/training-php/perpustakaan/vendor/phpunit/phpunit/src/Framework/TestSuite.php(340): PHPUnit\Framework\TestSuite->run()
#15 /home/haslam/Documents/developmentTraining/training-php/perpustakaan/vendor/phpunit/phpunit/src/TextUI/TestRunner.php(63): PHPUnit\Framework\TestSuite->run()
#16 /home/haslam/Documents/developmentTraining/training-php/perpustakaan/vendor/phpunit/phpunit/src/TextUI/Application.php(177): PHPUnit\TextUI\TestRunner->run()
#17 /home/haslam/Documents/developmentTraining/training-php/perpustakaan/vendor/phpunit/phpunit/phpunit(99): PHPUnit\TextUI\Application->run()
#18 {main}
ERROR - 2023-10-01 05:59:58 --> Error connecting to the database: Error: Class "SQLite3" not found in /home/haslam/Documents/developmentTraining/training-php/perpustakaan/system/Database/SQLite3/Connection.php:89
Stack trace:
#0 /home/haslam/Documents/developmentTraining/training-php/perpustakaan/system/Database/BaseConnection.php(391): CodeIgniter\Database\SQLite3\Connection->connect()
#1 /home/haslam/Documents/developmentTraining/training-php/perpustakaan/system/Database/SQLite3/Connection.php(59): CodeIgniter\Database\BaseConnection->initialize()
#2 /home/haslam/Documents/developmentTraining/training-php/perpustakaan/system/Database/BaseConnection.php(574): CodeIgniter\Database\SQLite3\Connection->initialize()
#3 /home/haslam/Documents/developmentTraining/training-php/perpustakaan/system/Database/BaseBuilder.php(2308): CodeIgniter\Database\BaseConnection->query()
#4 /home/haslam/Documents/developmentTraining/training-php/perpustakaan/system/Model.php(319): CodeIgniter\Database\BaseBuilder->insert()
#5 /home/haslam/Documents/developmentTraining/training-php/perpustakaan/system/BaseModel.php(788): CodeIgniter\Model->doInsert()
#6 /home/haslam/Documents/developmentTraining/training-php/perpustakaan/system/Model.php(715): CodeIgniter\BaseModel->insert()
#7 /home/haslam/Documents/developmentTraining/training-php/perpustakaan/app/Models/UserModel.php(87): CodeIgniter\Model->insert()
#8 /home/haslam/Documents/developmentTraining/training-php/perpustakaan/tests/ModelTest/UserModelTest.php(41): App\Models\UserModel->insertData()
#9 /home/haslam/Documents/developmentTraining/training-php/perpustakaan/vendor/phpunit/phpunit/src/Framework/TestCase.php(1102): ModelTest\UserModelTest->testInsertData()
#10 /home/haslam/Documents/developmentTraining/training-php/perpustakaan/vendor/phpunit/phpunit/src/Framework/TestCase.php(653): PHPUnit\Framework\TestCase->runTest()
#11 /home/haslam/Documents/developmentTraining/training-php/perpustakaan/vendor/phpunit/phpunit/src/Framework/TestRunner.php(103): PHPUnit\Framework\TestCase->runBare()
#12 /home/haslam/Documents/developmentTraining/training-php/perpustakaan/vendor/phpunit/phpunit/src/Framework/TestCase.php(489): PHPUnit\Framework\TestRunner->run()
#13 /home/haslam/Documents/developmentTraining/training-php/perpustakaan/vendor/phpunit/phpunit/src/Framework/TestSuite.php(340): PHPUnit\Framework\TestCase->run()
#14 /home/haslam/Documents/developmentTraining/training-php/perpustakaan/vendor/phpunit/phpunit/src/Framework/TestSuite.php(340): PHPUnit\Framework\TestSuite->run()
#15 /home/haslam/Documents/developmentTraining/training-php/perpustakaan/vendor/phpunit/phpunit/src/TextUI/TestRunner.php(63): PHPUnit\Framework\TestSuite->run()
#16 /home/haslam/Documents/developmentTraining/training-php/perpustakaan/vendor/phpunit/phpunit/src/TextUI/Application.php(177): PHPUnit\TextUI\TestRunner->run()
#17 /home/haslam/Documents/developmentTraining/training-php/perpustakaan/vendor/phpunit/phpunit/phpunit(99): PHPUnit\TextUI\Application->run()
#18 {main}
ERROR - 2023-10-01 06:00:26 --> Error connecting to the database: Error: Class "SQLite3" not found in /home/haslam/Documents/developmentTraining/training-php/perpustakaan/system/Database/SQLite3/Connection.php:89
Stack trace:
#0 /home/haslam/Documents/developmentTraining/training-php/perpustakaan/system/Database/BaseConnection.php(391): CodeIgniter\Database\SQLite3\Connection->connect()
#1 /home/haslam/Documents/developmentTraining/training-php/perpustakaan/system/Database/SQLite3/Connection.php(59): CodeIgniter\Database\BaseConnection->initialize()
#2 /home/haslam/Documents/developmentTraining/training-php/perpustakaan/system/Database/BaseConnection.php(574): CodeIgniter\Database\SQLite3\Connection->initialize()
#3 /home/haslam/Documents/developmentTraining/training-php/perpustakaan/system/Database/BaseBuilder.php(2308): CodeIgniter\Database\BaseConnection->query()
#4 /home/haslam/Documents/developmentTraining/training-php/perpustakaan/system/Model.php(319): CodeIgniter\Database\BaseBuilder->insert()
#5 /home/haslam/Documents/developmentTraining/training-php/perpustakaan/system/BaseModel.php(788): CodeIgniter\Model->doInsert()
#6 /home/haslam/Documents/developmentTraining/training-php/perpustakaan/system/Model.php(715): CodeIgniter\BaseModel->insert()
#7 /home/haslam/Documents/developmentTraining/training-php/perpustakaan/app/Models/UserModel.php(87): CodeIgniter\Model->insert()
#8 /home/haslam/Documents/developmentTraining/training-php/perpustakaan/tests/ModelTest/UserModelTest.php(41): App\Models\UserModel->insertData()
#9 /home/haslam/Documents/developmentTraining/training-php/perpustakaan/vendor/phpunit/phpunit/src/Framework/TestCase.php(1102): ModelTest\UserModelTest->testInsertData()
#10 /home/haslam/Documents/developmentTraining/training-php/perpustakaan/vendor/phpunit/phpunit/src/Framework/TestCase.php(653): PHPUnit\Framework\TestCase->runTest()
#11 /home/haslam/Documents/developmentTraining/training-php/perpustakaan/vendor/phpunit/phpunit/src/Framework/TestRunner.php(103): PHPUnit\Framework\TestCase->runBare()
#12 /home/haslam/Documents/developmentTraining/training-php/perpustakaan/vendor/phpunit/phpunit/src/Framework/TestCase.php(489): PHPUnit\Framework\TestRunner->run()
#13 /home/haslam/Documents/developmentTraining/training-php/perpustakaan/vendor/phpunit/phpunit/src/Framework/TestSuite.php(340): PHPUnit\Framework\TestCase->run()
#14 /home/haslam/Documents/developmentTraining/training-php/perpustakaan/vendor/phpunit/phpunit/src/Framework/TestSuite.php(340): PHPUnit\Framework\TestSuite->run()
#15 /home/haslam/Documents/developmentTraining/training-php/perpustakaan/vendor/phpunit/phpunit/src/TextUI/TestRunner.php(63): PHPUnit\Framework\TestSuite->run()
#16 /home/haslam/Documents/developmentTraining/training-php/perpustakaan/vendor/phpunit/phpunit/src/TextUI/Application.php(177): PHPUnit\TextUI\TestRunner->run()
#17 /home/haslam/Documents/developmentTraining/training-php/perpustakaan/vendor/phpunit/phpunit/phpunit(99): PHPUnit\TextUI\Application->run()
#18 {main}
ERROR - 2023-10-01 06:00:50 --> Error connecting to the database: Error: Class "SQLite3" not found in /home/haslam/Documents/developmentTraining/training-php/perpustakaan/system/Database/SQLite3/Connection.php:89
Stack trace:
#0 /home/haslam/Documents/developmentTraining/training-php/perpustakaan/system/Database/BaseConnection.php(391): CodeIgniter\Database\SQLite3\Connection->connect()
#1 /home/haslam/Documents/developmentTraining/training-php/perpustakaan/system/Database/SQLite3/Connection.php(59): CodeIgniter\Database\BaseConnection->initialize()
#2 /home/haslam/Documents/developmentTraining/training-php/perpustakaan/system/Database/BaseConnection.php(574): CodeIgniter\Database\SQLite3\Connection->initialize()
#3 /home/haslam/Documents/developmentTraining/training-php/perpustakaan/system/Database/BaseBuilder.php(2308): CodeIgniter\Database\BaseConnection->query()
#4 /home/haslam/Documents/developmentTraining/training-php/perpustakaan/system/Model.php(319): CodeIgniter\Database\BaseBuilder->insert()
#5 /home/haslam/Documents/developmentTraining/training-php/perpustakaan/system/BaseModel.php(788): CodeIgniter\Model->doInsert()
#6 /home/haslam/Documents/developmentTraining/training-php/perpustakaan/system/Model.php(715): CodeIgniter\BaseModel->insert()
#7 /home/haslam/Documents/developmentTraining/training-php/perpustakaan/app/Models/UserModel.php(87): CodeIgniter\Model->insert()
#8 /home/haslam/Documents/developmentTraining/training-php/perpustakaan/tests/ModelTest/UserModelTest.php(41): App\Models\UserModel->insertData()
#9 /home/haslam/Documents/developmentTraining/training-php/perpustakaan/vendor/phpunit/phpunit/src/Framework/TestCase.php(1102): ModelTest\UserModelTest->testInsertData()
#10 /home/haslam/Documents/developmentTraining/training-php/perpustakaan/vendor/phpunit/phpunit/src/Framework/TestCase.php(653): PHPUnit\Framework\TestCase->runTest()
#11 /home/haslam/Documents/developmentTraining/training-php/perpustakaan/vendor/phpunit/phpunit/src/Framework/TestRunner.php(103): PHPUnit\Framework\TestCase->runBare()
#12 /home/haslam/Documents/developmentTraining/training-php/perpustakaan/vendor/phpunit/phpunit/src/Framework/TestCase.php(489): PHPUnit\Framework\TestRunner->run()
#13 /home/haslam/Documents/developmentTraining/training-php/perpustakaan/vendor/phpunit/phpunit/src/Framework/TestSuite.php(340): PHPUnit\Framework\TestCase->run()
#14 /home/haslam/Documents/developmentTraining/training-php/perpustakaan/vendor/phpunit/phpunit/src/Framework/TestSuite.php(340): PHPUnit\Framework\TestSuite->run()
#15 /home/haslam/Documents/developmentTraining/training-php/perpustakaan/vendor/phpunit/phpunit/src/TextUI/TestRunner.php(63): PHPUnit\Framework\TestSuite->run()
#16 /home/haslam/Documents/developmentTraining/training-php/perpustakaan/vendor/phpunit/phpunit/src/TextUI/Application.php(177): PHPUnit\TextUI\TestRunner->run()
#17 /home/haslam/Documents/developmentTraining/training-php/perpustakaan/vendor/phpunit/phpunit/phpunit(99): PHPUnit\TextUI\Application->run()
#18 {main}
ERROR - 2023-10-01 06:09:04 --> Error connecting to the database: Error: Class "SQLite3" not found in /home/haslam/Documents/developmentTraining/training-php/perpustakaan/system/Database/SQLite3/Connection.php:89
Stack trace:
#0 /home/haslam/Documents/developmentTraining/training-php/perpustakaan/system/Database/BaseConnection.php(391): CodeIgniter\Database\SQLite3\Connection->connect()
#1 /home/haslam/Documents/developmentTraining/training-php/perpustakaan/system/Database/SQLite3/Connection.php(59): CodeIgniter\Database\BaseConnection->initialize()
#2 /home/haslam/Documents/developmentTraining/training-php/perpustakaan/system/Database/BaseConnection.php(574): CodeIgniter\Database\SQLite3\Connection->initialize()
#3 /home/haslam/Documents/developmentTraining/training-php/perpustakaan/system/Database/BaseBuilder.php(2308): CodeIgniter\Database\BaseConnection->query()
#4 /home/haslam/Documents/developmentTraining/training-php/perpustakaan/system/Model.php(319): CodeIgniter\Database\BaseBuilder->insert()
#5 /home/haslam/Documents/developmentTraining/training-php/perpustakaan/system/BaseModel.php(788): CodeIgniter\Model->doInsert()
#6 /home/haslam/Documents/developmentTraining/training-php/perpustakaan/system/Model.php(715): CodeIgniter\BaseModel->insert()
#7 /home/haslam/Documents/developmentTraining/training-php/perpustakaan/app/Models/UserModel.php(87): CodeIgniter\Model->insert()
#8 /home/haslam/Documents/developmentTraining/training-php/perpustakaan/tests/ModelTest/UserModelTest.php(43): App\Models\UserModel->insertData()
#9 /home/haslam/Documents/developmentTraining/training-php/perpustakaan/vendor/phpunit/phpunit/src/Framework/TestCase.php(1102): ModelTest\UserModelTest->testInsertData()
#10 /home/haslam/Documents/developmentTraining/training-php/perpustakaan/vendor/phpunit/phpunit/src/Framework/TestCase.php(653): PHPUnit\Framework\TestCase->runTest()
#11 /home/haslam/Documents/developmentTraining/training-php/perpustakaan/vendor/phpunit/phpunit/src/Framework/TestRunner.php(103): PHPUnit\Framework\TestCase->runBare()
#12 /home/haslam/Documents/developmentTraining/training-php/perpustakaan/vendor/phpunit/phpunit/src/Framework/TestCase.php(489): PHPUnit\Framework\TestRunner->run()
#13 /home/haslam/Documents/developmentTraining/training-php/perpustakaan/vendor/phpunit/phpunit/src/Framework/TestSuite.php(340): PHPUnit\Framework\TestCase->run()
#14 /home/haslam/Documents/developmentTraining/training-php/perpustakaan/vendor/phpunit/phpunit/src/Framework/TestSuite.php(340): PHPUnit\Framework\TestSuite->run()
#15 /home/haslam/Documents/developmentTraining/training-php/perpustakaan/vendor/phpunit/phpunit/src/TextUI/TestRunner.php(63): PHPUnit\Framework\TestSuite->run()
#16 /home/haslam/Documents/developmentTraining/training-php/perpustakaan/vendor/phpunit/phpunit/src/TextUI/Application.php(177): PHPUnit\TextUI\TestRunner->run()
#17 /home/haslam/Documents/developmentTraining/training-php/perpustakaan/vendor/phpunit/phpunit/phpunit(99): PHPUnit\TextUI\Application->run()
#18 {main}
ERROR - 2023-10-01 06:11:07 --> mysqli_sql_exception: Table 'perpustakaan.db_user' doesn't exist in /home/haslam/Documents/developmentTraining/training-php/perpustakaan/system/Database/MySQLi/Connection.php:306
Stack trace:
#0 /home/haslam/Documents/developmentTraining/training-php/perpustakaan/system/Database/MySQLi/Connection.php(306): mysqli->query()
#1 /home/haslam/Documents/developmentTraining/training-php/perpustakaan/system/Database/BaseConnection.php(692): CodeIgniter\Database\MySQLi\Connection->execute()
#2 /home/haslam/Documents/developmentTraining/training-php/perpustakaan/system/Database/BaseConnection.php(606): CodeIgniter\Database\BaseConnection->simpleQuery()
#3 /home/haslam/Documents/developmentTraining/training-php/perpustakaan/system/Database/BaseBuilder.php(2308): CodeIgniter\Database\BaseConnection->query()
#4 /home/haslam/Documents/developmentTraining/training-php/perpustakaan/system/Model.php(319): CodeIgniter\Database\BaseBuilder->insert()
#5 /home/haslam/Documents/developmentTraining/training-php/perpustakaan/system/BaseModel.php(788): CodeIgniter\Model->doInsert()
#6 /home/haslam/Documents/developmentTraining/training-php/perpustakaan/system/Model.php(715): CodeIgniter\BaseModel->insert()
#7 /home/haslam/Documents/developmentTraining/training-php/perpustakaan/app/Models/UserModel.php(87): CodeIgniter\Model->insert()
#8 /home/haslam/Documents/developmentTraining/training-php/perpustakaan/tests/ModelTest/UserModelTest.php(43): App\Models\UserModel->insertData()
#9 /home/haslam/Documents/developmentTraining/training-php/perpustakaan/vendor/phpunit/phpunit/src/Framework/TestCase.php(1102): ModelTest\UserModelTest->testInsertData()
#10 /home/haslam/Documents/developmentTraining/training-php/perpustakaan/vendor/phpunit/phpunit/src/Framework/TestCase.php(653): PHPUnit\Framework\TestCase->runTest()
#11 /home/haslam/Documents/developmentTraining/training-php/perpustakaan/vendor/phpunit/phpunit/src/Framework/TestRunner.php(103): PHPUnit\Framework\TestCase->runBare()
#12 /home/haslam/Documents/developmentTraining/training-php/perpustakaan/vendor/phpunit/phpunit/src/Framework/TestCase.php(489): PHPUnit\Framework\TestRunner->run()
#13 /home/haslam/Documents/developmentTraining/training-php/perpustakaan/vendor/phpunit/phpunit/src/Framework/TestSuite.php(340): PHPUnit\Framework\TestCase->run()
#14 /home/haslam/Documents/developmentTraining/training-php/perpustakaan/vendor/phpunit/phpunit/src/Framework/TestSuite.php(340): PHPUnit\Framework\TestSuite->run()
#15 /home/haslam/Documents/developmentTraining/training-php/perpustakaan/vendor/phpunit/phpunit/src/TextUI/TestRunner.php(63): PHPUnit\Framework\TestSuite->run()
#16 /home/haslam/Documents/developmentTraining/training-php/perpustakaan/vendor/phpunit/phpunit/src/TextUI/Application.php(177): PHPUnit\TextUI\TestRunner->run()
#17 /home/haslam/Documents/developmentTraining/training-php/perpustakaan/vendor/phpunit/phpunit/phpunit(99): PHPUnit\TextUI\Application->run()
#18 {main}
