CRITICAL - 2023-09-27 03:51:18 --> Object of class DateTime could not be converted to string
in APPPATH/Entity/User.php on line 100.
 1 APPPATH/Controllers/Home.php(24): App\Entity\User->getTanggalInput()
 2 SYSTEMPATH/CodeIgniter.php(919): App\Controllers\Home->index()
 3 SYSTEMPATH/CodeIgniter.php(494): CodeIgniter\CodeIgniter->runController()
 4 SYSTEMPATH/CodeIgniter.php(353): CodeIgniter\CodeIgniter->handleRequest()
 5 FCPATH/index.php(79): CodeIgniter\CodeIgniter->run()
 6 SYSTEMPATH/Commands/Server/rewrite.php(47): require_once('/home/haslam/Documents/developmentTraining/training-php/perpustakaan/public/index.php')
CRITICAL - 2023-09-27 03:51:19 --> Object of class DateTime could not be converted to string
in APPPATH/Entity/User.php on line 100.
 1 APPPATH/Controllers/Home.php(24): App\Entity\User->getTanggalInput()
 2 SYSTEMPATH/CodeIgniter.php(919): App\Controllers\Home->index()
 3 SYSTEMPATH/CodeIgniter.php(494): CodeIgniter\CodeIgniter->runController()
 4 SYSTEMPATH/CodeIgniter.php(353): CodeIgniter\CodeIgniter->handleRequest()
 5 FCPATH/index.php(79): CodeIgniter\CodeIgniter->run()
 6 SYSTEMPATH/Commands/Server/rewrite.php(47): require_once('/home/haslam/Documents/developmentTraining/training-php/perpustakaan/public/index.php')
CRITICAL - 2023-09-27 03:55:39 --> DateTime::__construct(): Argument #2 ($timezone) must be of type ?DateTimeZone, string given
in APPPATH/Entity/User.php on line 109.
 1 APPPATH/Entity/User.php(109): DateTime->__construct()
 2 APPPATH/Controllers/Home.php(23): App\Entity\User->setTanggalInput()
 3 SYSTEMPATH/CodeIgniter.php(919): App\Controllers\Home->index()
 4 SYSTEMPATH/CodeIgniter.php(494): CodeIgniter\CodeIgniter->runController()
 5 SYSTEMPATH/CodeIgniter.php(353): CodeIgniter\CodeIgniter->handleRequest()
 6 FCPATH/index.php(79): CodeIgniter\CodeIgniter->run()
 7 SYSTEMPATH/Commands/Server/rewrite.php(47): require_once('/home/haslam/Documents/developmentTraining/training-php/perpustakaan/public/index.php')
CRITICAL - 2023-09-27 03:55:49 --> DateTime::__construct(): Argument #2 ($timezone) must be of type ?DateTimeZone, string given
in APPPATH/Entity/User.php on line 109.
 1 APPPATH/Entity/User.php(109): DateTime->__construct()
 2 APPPATH/Controllers/Home.php(23): App\Entity\User->setTanggalInput()
 3 SYSTEMPATH/CodeIgniter.php(919): App\Controllers\Home->index()
 4 SYSTEMPATH/CodeIgniter.php(494): CodeIgniter\CodeIgniter->runController()
 5 SYSTEMPATH/CodeIgniter.php(353): CodeIgniter\CodeIgniter->handleRequest()
 6 FCPATH/index.php(79): CodeIgniter\CodeIgniter->run()
 7 SYSTEMPATH/Commands/Server/rewrite.php(47): require_once('/home/haslam/Documents/developmentTraining/training-php/perpustakaan/public/index.php')
CRITICAL - 2023-09-27 03:56:16 --> DateTime::__construct(): Argument #2 ($timezone) must be of type ?DateTimeZone, string given
in APPPATH/Entity/User.php on line 109.
 1 APPPATH/Entity/User.php(109): DateTime->__construct()
 2 APPPATH/Controllers/Home.php(23): App\Entity\User->setTanggalInput()
 3 SYSTEMPATH/CodeIgniter.php(919): App\Controllers\Home->index()
 4 SYSTEMPATH/CodeIgniter.php(494): CodeIgniter\CodeIgniter->runController()
 5 SYSTEMPATH/CodeIgniter.php(353): CodeIgniter\CodeIgniter->handleRequest()
 6 FCPATH/index.php(79): CodeIgniter\CodeIgniter->run()
 7 SYSTEMPATH/Commands/Server/rewrite.php(47): require_once('/home/haslam/Documents/developmentTraining/training-php/perpustakaan/public/index.php')
CRITICAL - 2023-09-27 03:56:33 --> DateTime::__construct(): Argument #2 ($timezone) must be of type ?DateTimeZone, string given
in APPPATH/Entity/User.php on line 109.
 1 APPPATH/Entity/User.php(109): DateTime->__construct()
 2 APPPATH/Controllers/Home.php(23): App\Entity\User->setTanggalInput()
 3 SYSTEMPATH/CodeIgniter.php(919): App\Controllers\Home->index()
 4 SYSTEMPATH/CodeIgniter.php(494): CodeIgniter\CodeIgniter->runController()
 5 SYSTEMPATH/CodeIgniter.php(353): CodeIgniter\CodeIgniter->handleRequest()
 6 FCPATH/index.php(79): CodeIgniter\CodeIgniter->run()
 7 SYSTEMPATH/Commands/Server/rewrite.php(47): require_once('/home/haslam/Documents/developmentTraining/training-php/perpustakaan/public/index.php')
CRITICAL - 2023-09-27 03:56:34 --> DateTime::__construct(): Argument #2 ($timezone) must be of type ?DateTimeZone, string given
in APPPATH/Entity/User.php on line 109.
 1 APPPATH/Entity/User.php(109): DateTime->__construct()
 2 APPPATH/Controllers/Home.php(23): App\Entity\User->setTanggalInput()
 3 SYSTEMPATH/CodeIgniter.php(919): App\Controllers\Home->index()
 4 SYSTEMPATH/CodeIgniter.php(494): CodeIgniter\CodeIgniter->runController()
 5 SYSTEMPATH/CodeIgniter.php(353): CodeIgniter\CodeIgniter->handleRequest()
 6 FCPATH/index.php(79): CodeIgniter\CodeIgniter->run()
 7 SYSTEMPATH/Commands/Server/rewrite.php(47): require_once('/home/haslam/Documents/developmentTraining/training-php/perpustakaan/public/index.php')
CRITICAL - 2023-09-27 03:56:34 --> DateTime::__construct(): Argument #2 ($timezone) must be of type ?DateTimeZone, string given
in APPPATH/Entity/User.php on line 109.
 1 APPPATH/Entity/User.php(109): DateTime->__construct()
 2 APPPATH/Controllers/Home.php(23): App\Entity\User->setTanggalInput()
 3 SYSTEMPATH/CodeIgniter.php(919): App\Controllers\Home->index()
 4 SYSTEMPATH/CodeIgniter.php(494): CodeIgniter\CodeIgniter->runController()
 5 SYSTEMPATH/CodeIgniter.php(353): CodeIgniter\CodeIgniter->handleRequest()
 6 FCPATH/index.php(79): CodeIgniter\CodeIgniter->run()
 7 SYSTEMPATH/Commands/Server/rewrite.php(47): require_once('/home/haslam/Documents/developmentTraining/training-php/perpustakaan/public/index.php')
CRITICAL - 2023-09-27 03:56:34 --> DateTime::__construct(): Argument #2 ($timezone) must be of type ?DateTimeZone, string given
in APPPATH/Entity/User.php on line 109.
 1 APPPATH/Entity/User.php(109): DateTime->__construct()
 2 APPPATH/Controllers/Home.php(23): App\Entity\User->setTanggalInput()
 3 SYSTEMPATH/CodeIgniter.php(919): App\Controllers\Home->index()
 4 SYSTEMPATH/CodeIgniter.php(494): CodeIgniter\CodeIgniter->runController()
 5 SYSTEMPATH/CodeIgniter.php(353): CodeIgniter\CodeIgniter->handleRequest()
 6 FCPATH/index.php(79): CodeIgniter\CodeIgniter->run()
 7 SYSTEMPATH/Commands/Server/rewrite.php(47): require_once('/home/haslam/Documents/developmentTraining/training-php/perpustakaan/public/index.php')
CRITICAL - 2023-09-27 03:56:34 --> DateTime::__construct(): Argument #2 ($timezone) must be of type ?DateTimeZone, string given
in APPPATH/Entity/User.php on line 109.
 1 APPPATH/Entity/User.php(109): DateTime->__construct()
 2 APPPATH/Controllers/Home.php(23): App\Entity\User->setTanggalInput()
 3 SYSTEMPATH/CodeIgniter.php(919): App\Controllers\Home->index()
 4 SYSTEMPATH/CodeIgniter.php(494): CodeIgniter\CodeIgniter->runController()
 5 SYSTEMPATH/CodeIgniter.php(353): CodeIgniter\CodeIgniter->handleRequest()
 6 FCPATH/index.php(79): CodeIgniter\CodeIgniter->run()
 7 SYSTEMPATH/Commands/Server/rewrite.php(47): require_once('/home/haslam/Documents/developmentTraining/training-php/perpustakaan/public/index.php')
CRITICAL - 2023-09-27 03:56:34 --> DateTime::__construct(): Argument #2 ($timezone) must be of type ?DateTimeZone, string given
in APPPATH/Entity/User.php on line 109.
 1 APPPATH/Entity/User.php(109): DateTime->__construct()
 2 APPPATH/Controllers/Home.php(23): App\Entity\User->setTanggalInput()
 3 SYSTEMPATH/CodeIgniter.php(919): App\Controllers\Home->index()
 4 SYSTEMPATH/CodeIgniter.php(494): CodeIgniter\CodeIgniter->runController()
 5 SYSTEMPATH/CodeIgniter.php(353): CodeIgniter\CodeIgniter->handleRequest()
 6 FCPATH/index.php(79): CodeIgniter\CodeIgniter->run()
 7 SYSTEMPATH/Commands/Server/rewrite.php(47): require_once('/home/haslam/Documents/developmentTraining/training-php/perpustakaan/public/index.php')
CRITICAL - 2023-09-27 03:56:58 --> DateTime::__construct(): Argument #2 ($timezone) must be of type ?DateTimeZone, string given
in APPPATH/Entity/User.php on line 109.
 1 APPPATH/Entity/User.php(109): DateTime->__construct()
 2 APPPATH/Controllers/Home.php(23): App\Entity\User->setTanggalInput()
 3 SYSTEMPATH/CodeIgniter.php(919): App\Controllers\Home->index()
 4 SYSTEMPATH/CodeIgniter.php(494): CodeIgniter\CodeIgniter->runController()
 5 SYSTEMPATH/CodeIgniter.php(353): CodeIgniter\CodeIgniter->handleRequest()
 6 FCPATH/index.php(79): CodeIgniter\CodeIgniter->run()
 7 SYSTEMPATH/Commands/Server/rewrite.php(47): require_once('/home/haslam/Documents/developmentTraining/training-php/perpustakaan/public/index.php')
CRITICAL - 2023-09-27 03:57:07 --> DateTime::__construct(): Argument #2 ($timezone) must be of type ?DateTimeZone, string given
in APPPATH/Entity/User.php on line 109.
 1 APPPATH/Entity/User.php(109): DateTime->__construct()
 2 APPPATH/Controllers/Home.php(23): App\Entity\User->setTanggalInput()
 3 SYSTEMPATH/CodeIgniter.php(919): App\Controllers\Home->index()
 4 SYSTEMPATH/CodeIgniter.php(494): CodeIgniter\CodeIgniter->runController()
 5 SYSTEMPATH/CodeIgniter.php(353): CodeIgniter\CodeIgniter->handleRequest()
 6 FCPATH/index.php(79): CodeIgniter\CodeIgniter->run()
 7 SYSTEMPATH/Commands/Server/rewrite.php(47): require_once('/home/haslam/Documents/developmentTraining/training-php/perpustakaan/public/index.php')
CRITICAL - 2023-09-27 03:59:12 --> DateTime::__construct(): Argument #2 ($timezone) must be of type ?DateTimeZone, string given
in APPPATH/Entity/User.php on line 109.
 1 APPPATH/Entity/User.php(109): DateTime->__construct()
 2 APPPATH/Controllers/Home.php(23): App\Entity\User->setTanggalInput()
 3 SYSTEMPATH/CodeIgniter.php(919): App\Controllers\Home->index()
 4 SYSTEMPATH/CodeIgniter.php(494): CodeIgniter\CodeIgniter->runController()
 5 SYSTEMPATH/CodeIgniter.php(353): CodeIgniter\CodeIgniter->handleRequest()
 6 FCPATH/index.php(79): CodeIgniter\CodeIgniter->run()
 7 SYSTEMPATH/Commands/Server/rewrite.php(47): require_once('/home/haslam/Documents/developmentTraining/training-php/perpustakaan/public/index.php')
CRITICAL - 2023-09-27 04:03:42 --> DateTime::__construct(): Argument #2 ($timezone) must be of type ?DateTimeZone, string given
in APPPATH/Entity/User.php on line 109.
 1 APPPATH/Entity/User.php(109): DateTime->__construct()
 2 APPPATH/Controllers/Home.php(23): App\Entity\User->setTanggalInput()
 3 SYSTEMPATH/CodeIgniter.php(919): App\Controllers\Home->index()
 4 SYSTEMPATH/CodeIgniter.php(494): CodeIgniter\CodeIgniter->runController()
 5 SYSTEMPATH/CodeIgniter.php(353): CodeIgniter\CodeIgniter->handleRequest()
 6 FCPATH/index.php(79): CodeIgniter\CodeIgniter->run()
 7 SYSTEMPATH/Commands/Server/rewrite.php(47): require_once('/home/haslam/Documents/developmentTraining/training-php/perpustakaan/public/index.php')
CRITICAL - 2023-09-27 04:03:43 --> DateTime::__construct(): Argument #2 ($timezone) must be of type ?DateTimeZone, string given
in APPPATH/Entity/User.php on line 109.
 1 APPPATH/Entity/User.php(109): DateTime->__construct()
 2 APPPATH/Controllers/Home.php(23): App\Entity\User->setTanggalInput()
 3 SYSTEMPATH/CodeIgniter.php(919): App\Controllers\Home->index()
 4 SYSTEMPATH/CodeIgniter.php(494): CodeIgniter\CodeIgniter->runController()
 5 SYSTEMPATH/CodeIgniter.php(353): CodeIgniter\CodeIgniter->handleRequest()
 6 FCPATH/index.php(79): CodeIgniter\CodeIgniter->run()
 7 SYSTEMPATH/Commands/Server/rewrite.php(47): require_once('/home/haslam/Documents/developmentTraining/training-php/perpustakaan/public/index.php')
CRITICAL - 2023-09-27 04:03:43 --> DateTime::__construct(): Argument #2 ($timezone) must be of type ?DateTimeZone, string given
in APPPATH/Entity/User.php on line 109.
 1 APPPATH/Entity/User.php(109): DateTime->__construct()
 2 APPPATH/Controllers/Home.php(23): App\Entity\User->setTanggalInput()
 3 SYSTEMPATH/CodeIgniter.php(919): App\Controllers\Home->index()
 4 SYSTEMPATH/CodeIgniter.php(494): CodeIgniter\CodeIgniter->runController()
 5 SYSTEMPATH/CodeIgniter.php(353): CodeIgniter\CodeIgniter->handleRequest()
 6 FCPATH/index.php(79): CodeIgniter\CodeIgniter->run()
 7 SYSTEMPATH/Commands/Server/rewrite.php(47): require_once('/home/haslam/Documents/developmentTraining/training-php/perpustakaan/public/index.php')
CRITICAL - 2023-09-27 04:03:51 --> DateTime::__construct(): Argument #2 ($timezone) must be of type ?DateTimeZone, string given
in APPPATH/Entity/User.php on line 109.
 1 APPPATH/Entity/User.php(109): DateTime->__construct()
 2 APPPATH/Controllers/Home.php(23): App\Entity\User->setTanggalInput()
 3 SYSTEMPATH/CodeIgniter.php(919): App\Controllers\Home->index()
 4 SYSTEMPATH/CodeIgniter.php(494): CodeIgniter\CodeIgniter->runController()
 5 SYSTEMPATH/CodeIgniter.php(353): CodeIgniter\CodeIgniter->handleRequest()
 6 FCPATH/index.php(79): CodeIgniter\CodeIgniter->run()
 7 SYSTEMPATH/Commands/Server/rewrite.php(47): require_once('/home/haslam/Documents/developmentTraining/training-php/perpustakaan/public/index.php')
CRITICAL - 2023-09-27 04:04:52 --> DateTime::__construct(): Argument #2 ($timezone) must be of type ?DateTimeZone, string given
in APPPATH/Entity/User.php on line 109.
 1 APPPATH/Entity/User.php(109): DateTime->__construct()
 2 APPPATH/Controllers/Home.php(23): App\Entity\User->setTanggalInput()
 3 SYSTEMPATH/CodeIgniter.php(919): App\Controllers\Home->index()
 4 SYSTEMPATH/CodeIgniter.php(494): CodeIgniter\CodeIgniter->runController()
 5 SYSTEMPATH/CodeIgniter.php(353): CodeIgniter\CodeIgniter->handleRequest()
 6 FCPATH/index.php(79): CodeIgniter\CodeIgniter->run()
 7 SYSTEMPATH/Commands/Server/rewrite.php(47): require_once('/home/haslam/Documents/developmentTraining/training-php/perpustakaan/public/index.php')
CRITICAL - 2023-09-27 04:05:00 --> DateTime::__construct(): Argument #2 ($timezone) must be of type ?DateTimeZone, string given
in APPPATH/Entity/User.php on line 109.
 1 APPPATH/Entity/User.php(109): DateTime->__construct()
 2 APPPATH/Controllers/Home.php(23): App\Entity\User->setTanggalInput()
 3 SYSTEMPATH/CodeIgniter.php(919): App\Controllers\Home->index()
 4 SYSTEMPATH/CodeIgniter.php(494): CodeIgniter\CodeIgniter->runController()
 5 SYSTEMPATH/CodeIgniter.php(353): CodeIgniter\CodeIgniter->handleRequest()
 6 FCPATH/index.php(79): CodeIgniter\CodeIgniter->run()
 7 SYSTEMPATH/Commands/Server/rewrite.php(47): require_once('/home/haslam/Documents/developmentTraining/training-php/perpustakaan/public/index.php')
CRITICAL - 2023-09-27 04:05:56 --> DateTime::__construct(): Argument #2 ($timezone) must be of type ?DateTimeZone, string given
in APPPATH/Entity/User.php on line 109.
 1 APPPATH/Entity/User.php(109): DateTime->__construct()
 2 APPPATH/Controllers/Home.php(23): App\Entity\User->setTanggalInput()
 3 SYSTEMPATH/CodeIgniter.php(919): App\Controllers\Home->index()
 4 SYSTEMPATH/CodeIgniter.php(494): CodeIgniter\CodeIgniter->runController()
 5 SYSTEMPATH/CodeIgniter.php(353): CodeIgniter\CodeIgniter->handleRequest()
 6 FCPATH/index.php(79): CodeIgniter\CodeIgniter->run()
 7 SYSTEMPATH/Commands/Server/rewrite.php(47): require_once('/home/haslam/Documents/developmentTraining/training-php/perpustakaan/public/index.php')
CRITICAL - 2023-09-27 04:06:14 --> DateTime::__construct(): Argument #2 ($timezone) must be of type ?DateTimeZone, string given
in APPPATH/Entity/User.php on line 109.
 1 APPPATH/Entity/User.php(109): DateTime->__construct()
 2 APPPATH/Controllers/Home.php(23): App\Entity\User->setTanggalInput()
 3 SYSTEMPATH/CodeIgniter.php(919): App\Controllers\Home->index()
 4 SYSTEMPATH/CodeIgniter.php(494): CodeIgniter\CodeIgniter->runController()
 5 SYSTEMPATH/CodeIgniter.php(353): CodeIgniter\CodeIgniter->handleRequest()
 6 FCPATH/index.php(79): CodeIgniter\CodeIgniter->run()
 7 SYSTEMPATH/Commands/Server/rewrite.php(47): require_once('/home/haslam/Documents/developmentTraining/training-php/perpustakaan/public/index.php')
CRITICAL - 2023-09-27 04:06:40 --> DateTime::__construct(): Argument #2 ($timezone) must be of type ?DateTimeZone, string given
in APPPATH/Entity/User.php on line 109.
 1 APPPATH/Entity/User.php(109): DateTime->__construct()
 2 APPPATH/Controllers/Home.php(23): App\Entity\User->setTanggalInput()
 3 SYSTEMPATH/CodeIgniter.php(919): App\Controllers\Home->index()
 4 SYSTEMPATH/CodeIgniter.php(494): CodeIgniter\CodeIgniter->runController()
 5 SYSTEMPATH/CodeIgniter.php(353): CodeIgniter\CodeIgniter->handleRequest()
 6 FCPATH/index.php(79): CodeIgniter\CodeIgniter->run()
 7 SYSTEMPATH/Commands/Server/rewrite.php(47): require_once('/home/haslam/Documents/developmentTraining/training-php/perpustakaan/public/index.php')
CRITICAL - 2023-09-27 04:07:21 --> DateTime::__construct(): Argument #2 ($timezone) must be of type ?DateTimeZone, string given
in APPPATH/Entity/User.php on line 109.
 1 APPPATH/Entity/User.php(109): DateTime->__construct()
 2 APPPATH/Controllers/Home.php(23): App\Entity\User->setTanggalInput()
 3 SYSTEMPATH/CodeIgniter.php(919): App\Controllers\Home->index()
 4 SYSTEMPATH/CodeIgniter.php(494): CodeIgniter\CodeIgniter->runController()
 5 SYSTEMPATH/CodeIgniter.php(353): CodeIgniter\CodeIgniter->handleRequest()
 6 FCPATH/index.php(79): CodeIgniter\CodeIgniter->run()
 7 SYSTEMPATH/Commands/Server/rewrite.php(47): require_once('/home/haslam/Documents/developmentTraining/training-php/perpustakaan/public/index.php')
CRITICAL - 2023-09-27 04:07:30 --> DateTime::__construct(): Argument #2 ($timezone) must be of type ?DateTimeZone, string given
in APPPATH/Entity/User.php on line 109.
 1 APPPATH/Entity/User.php(109): DateTime->__construct()
 2 APPPATH/Controllers/Home.php(23): App\Entity\User->setTanggalInput()
 3 SYSTEMPATH/CodeIgniter.php(919): App\Controllers\Home->index()
 4 SYSTEMPATH/CodeIgniter.php(494): CodeIgniter\CodeIgniter->runController()
 5 SYSTEMPATH/CodeIgniter.php(353): CodeIgniter\CodeIgniter->handleRequest()
 6 FCPATH/index.php(79): CodeIgniter\CodeIgniter->run()
 7 SYSTEMPATH/Commands/Server/rewrite.php(47): require_once('/home/haslam/Documents/developmentTraining/training-php/perpustakaan/public/index.php')
CRITICAL - 2023-09-27 04:08:43 --> DateTime::__construct(): Argument #2 ($timezone) must be of type ?DateTimeZone, string given
in APPPATH/Entity/User.php on line 109.
 1 APPPATH/Entity/User.php(109): DateTime->__construct()
 2 APPPATH/Controllers/Home.php(23): App\Entity\User->setTanggalInput()
 3 SYSTEMPATH/CodeIgniter.php(919): App\Controllers\Home->index()
 4 SYSTEMPATH/CodeIgniter.php(494): CodeIgniter\CodeIgniter->runController()
 5 SYSTEMPATH/CodeIgniter.php(353): CodeIgniter\CodeIgniter->handleRequest()
 6 FCPATH/index.php(79): CodeIgniter\CodeIgniter->run()
 7 SYSTEMPATH/Commands/Server/rewrite.php(47): require_once('/home/haslam/Documents/developmentTraining/training-php/perpustakaan/public/index.php')
CRITICAL - 2023-09-27 04:09:05 --> DateTime::__construct(): Argument #2 ($timezone) must be of type ?DateTimeZone, string given
in APPPATH/Entity/User.php on line 109.
 1 APPPATH/Entity/User.php(109): DateTime->__construct()
 2 APPPATH/Controllers/Home.php(23): App\Entity\User->setTanggalInput()
 3 SYSTEMPATH/CodeIgniter.php(919): App\Controllers\Home->index()
 4 SYSTEMPATH/CodeIgniter.php(494): CodeIgniter\CodeIgniter->runController()
 5 SYSTEMPATH/CodeIgniter.php(353): CodeIgniter\CodeIgniter->handleRequest()
 6 FCPATH/index.php(79): CodeIgniter\CodeIgniter->run()
 7 SYSTEMPATH/Commands/Server/rewrite.php(47): require_once('/home/haslam/Documents/developmentTraining/training-php/perpustakaan/public/index.php')
CRITICAL - 2023-09-27 04:10:05 --> DateTime::__construct(): Argument #2 ($timezone) must be of type ?DateTimeZone, string given
in APPPATH/Entity/User.php on line 109.
 1 APPPATH/Entity/User.php(109): DateTime->__construct()
 2 APPPATH/Controllers/Home.php(23): App\Entity\User->setTanggalInput()
 3 SYSTEMPATH/CodeIgniter.php(919): App\Controllers\Home->index()
 4 SYSTEMPATH/CodeIgniter.php(494): CodeIgniter\CodeIgniter->runController()
 5 SYSTEMPATH/CodeIgniter.php(353): CodeIgniter\CodeIgniter->handleRequest()
 6 FCPATH/index.php(78): CodeIgniter\CodeIgniter->run()
 7 SYSTEMPATH/Commands/Server/rewrite.php(47): require_once('/home/haslam/Documents/developmentTraining/training-php/perpustakaan/public/index.php')
CRITICAL - 2023-09-27 04:10:56 --> DateTime::__construct(): Argument #2 ($timezone) must be of type ?DateTimeZone, string given
in APPPATH/Entity/User.php on line 109.
 1 APPPATH/Entity/User.php(109): DateTime->__construct()
 2 APPPATH/Controllers/Home.php(23): App\Entity\User->setTanggalInput()
 3 SYSTEMPATH/CodeIgniter.php(919): App\Controllers\Home->index()
 4 SYSTEMPATH/CodeIgniter.php(494): CodeIgniter\CodeIgniter->runController()
 5 SYSTEMPATH/CodeIgniter.php(353): CodeIgniter\CodeIgniter->handleRequest()
 6 FCPATH/index.php(79): CodeIgniter\CodeIgniter->run()
 7 SYSTEMPATH/Commands/Server/rewrite.php(47): require_once('/home/haslam/Documents/developmentTraining/training-php/perpustakaan/public/index.php')
CRITICAL - 2023-09-27 04:10:57 --> DateTime::__construct(): Argument #2 ($timezone) must be of type ?DateTimeZone, string given
in APPPATH/Entity/User.php on line 109.
 1 APPPATH/Entity/User.php(109): DateTime->__construct()
 2 APPPATH/Controllers/Home.php(23): App\Entity\User->setTanggalInput()
 3 SYSTEMPATH/CodeIgniter.php(919): App\Controllers\Home->index()
 4 SYSTEMPATH/CodeIgniter.php(494): CodeIgniter\CodeIgniter->runController()
 5 SYSTEMPATH/CodeIgniter.php(353): CodeIgniter\CodeIgniter->handleRequest()
 6 FCPATH/index.php(79): CodeIgniter\CodeIgniter->run()
 7 SYSTEMPATH/Commands/Server/rewrite.php(47): require_once('/home/haslam/Documents/developmentTraining/training-php/perpustakaan/public/index.php')
CRITICAL - 2023-09-27 04:31:10 --> DateTime::__construct(): Argument #2 ($timezone) must be of type ?DateTimeZone, string given
in APPPATH/Controllers/Home.php on line 23.
 1 APPPATH/Controllers/Home.php(23): DateTime->__construct()
 2 SYSTEMPATH/CodeIgniter.php(919): App\Controllers\Home->index()
 3 SYSTEMPATH/CodeIgniter.php(494): CodeIgniter\CodeIgniter->runController()
 4 SYSTEMPATH/CodeIgniter.php(353): CodeIgniter\CodeIgniter->handleRequest()
 5 FCPATH/index.php(79): CodeIgniter\CodeIgniter->run()
 6 SYSTEMPATH/Commands/Server/rewrite.php(47): require_once('/home/haslam/Documents/developmentTraining/training-php/perpustakaan/public/index.php')
CRITICAL - 2023-09-27 04:31:30 --> DateTime::__construct(): Argument #2 ($timezone) must be of type ?DateTimeZone, string given
in APPPATH/Controllers/Home.php on line 23.
 1 APPPATH/Controllers/Home.php(23): DateTime->__construct()
 2 SYSTEMPATH/CodeIgniter.php(919): App\Controllers\Home->index()
 3 SYSTEMPATH/CodeIgniter.php(494): CodeIgniter\CodeIgniter->runController()
 4 SYSTEMPATH/CodeIgniter.php(353): CodeIgniter\CodeIgniter->handleRequest()
 5 FCPATH/index.php(79): CodeIgniter\CodeIgniter->run()
 6 SYSTEMPATH/Commands/Server/rewrite.php(47): require_once('/home/haslam/Documents/developmentTraining/training-php/perpustakaan/public/index.php')
CRITICAL - 2023-09-27 04:31:31 --> DateTime::__construct(): Argument #2 ($timezone) must be of type ?DateTimeZone, string given
in APPPATH/Controllers/Home.php on line 23.
 1 APPPATH/Controllers/Home.php(23): DateTime->__construct()
 2 SYSTEMPATH/CodeIgniter.php(919): App\Controllers\Home->index()
 3 SYSTEMPATH/CodeIgniter.php(494): CodeIgniter\CodeIgniter->runController()
 4 SYSTEMPATH/CodeIgniter.php(353): CodeIgniter\CodeIgniter->handleRequest()
 5 FCPATH/index.php(79): CodeIgniter\CodeIgniter->run()
 6 SYSTEMPATH/Commands/Server/rewrite.php(47): require_once('/home/haslam/Documents/developmentTraining/training-php/perpustakaan/public/index.php')
CRITICAL - 2023-09-27 04:32:13 --> DateTime::__construct(): Argument #2 ($timezone) must be of type ?DateTimeZone, string given
in APPPATH/Controllers/Home.php on line 21.
 1 APPPATH/Controllers/Home.php(21): DateTime->__construct()
 2 SYSTEMPATH/CodeIgniter.php(919): App\Controllers\Home->index()
 3 SYSTEMPATH/CodeIgniter.php(494): CodeIgniter\CodeIgniter->runController()
 4 SYSTEMPATH/CodeIgniter.php(353): CodeIgniter\CodeIgniter->handleRequest()
 5 FCPATH/index.php(79): CodeIgniter\CodeIgniter->run()
 6 SYSTEMPATH/Commands/Server/rewrite.php(47): require_once('/home/haslam/Documents/developmentTraining/training-php/perpustakaan/public/index.php')
CRITICAL - 2023-09-27 04:32:42 --> DateTime::__construct(): Argument #2 ($timezone) must be of type ?DateTimeZone, int given
in APPPATH/Controllers/Home.php on line 21.
 1 APPPATH/Controllers/Home.php(21): DateTime->__construct()
 2 SYSTEMPATH/CodeIgniter.php(919): App\Controllers\Home->index()
 3 SYSTEMPATH/CodeIgniter.php(494): CodeIgniter\CodeIgniter->runController()
 4 SYSTEMPATH/CodeIgniter.php(353): CodeIgniter\CodeIgniter->handleRequest()
 5 FCPATH/index.php(79): CodeIgniter\CodeIgniter->run()
 6 SYSTEMPATH/Commands/Server/rewrite.php(47): require_once('/home/haslam/Documents/developmentTraining/training-php/perpustakaan/public/index.php')
