CRITICAL - 2023-09-30 00:29:59 --> Attempt to read property "nama" on array
in APPPATH/Controllers/Home.php on line 45.
 1 APPPATH/Controllers/Home.php(45): CodeIgniter\Debug\Exceptions->errorHandler()
 2 SYSTEMPATH/CodeIgniter.php(919): App\Controllers\Home->index()
 3 SYSTEMPATH/CodeIgniter.php(494): CodeIgniter\CodeIgniter->runController()
 4 SYSTEMPATH/CodeIgniter.php(353): CodeIgniter\CodeIgniter->handleRequest()
 5 FCPATH/index.php(79): CodeIgniter\CodeIgniter->run()
 6 SYSTEMPATH/Commands/Server/rewrite.php(47): require_once('/home/haslam/Documents/developmentTraining/training-php/perpustakaan/public/index.php')
CRITICAL - 2023-09-30 00:34:40 --> Attempt to read property "id_user" on array
in APPPATH/Controllers/Home.php on line 44.
 1 APPPATH/Controllers/Home.php(44): CodeIgniter\Debug\Exceptions->errorHandler()
 2 SYSTEMPATH/CodeIgniter.php(919): App\Controllers\Home->index()
 3 SYSTEMPATH/CodeIgniter.php(494): CodeIgniter\CodeIgniter->runController()
 4 SYSTEMPATH/CodeIgniter.php(353): CodeIgniter\CodeIgniter->handleRequest()
 5 FCPATH/index.php(79): CodeIgniter\CodeIgniter->run()
 6 SYSTEMPATH/Commands/Server/rewrite.php(47): require_once('/home/haslam/Documents/developmentTraining/training-php/perpustakaan/public/index.php')
CRITICAL - 2023-09-30 00:35:51 --> Attempt to read property "id_user" on array
in APPPATH/Controllers/Home.php on line 44.
 1 APPPATH/Controllers/Home.php(44): CodeIgniter\Debug\Exceptions->errorHandler()
 2 SYSTEMPATH/CodeIgniter.php(919): App\Controllers\Home->index()
 3 SYSTEMPATH/CodeIgniter.php(494): CodeIgniter\CodeIgniter->runController()
 4 SYSTEMPATH/CodeIgniter.php(353): CodeIgniter\CodeIgniter->handleRequest()
 5 FCPATH/index.php(79): CodeIgniter\CodeIgniter->run()
 6 SYSTEMPATH/Commands/Server/rewrite.php(47): require_once('/home/haslam/Documents/developmentTraining/training-php/perpustakaan/public/index.php')
CRITICAL - 2023-09-30 00:44:33 --> Attempt to read property "value" on null
in APPPATH/Entity/UserEntity.php on line 21.
 1 APPPATH/Entity/UserEntity.php(21): CodeIgniter\Debug\Exceptions->errorHandler()
 2 APPPATH/Controllers/Home.php(43): App\Entity\UserEntity->__toString()
 3 SYSTEMPATH/CodeIgniter.php(919): App\Controllers\Home->index()
 4 SYSTEMPATH/CodeIgniter.php(494): CodeIgniter\CodeIgniter->runController()
 5 SYSTEMPATH/CodeIgniter.php(353): CodeIgniter\CodeIgniter->handleRequest()
 6 FCPATH/index.php(79): CodeIgniter\CodeIgniter->run()
 7 SYSTEMPATH/Commands/Server/rewrite.php(47): require_once('/home/haslam/Documents/developmentTraining/training-php/perpustakaan/public/index.php')
CRITICAL - 2023-09-30 00:44:54 --> Attempt to read property "value" on string
in APPPATH/Entity/UserEntity.php on line 21.
 1 APPPATH/Entity/UserEntity.php(21): CodeIgniter\Debug\Exceptions->errorHandler()
 2 APPPATH/Controllers/Home.php(43): App\Entity\UserEntity->__toString()
 3 SYSTEMPATH/CodeIgniter.php(919): App\Controllers\Home->index()
 4 SYSTEMPATH/CodeIgniter.php(494): CodeIgniter\CodeIgniter->runController()
 5 SYSTEMPATH/CodeIgniter.php(353): CodeIgniter\CodeIgniter->handleRequest()
 6 FCPATH/index.php(79): CodeIgniter\CodeIgniter->run()
 7 SYSTEMPATH/Commands/Server/rewrite.php(47): require_once('/home/haslam/Documents/developmentTraining/training-php/perpustakaan/public/index.php')
CRITICAL - 2023-09-30 00:45:09 --> Call to a member function format() on string
in APPPATH/Entity/UserEntity.php on line 23.
 1 APPPATH/Controllers/Home.php(43): App\Entity\UserEntity->__toString()
 2 SYSTEMPATH/CodeIgniter.php(919): App\Controllers\Home->index()
 3 SYSTEMPATH/CodeIgniter.php(494): CodeIgniter\CodeIgniter->runController()
 4 SYSTEMPATH/CodeIgniter.php(353): CodeIgniter\CodeIgniter->handleRequest()
 5 FCPATH/index.php(79): CodeIgniter\CodeIgniter->run()
 6 SYSTEMPATH/Commands/Server/rewrite.php(47): require_once('/home/haslam/Documents/developmentTraining/training-php/perpustakaan/public/index.php')
ERROR - 2023-09-30 07:10:00 --> mysqli_sql_exception: Duplicate entry 'email@gmail.com' for key 'user.email' in /home/haslam/Documents/developmentTraining/training-php/perpustakaan/system/Database/MySQLi/Connection.php:306
Stack trace:
#0 /home/haslam/Documents/developmentTraining/training-php/perpustakaan/system/Database/MySQLi/Connection.php(306): mysqli->query()
#1 /home/haslam/Documents/developmentTraining/training-php/perpustakaan/system/Database/BaseConnection.php(692): CodeIgniter\Database\MySQLi\Connection->execute()
#2 /home/haslam/Documents/developmentTraining/training-php/perpustakaan/system/Database/BaseConnection.php(606): CodeIgniter\Database\BaseConnection->simpleQuery()
#3 /home/haslam/Documents/developmentTraining/training-php/perpustakaan/system/Database/BaseBuilder.php(2308): CodeIgniter\Database\BaseConnection->query()
#4 /home/haslam/Documents/developmentTraining/training-php/perpustakaan/system/Model.php(319): CodeIgniter\Database\BaseBuilder->insert()
#5 /home/haslam/Documents/developmentTraining/training-php/perpustakaan/system/BaseModel.php(788): CodeIgniter\Model->doInsert()
#6 /home/haslam/Documents/developmentTraining/training-php/perpustakaan/system/Model.php(715): CodeIgniter\BaseModel->insert()
#7 /home/haslam/Documents/developmentTraining/training-php/perpustakaan/system/BaseModel.php(698): CodeIgniter\Model->insert()
#8 /home/haslam/Documents/developmentTraining/training-php/perpustakaan/app/Controllers/Home.php(51): CodeIgniter\BaseModel->save()
#9 /home/haslam/Documents/developmentTraining/training-php/perpustakaan/system/CodeIgniter.php(919): App\Controllers\Home->index()
#10 /home/haslam/Documents/developmentTraining/training-php/perpustakaan/system/CodeIgniter.php(494): CodeIgniter\CodeIgniter->runController()
#11 /home/haslam/Documents/developmentTraining/training-php/perpustakaan/system/CodeIgniter.php(353): CodeIgniter\CodeIgniter->handleRequest()
#12 /home/haslam/Documents/developmentTraining/training-php/perpustakaan/public/index.php(79): CodeIgniter\CodeIgniter->run()
#13 /home/haslam/Documents/developmentTraining/training-php/perpustakaan/system/Commands/Server/rewrite.php(47): require_once('...')
#14 {main}
CRITICAL - 2023-09-30 07:10:00 --> Duplicate entry 'email@gmail.com' for key 'user.email'
in SYSTEMPATH/Database/BaseConnection.php on line 646.
 1 SYSTEMPATH/Database/BaseBuilder.php(2308): CodeIgniter\Database\BaseConnection->query()
 2 SYSTEMPATH/Model.php(319): CodeIgniter\Database\BaseBuilder->insert()
 3 SYSTEMPATH/BaseModel.php(788): CodeIgniter\Model->doInsert()
 4 SYSTEMPATH/Model.php(715): CodeIgniter\BaseModel->insert()
 5 SYSTEMPATH/BaseModel.php(698): CodeIgniter\Model->insert()
 6 APPPATH/Controllers/Home.php(51): CodeIgniter\BaseModel->save()
 7 SYSTEMPATH/CodeIgniter.php(919): App\Controllers\Home->index()
 8 SYSTEMPATH/CodeIgniter.php(494): CodeIgniter\CodeIgniter->runController()
 9 SYSTEMPATH/CodeIgniter.php(353): CodeIgniter\CodeIgniter->handleRequest()
10 FCPATH/index.php(79): CodeIgniter\CodeIgniter->run()
11 SYSTEMPATH/Commands/Server/rewrite.php(47): require_once('/home/haslam/Documents/developmentTraining/training-php/perpustakaan/public/index.php')
