INFO - 2023-10-07 06:58:28 --> Session: Class initialized using 'CodeIgniter\Session\Handlers\FileHandler' driver.
INFO - 2023-10-07 06:58:38 --> Session: Class initialized using 'CodeIgniter\Session\Handlers\FileHandler' driver.
INFO - 2023-10-07 06:59:06 --> Session: Class initialized using 'CodeIgniter\Session\Handlers\FileHandler' driver.
INFO - 2023-10-07 07:00:48 --> Session: Class initialized using 'CodeIgniter\Session\Handlers\FileHandler' driver.
INFO - 2023-10-07 07:01:33 --> Session: Class initialized using 'CodeIgniter\Session\Handlers\FileHandler' driver.
INFO - 2023-10-07 07:01:39 --> Session: Class initialized using 'CodeIgniter\Session\Handlers\FileHandler' driver.
INFO - 2023-10-07 07:02:34 --> Session: Class initialized using 'CodeIgniter\Session\Handlers\FileHandler' driver.
INFO - 2023-10-07 07:07:04 --> Session: Class initialized using 'CodeIgniter\Session\Handlers\FileHandler' driver.
INFO - 2023-10-07 07:07:40 --> Session: Class initialized using 'CodeIgniter\Session\Handlers\FileHandler' driver.
INFO - 2023-10-07 07:08:08 --> Session: Class initialized using 'CodeIgniter\Session\Handlers\FileHandler' driver.
CRITICAL - 2023-10-07 07:08:08 --> The route for "/no" cannot be found.
in SYSTEMPATH/HTTP/RedirectResponse.php on line 60.
 1 SYSTEMPATH/HTTP/RedirectResponse.php(60): CodeIgniter\HTTP\Exceptions\HTTPException::forInvalidRedirectRoute()
 2 SYSTEMPATH/Common.php(878): CodeIgniter\HTTP\RedirectResponse->route()
 3 APPPATH/Filters/Authorization.php(9): redirect()
 4 SYSTEMPATH/Filters/Filters.php(182): App\Filters\Authorization->before()
 5 SYSTEMPATH/CodeIgniter.php(466): CodeIgniter\Filters\Filters->run()
 6 SYSTEMPATH/CodeIgniter.php(353): CodeIgniter\CodeIgniter->handleRequest()
 7 FCPATH/index.php(79): CodeIgniter\CodeIgniter->run()
 8 SYSTEMPATH/Commands/Server/rewrite.php(47): require_once('/home/haslam/Documents/developmentTraining/training-php/perpustakaan/public/index.php')
INFO - 2023-10-07 07:08:46 --> Session: Class initialized using 'CodeIgniter\Session\Handlers\FileHandler' driver.
INFO - 2023-10-07 07:08:51 --> Session: Class initialized using 'CodeIgniter\Session\Handlers\FileHandler' driver.
CRITICAL - 2023-10-07 12:48:42 --> The namespace delimiter is a backslash (\), not a slash (/). Route handler: "\App\Controllers\User/Register::registerRequest"
in SYSTEMPATH/Router/Router.php on line 477.
 1 SYSTEMPATH/Router/Router.php(477): CodeIgniter\Router\Exceptions\RouterException::forInvalidControllerName()
 2 SYSTEMPATH/Router/Router.php(184): CodeIgniter\Router\Router->checkRoutes()
 3 SYSTEMPATH/CodeIgniter.php(800): CodeIgniter\Router\Router->handle()
 4 SYSTEMPATH/CodeIgniter.php(442): CodeIgniter\CodeIgniter->tryToRouteIt()
 5 SYSTEMPATH/CodeIgniter.php(353): CodeIgniter\CodeIgniter->handleRequest()
 6 FCPATH/index.php(79): CodeIgniter\CodeIgniter->run()
 7 SYSTEMPATH/Commands/Server/rewrite.php(47): require_once('/home/haslam/Documents/developmentTraining/training-php/perpustakaan/public/index.php')
CRITICAL - 2023-10-07 12:52:22 --> Call to a member function setStatusCode() on null
in APPPATH/Controllers/User/Register.php on line 30.
 1 SYSTEMPATH/CodeIgniter.php(891): App\Controllers\User\Register->__construct()
 2 SYSTEMPATH/CodeIgniter.php(485): CodeIgniter\CodeIgniter->createController()
 3 SYSTEMPATH/CodeIgniter.php(353): CodeIgniter\CodeIgniter->handleRequest()
 4 FCPATH/index.php(79): CodeIgniter\CodeIgniter->run()
 5 SYSTEMPATH/Commands/Server/rewrite.php(47): require_once('/home/haslam/Documents/developmentTraining/training-php/perpustakaan/public/index.php')
CRITICAL - 2023-10-07 12:52:25 --> Call to a member function setStatusCode() on null
in APPPATH/Controllers/User/Register.php on line 30.
 1 SYSTEMPATH/CodeIgniter.php(891): App\Controllers\User\Register->__construct()
 2 SYSTEMPATH/CodeIgniter.php(485): CodeIgniter\CodeIgniter->createController()
 3 SYSTEMPATH/CodeIgniter.php(353): CodeIgniter\CodeIgniter->handleRequest()
 4 FCPATH/index.php(79): CodeIgniter\CodeIgniter->run()
 5 SYSTEMPATH/Commands/Server/rewrite.php(47): require_once('/home/haslam/Documents/developmentTraining/training-php/perpustakaan/public/index.php')
CRITICAL - 2023-10-07 12:53:06 --> Call to a member function setStatusCode() on null
in APPPATH/Controllers/User/Register.php on line 30.
 1 SYSTEMPATH/CodeIgniter.php(891): App\Controllers\User\Register->__construct()
 2 SYSTEMPATH/CodeIgniter.php(485): CodeIgniter\CodeIgniter->createController()
 3 SYSTEMPATH/CodeIgniter.php(353): CodeIgniter\CodeIgniter->handleRequest()
 4 FCPATH/index.php(79): CodeIgniter\CodeIgniter->run()
 5 SYSTEMPATH/Commands/Server/rewrite.php(47): require_once('/home/haslam/Documents/developmentTraining/training-php/perpustakaan/public/index.php')
CRITICAL - 2023-10-07 12:53:14 --> Call to a member function setStatusCode() on null
in APPPATH/Controllers/User/Register.php on line 30.
 1 SYSTEMPATH/CodeIgniter.php(891): App\Controllers\User\Register->__construct()
 2 SYSTEMPATH/CodeIgniter.php(485): CodeIgniter\CodeIgniter->createController()
 3 SYSTEMPATH/CodeIgniter.php(353): CodeIgniter\CodeIgniter->handleRequest()
 4 FCPATH/index.php(79): CodeIgniter\CodeIgniter->run()
 5 SYSTEMPATH/Commands/Server/rewrite.php(47): require_once('/home/haslam/Documents/developmentTraining/training-php/perpustakaan/public/index.php')
CRITICAL - 2023-10-07 12:53:47 --> Access level to App\Controllers\User\Register::$responses must be protected (as in class CodeIgniter\Controller) or weaker
in APPPATH/Controllers/User/Register.php on line 10.
 1 [internal function]: CodeIgniter\Debug\Exceptions->shutdownHandler()
CRITICAL - 2023-10-07 12:54:35 --> syntax error, unexpected variable "$dataParser"
in APPPATH/Controllers/User/Register.php on line 31.
 1 SYSTEMPATH/Autoloader/Autoloader.php(285): CodeIgniter\Autoloader\Autoloader->includeFile()
 2 SYSTEMPATH/Autoloader/Autoloader.php(263): CodeIgniter\Autoloader\Autoloader->loadInNamespace()
 3 [internal function]: CodeIgniter\Autoloader\Autoloader->loadClass()
 4 SYSTEMPATH/CodeIgniter.php(877): class_exists()
 5 SYSTEMPATH/CodeIgniter.php(481): CodeIgniter\CodeIgniter->startController()
 6 SYSTEMPATH/CodeIgniter.php(353): CodeIgniter\CodeIgniter->handleRequest()
 7 FCPATH/index.php(79): CodeIgniter\CodeIgniter->run()
 8 SYSTEMPATH/Commands/Server/rewrite.php(47): require_once('/home/haslam/Documents/developmentTraining/training-php/perpustakaan/public/index.php')
CRITICAL - 2023-10-07 12:56:09 --> syntax error, unexpected token "return"
in APPPATH/Controllers/User/Register.php on line 35.
 1 SYSTEMPATH/Autoloader/Autoloader.php(285): CodeIgniter\Autoloader\Autoloader->includeFile()
 2 SYSTEMPATH/Autoloader/Autoloader.php(263): CodeIgniter\Autoloader\Autoloader->loadInNamespace()
 3 [internal function]: CodeIgniter\Autoloader\Autoloader->loadClass()
 4 SYSTEMPATH/CodeIgniter.php(877): class_exists()
 5 SYSTEMPATH/CodeIgniter.php(481): CodeIgniter\CodeIgniter->startController()
 6 SYSTEMPATH/CodeIgniter.php(353): CodeIgniter\CodeIgniter->handleRequest()
 7 FCPATH/index.php(79): CodeIgniter\CodeIgniter->run()
 8 SYSTEMPATH/Commands/Server/rewrite.php(47): require_once('/home/haslam/Documents/developmentTraining/training-php/perpustakaan/public/index.php')
