CRITICAL - 2023-10-05 00:21:47 --> Array to string conversion
in SYSTEMPATH/HTTP/ResponseTrait.php on line 489.
 1 SYSTEMPATH/HTTP/ResponseTrait.php(489): CodeIgniter\Debug\Exceptions->errorHandler()
 2 SYSTEMPATH/HTTP/ResponseTrait.php(448): CodeIgniter\HTTP\Response->sendBody()
 3 APPPATH/Controllers/Home.php(32): CodeIgniter\HTTP\Response->send()
 4 SYSTEMPATH/CodeIgniter.php(919): App\Controllers\Home->index()
 5 SYSTEMPATH/CodeIgniter.php(494): CodeIgniter\CodeIgniter->runController()
 6 SYSTEMPATH/CodeIgniter.php(353): CodeIgniter\CodeIgniter->handleRequest()
 7 FCPATH/index.php(79): CodeIgniter\CodeIgniter->run()
 8 SYSTEMPATH/Commands/Server/rewrite.php(47): require_once('/home/haslam/Documents/developmentTraining/training-php/perpustakaan/public/index.php')
CRITICAL - 2023-10-05 00:31:18 --> Array to string conversion
in SYSTEMPATH/HTTP/ResponseTrait.php on line 443.
 1 [internal function]: CodeIgniter\Debug\Exceptions->errorHandler()
 2 SYSTEMPATH/HTTP/ResponseTrait.php(443): str_replace()
 3 APPPATH/Controllers/Home.php(33): CodeIgniter\HTTP\Response->send()
 4 SYSTEMPATH/CodeIgniter.php(919): App\Controllers\Home->index()
 5 SYSTEMPATH/CodeIgniter.php(494): CodeIgniter\CodeIgniter->runController()
 6 SYSTEMPATH/CodeIgniter.php(353): CodeIgniter\CodeIgniter->handleRequest()
 7 FCPATH/index.php(79): CodeIgniter\CodeIgniter->run()
 8 SYSTEMPATH/Commands/Server/rewrite.php(47): require_once('/home/haslam/Documents/developmentTraining/training-php/perpustakaan/public/index.php')
CRITICAL - 2023-10-05 08:34:37 --> Undefined array key 2
in APPPATH/Controllers/Home.php on line 36.
 1 APPPATH/Controllers/Home.php(36): CodeIgniter\Debug\Exceptions->errorHandler()
 2 SYSTEMPATH/CodeIgniter.php(919): App\Controllers\Home->index()
 3 SYSTEMPATH/CodeIgniter.php(494): CodeIgniter\CodeIgniter->runController()
 4 SYSTEMPATH/CodeIgniter.php(353): CodeIgniter\CodeIgniter->handleRequest()
 5 FCPATH/index.php(79): CodeIgniter\CodeIgniter->run()
 6 SYSTEMPATH/Commands/Server/rewrite.php(47): require_once('/home/haslam/Documents/developmentTraining/training-php/perpustakaan/public/index.php')
ERROR - 2023-10-05 12:56:40 --> mysqli_sql_exception: Duplicate entry 'yummy@gmail.com' for key 'user.email' in /home/haslam/Documents/developmentTraining/training-php/perpustakaan/system/Database/MySQLi/Connection.php:306
Stack trace:
#0 /home/haslam/Documents/developmentTraining/training-php/perpustakaan/system/Database/MySQLi/Connection.php(306): mysqli->query()
#1 /home/haslam/Documents/developmentTraining/training-php/perpustakaan/system/Database/BaseConnection.php(692): CodeIgniter\Database\MySQLi\Connection->execute()
#2 /home/haslam/Documents/developmentTraining/training-php/perpustakaan/system/Database/BaseConnection.php(606): CodeIgniter\Database\BaseConnection->simpleQuery()
#3 /home/haslam/Documents/developmentTraining/training-php/perpustakaan/system/Database/BaseBuilder.php(2308): CodeIgniter\Database\BaseConnection->query()
#4 /home/haslam/Documents/developmentTraining/training-php/perpustakaan/system/Model.php(319): CodeIgniter\Database\BaseBuilder->insert()
#5 /home/haslam/Documents/developmentTraining/training-php/perpustakaan/system/BaseModel.php(788): CodeIgniter\Model->doInsert()
#6 /home/haslam/Documents/developmentTraining/training-php/perpustakaan/system/Model.php(715): CodeIgniter\BaseModel->insert()
#7 /home/haslam/Documents/developmentTraining/training-php/perpustakaan/app/Models/UserModel.php(95): CodeIgniter\Model->insert()
#8 /home/haslam/Documents/developmentTraining/training-php/perpustakaan/tests/ModelTest/SuccessTest/UserModelTest.php(48): App\Models\UserModel->insertData()
#9 /home/haslam/Documents/developmentTraining/training-php/perpustakaan/vendor/phpunit/phpunit/src/Framework/TestCase.php(1102): ModelTest\SuccessTest\UserModelTest->testInsertDataSuccess()
#10 /home/haslam/Documents/developmentTraining/training-php/perpustakaan/vendor/phpunit/phpunit/src/Framework/TestCase.php(653): PHPUnit\Framework\TestCase->runTest()
#11 /home/haslam/Documents/developmentTraining/training-php/perpustakaan/vendor/phpunit/phpunit/src/Framework/TestRunner.php(103): PHPUnit\Framework\TestCase->runBare()
#12 /home/haslam/Documents/developmentTraining/training-php/perpustakaan/vendor/phpunit/phpunit/src/Framework/TestCase.php(489): PHPUnit\Framework\TestRunner->run()
#13 /home/haslam/Documents/developmentTraining/training-php/perpustakaan/vendor/phpunit/phpunit/src/Framework/TestSuite.php(340): PHPUnit\Framework\TestCase->run()
#14 /home/haslam/Documents/developmentTraining/training-php/perpustakaan/vendor/phpunit/phpunit/src/Framework/TestSuite.php(340): PHPUnit\Framework\TestSuite->run()
#15 /home/haslam/Documents/developmentTraining/training-php/perpustakaan/vendor/phpunit/phpunit/src/TextUI/TestRunner.php(63): PHPUnit\Framework\TestSuite->run()
#16 /home/haslam/Documents/developmentTraining/training-php/perpustakaan/vendor/phpunit/phpunit/src/TextUI/Application.php(177): PHPUnit\TextUI\TestRunner->run()
#17 /home/haslam/Documents/developmentTraining/training-php/perpustakaan/vendor/phpunit/phpunit/phpunit(99): PHPUnit\TextUI\Application->run()
#18 {main}
