ERROR - 2023-10-10 23:20:34 --> Error connecting to the database: mysqli_sql_exception: No such file or directory in /home/haslam/Documents/developmentTraining/training-php/perpustakaan/system/Database/MySQLi/Connection.php:185
Stack trace:
#0 /home/haslam/Documents/developmentTraining/training-php/perpustakaan/system/Database/MySQLi/Connection.php(185): mysqli->real_connect()
#1 /home/haslam/Documents/developmentTraining/training-php/perpustakaan/system/Database/BaseConnection.php(391): CodeIgniter\Database\MySQLi\Connection->connect()
#2 /home/haslam/Documents/developmentTraining/training-php/perpustakaan/app/Config/Services.php(52): CodeIgniter\Database\BaseConnection->initialize()
#3 /home/haslam/Documents/developmentTraining/training-php/perpustakaan/app/Controllers/User/Register.php(34): Config\Services::getDatabaseConnection()
#4 /home/haslam/Documents/developmentTraining/training-php/perpustakaan/system/CodeIgniter.php(891): App\Controllers\User\Register->__construct()
#5 /home/haslam/Documents/developmentTraining/training-php/perpustakaan/system/CodeIgniter.php(485): CodeIgniter\CodeIgniter->createController()
#6 /home/haslam/Documents/developmentTraining/training-php/perpustakaan/system/CodeIgniter.php(353): CodeIgniter\CodeIgniter->handleRequest()
#7 /home/haslam/Documents/developmentTraining/training-php/perpustakaan/public/index.php(79): CodeIgniter\CodeIgniter->run()
#8 /home/haslam/Documents/developmentTraining/training-php/perpustakaan/system/Commands/Server/rewrite.php(47): require_once('...')
#9 {main}

Next CodeIgniter\Database\Exceptions\DatabaseException: No such file or directory in /home/haslam/Documents/developmentTraining/training-php/perpustakaan/system/Database/MySQLi/Connection.php:229
Stack trace:
#0 /home/haslam/Documents/developmentTraining/training-php/perpustakaan/system/Database/BaseConnection.php(391): CodeIgniter\Database\MySQLi\Connection->connect()
#1 /home/haslam/Documents/developmentTraining/training-php/perpustakaan/app/Config/Services.php(52): CodeIgniter\Database\BaseConnection->initialize()
#2 /home/haslam/Documents/developmentTraining/training-php/perpustakaan/app/Controllers/User/Register.php(34): Config\Services::getDatabaseConnection()
#3 /home/haslam/Documents/developmentTraining/training-php/perpustakaan/system/CodeIgniter.php(891): App\Controllers\User\Register->__construct()
#4 /home/haslam/Documents/developmentTraining/training-php/perpustakaan/system/CodeIgniter.php(485): CodeIgniter\CodeIgniter->createController()
#5 /home/haslam/Documents/developmentTraining/training-php/perpustakaan/system/CodeIgniter.php(353): CodeIgniter\CodeIgniter->handleRequest()
#6 /home/haslam/Documents/developmentTraining/training-php/perpustakaan/public/index.php(79): CodeIgniter\CodeIgniter->run()
#7 /home/haslam/Documents/developmentTraining/training-php/perpustakaan/system/Commands/Server/rewrite.php(47): require_once('...')
#8 {main}
CRITICAL - 2023-10-10 23:20:34 --> Config\Services::getDatabaseConnection(): Return value must be of type ?CodeIgniter\Database\BaseConnection, none returned
in APPPATH/Config/Services.php on line 74.
 1 APPPATH/Controllers/User/Register.php(34): Config\Services::getDatabaseConnection()
 2 SYSTEMPATH/CodeIgniter.php(891): App\Controllers\User\Register->__construct()
 3 SYSTEMPATH/CodeIgniter.php(485): CodeIgniter\CodeIgniter->createController()
 4 SYSTEMPATH/CodeIgniter.php(353): CodeIgniter\CodeIgniter->handleRequest()
 5 FCPATH/index.php(79): CodeIgniter\CodeIgniter->run()
 6 SYSTEMPATH/Commands/Server/rewrite.php(47): require_once('/home/haslam/Documents/developmentTraining/training-php/perpustakaan/public/index.php')
ERROR - 2023-10-10 23:23:21 --> Error connecting to the database: mysqli_sql_exception: No such file or directory in /home/haslam/Documents/developmentTraining/training-php/perpustakaan/system/Database/MySQLi/Connection.php:185
Stack trace:
#0 /home/haslam/Documents/developmentTraining/training-php/perpustakaan/system/Database/MySQLi/Connection.php(185): mysqli->real_connect()
#1 /home/haslam/Documents/developmentTraining/training-php/perpustakaan/system/Database/BaseConnection.php(391): CodeIgniter\Database\MySQLi\Connection->connect()
#2 /home/haslam/Documents/developmentTraining/training-php/perpustakaan/app/Config/Services.php(52): CodeIgniter\Database\BaseConnection->initialize()
#3 /home/haslam/Documents/developmentTraining/training-php/perpustakaan/app/Controllers/User/Register.php(34): Config\Services::getDatabaseConnection()
#4 /home/haslam/Documents/developmentTraining/training-php/perpustakaan/system/CodeIgniter.php(891): App\Controllers\User\Register->__construct()
#5 /home/haslam/Documents/developmentTraining/training-php/perpustakaan/system/CodeIgniter.php(485): CodeIgniter\CodeIgniter->createController()
#6 /home/haslam/Documents/developmentTraining/training-php/perpustakaan/system/CodeIgniter.php(353): CodeIgniter\CodeIgniter->handleRequest()
#7 /home/haslam/Documents/developmentTraining/training-php/perpustakaan/public/index.php(79): CodeIgniter\CodeIgniter->run()
#8 /home/haslam/Documents/developmentTraining/training-php/perpustakaan/system/Commands/Server/rewrite.php(47): require_once('...')
#9 {main}

Next CodeIgniter\Database\Exceptions\DatabaseException: No such file or directory in /home/haslam/Documents/developmentTraining/training-php/perpustakaan/system/Database/MySQLi/Connection.php:229
Stack trace:
#0 /home/haslam/Documents/developmentTraining/training-php/perpustakaan/system/Database/BaseConnection.php(391): CodeIgniter\Database\MySQLi\Connection->connect()
#1 /home/haslam/Documents/developmentTraining/training-php/perpustakaan/app/Config/Services.php(52): CodeIgniter\Database\BaseConnection->initialize()
#2 /home/haslam/Documents/developmentTraining/training-php/perpustakaan/app/Controllers/User/Register.php(34): Config\Services::getDatabaseConnection()
#3 /home/haslam/Documents/developmentTraining/training-php/perpustakaan/system/CodeIgniter.php(891): App\Controllers\User\Register->__construct()
#4 /home/haslam/Documents/developmentTraining/training-php/perpustakaan/system/CodeIgniter.php(485): CodeIgniter\CodeIgniter->createController()
#5 /home/haslam/Documents/developmentTraining/training-php/perpustakaan/system/CodeIgniter.php(353): CodeIgniter\CodeIgniter->handleRequest()
#6 /home/haslam/Documents/developmentTraining/training-php/perpustakaan/public/index.php(79): CodeIgniter\CodeIgniter->run()
#7 /home/haslam/Documents/developmentTraining/training-php/perpustakaan/system/Commands/Server/rewrite.php(47): require_once('...')
#8 {main}
ERROR - 2023-10-10 23:26:03 --> Error connecting to the database: mysqli_sql_exception: No such file or directory in /home/haslam/Documents/developmentTraining/training-php/perpustakaan/system/Database/MySQLi/Connection.php:185
Stack trace:
#0 /home/haslam/Documents/developmentTraining/training-php/perpustakaan/system/Database/MySQLi/Connection.php(185): mysqli->real_connect()
#1 /home/haslam/Documents/developmentTraining/training-php/perpustakaan/system/Database/BaseConnection.php(391): CodeIgniter\Database\MySQLi\Connection->connect()
#2 /home/haslam/Documents/developmentTraining/training-php/perpustakaan/app/Config/Services.php(53): CodeIgniter\Database\BaseConnection->initialize()
#3 /home/haslam/Documents/developmentTraining/training-php/perpustakaan/app/Controllers/User/Register.php(34): Config\Services::getDatabaseConnection()
#4 /home/haslam/Documents/developmentTraining/training-php/perpustakaan/system/CodeIgniter.php(891): App\Controllers\User\Register->__construct()
#5 /home/haslam/Documents/developmentTraining/training-php/perpustakaan/system/CodeIgniter.php(485): CodeIgniter\CodeIgniter->createController()
#6 /home/haslam/Documents/developmentTraining/training-php/perpustakaan/system/CodeIgniter.php(353): CodeIgniter\CodeIgniter->handleRequest()
#7 /home/haslam/Documents/developmentTraining/training-php/perpustakaan/public/index.php(79): CodeIgniter\CodeIgniter->run()
#8 /home/haslam/Documents/developmentTraining/training-php/perpustakaan/system/Commands/Server/rewrite.php(47): require_once('...')
#9 {main}

Next CodeIgniter\Database\Exceptions\DatabaseException: No such file or directory in /home/haslam/Documents/developmentTraining/training-php/perpustakaan/system/Database/MySQLi/Connection.php:229
Stack trace:
#0 /home/haslam/Documents/developmentTraining/training-php/perpustakaan/system/Database/BaseConnection.php(391): CodeIgniter\Database\MySQLi\Connection->connect()
#1 /home/haslam/Documents/developmentTraining/training-php/perpustakaan/app/Config/Services.php(53): CodeIgniter\Database\BaseConnection->initialize()
#2 /home/haslam/Documents/developmentTraining/training-php/perpustakaan/app/Controllers/User/Register.php(34): Config\Services::getDatabaseConnection()
#3 /home/haslam/Documents/developmentTraining/training-php/perpustakaan/system/CodeIgniter.php(891): App\Controllers\User\Register->__construct()
#4 /home/haslam/Documents/developmentTraining/training-php/perpustakaan/system/CodeIgniter.php(485): CodeIgniter\CodeIgniter->createController()
#5 /home/haslam/Documents/developmentTraining/training-php/perpustakaan/system/CodeIgniter.php(353): CodeIgniter\CodeIgniter->handleRequest()
#6 /home/haslam/Documents/developmentTraining/training-php/perpustakaan/public/index.php(79): CodeIgniter\CodeIgniter->run()
#7 /home/haslam/Documents/developmentTraining/training-php/perpustakaan/system/Commands/Server/rewrite.php(47): require_once('...')
#8 {main}
ERROR - 2023-10-10 23:31:11 --> Error connecting to the database: mysqli_sql_exception: No such file or directory in /home/haslam/Documents/developmentTraining/training-php/perpustakaan/system/Database/MySQLi/Connection.php:185
Stack trace:
#0 /home/haslam/Documents/developmentTraining/training-php/perpustakaan/system/Database/MySQLi/Connection.php(185): mysqli->real_connect()
#1 /home/haslam/Documents/developmentTraining/training-php/perpustakaan/system/Database/BaseConnection.php(391): CodeIgniter\Database\MySQLi\Connection->connect()
#2 /home/haslam/Documents/developmentTraining/training-php/perpustakaan/app/Config/Services.php(52): CodeIgniter\Database\BaseConnection->initialize()
#3 /home/haslam/Documents/developmentTraining/training-php/perpustakaan/app/Controllers/User/Register.php(33): Config\Services::getDatabaseConnection()
#4 /home/haslam/Documents/developmentTraining/training-php/perpustakaan/system/CodeIgniter.php(891): App\Controllers\User\Register->__construct()
#5 /home/haslam/Documents/developmentTraining/training-php/perpustakaan/system/CodeIgniter.php(485): CodeIgniter\CodeIgniter->createController()
#6 /home/haslam/Documents/developmentTraining/training-php/perpustakaan/system/CodeIgniter.php(353): CodeIgniter\CodeIgniter->handleRequest()
#7 /home/haslam/Documents/developmentTraining/training-php/perpustakaan/public/index.php(79): CodeIgniter\CodeIgniter->run()
#8 /home/haslam/Documents/developmentTraining/training-php/perpustakaan/system/Commands/Server/rewrite.php(47): require_once('...')
#9 {main}

Next CodeIgniter\Database\Exceptions\DatabaseException: No such file or directory in /home/haslam/Documents/developmentTraining/training-php/perpustakaan/system/Database/MySQLi/Connection.php:229
Stack trace:
#0 /home/haslam/Documents/developmentTraining/training-php/perpustakaan/system/Database/BaseConnection.php(391): CodeIgniter\Database\MySQLi\Connection->connect()
#1 /home/haslam/Documents/developmentTraining/training-php/perpustakaan/app/Config/Services.php(52): CodeIgniter\Database\BaseConnection->initialize()
#2 /home/haslam/Documents/developmentTraining/training-php/perpustakaan/app/Controllers/User/Register.php(33): Config\Services::getDatabaseConnection()
#3 /home/haslam/Documents/developmentTraining/training-php/perpustakaan/system/CodeIgniter.php(891): App\Controllers\User\Register->__construct()
#4 /home/haslam/Documents/developmentTraining/training-php/perpustakaan/system/CodeIgniter.php(485): CodeIgniter\CodeIgniter->createController()
#5 /home/haslam/Documents/developmentTraining/training-php/perpustakaan/system/CodeIgniter.php(353): CodeIgniter\CodeIgniter->handleRequest()
#6 /home/haslam/Documents/developmentTraining/training-php/perpustakaan/public/index.php(79): CodeIgniter\CodeIgniter->run()
#7 /home/haslam/Documents/developmentTraining/training-php/perpustakaan/system/Commands/Server/rewrite.php(47): require_once('...')
#8 {main}
CRITICAL - 2023-10-10 23:31:11 --> Cannot assign string to property App\Controllers\User\Register::$databaseConnection of type CodeIgniter\Database\BaseConnection
in APPPATH/Controllers/User/Register.php on line 33.
 1 SYSTEMPATH/CodeIgniter.php(891): App\Controllers\User\Register->__construct()
 2 SYSTEMPATH/CodeIgniter.php(485): CodeIgniter\CodeIgniter->createController()
 3 SYSTEMPATH/CodeIgniter.php(353): CodeIgniter\CodeIgniter->handleRequest()
 4 FCPATH/index.php(79): CodeIgniter\CodeIgniter->run()
 5 SYSTEMPATH/Commands/Server/rewrite.php(47): require_once('/home/haslam/Documents/developmentTraining/training-php/perpustakaan/public/index.php')
ERROR - 2023-10-10 23:32:04 --> Error connecting to the database: mysqli_sql_exception: No such file or directory in /home/haslam/Documents/developmentTraining/training-php/perpustakaan/system/Database/MySQLi/Connection.php:185
Stack trace:
#0 /home/haslam/Documents/developmentTraining/training-php/perpustakaan/system/Database/MySQLi/Connection.php(185): mysqli->real_connect()
#1 /home/haslam/Documents/developmentTraining/training-php/perpustakaan/system/Database/BaseConnection.php(391): CodeIgniter\Database\MySQLi\Connection->connect()
#2 /home/haslam/Documents/developmentTraining/training-php/perpustakaan/app/Config/Services.php(52): CodeIgniter\Database\BaseConnection->initialize()
#3 /home/haslam/Documents/developmentTraining/training-php/perpustakaan/app/Controllers/User/Register.php(33): Config\Services::getDatabaseConnection()
#4 /home/haslam/Documents/developmentTraining/training-php/perpustakaan/system/CodeIgniter.php(891): App\Controllers\User\Register->__construct()
#5 /home/haslam/Documents/developmentTraining/training-php/perpustakaan/system/CodeIgniter.php(485): CodeIgniter\CodeIgniter->createController()
#6 /home/haslam/Documents/developmentTraining/training-php/perpustakaan/system/CodeIgniter.php(353): CodeIgniter\CodeIgniter->handleRequest()
#7 /home/haslam/Documents/developmentTraining/training-php/perpustakaan/public/index.php(79): CodeIgniter\CodeIgniter->run()
#8 /home/haslam/Documents/developmentTraining/training-php/perpustakaan/system/Commands/Server/rewrite.php(47): require_once('...')
#9 {main}

Next CodeIgniter\Database\Exceptions\DatabaseException: No such file or directory in /home/haslam/Documents/developmentTraining/training-php/perpustakaan/system/Database/MySQLi/Connection.php:229
Stack trace:
#0 /home/haslam/Documents/developmentTraining/training-php/perpustakaan/system/Database/BaseConnection.php(391): CodeIgniter\Database\MySQLi\Connection->connect()
#1 /home/haslam/Documents/developmentTraining/training-php/perpustakaan/app/Config/Services.php(52): CodeIgniter\Database\BaseConnection->initialize()
#2 /home/haslam/Documents/developmentTraining/training-php/perpustakaan/app/Controllers/User/Register.php(33): Config\Services::getDatabaseConnection()
#3 /home/haslam/Documents/developmentTraining/training-php/perpustakaan/system/CodeIgniter.php(891): App\Controllers\User\Register->__construct()
#4 /home/haslam/Documents/developmentTraining/training-php/perpustakaan/system/CodeIgniter.php(485): CodeIgniter\CodeIgniter->createController()
#5 /home/haslam/Documents/developmentTraining/training-php/perpustakaan/system/CodeIgniter.php(353): CodeIgniter\CodeIgniter->handleRequest()
#6 /home/haslam/Documents/developmentTraining/training-php/perpustakaan/public/index.php(79): CodeIgniter\CodeIgniter->run()
#7 /home/haslam/Documents/developmentTraining/training-php/perpustakaan/system/Commands/Server/rewrite.php(47): require_once('...')
#8 {main}
CRITICAL - 2023-10-10 23:32:04 --> App\Models\UserModel::__construct(): Argument #1 ($db) must be of type CodeIgniter\Database\ConnectionInterface, string given, called in /home/haslam/Documents/developmentTraining/training-php/perpustakaan/app/Controllers/User/Register.php on line 34
in APPPATH/Models/UserModel.php on line 78.
 1 APPPATH/Controllers/User/Register.php(34): App\Models\UserModel->__construct()
 2 SYSTEMPATH/CodeIgniter.php(891): App\Controllers\User\Register->__construct()
 3 SYSTEMPATH/CodeIgniter.php(485): CodeIgniter\CodeIgniter->createController()
 4 SYSTEMPATH/CodeIgniter.php(353): CodeIgniter\CodeIgniter->handleRequest()
 5 FCPATH/index.php(79): CodeIgniter\CodeIgniter->run()
 6 SYSTEMPATH/Commands/Server/rewrite.php(47): require_once('/home/haslam/Documents/developmentTraining/training-php/perpustakaan/public/index.php')
ERROR - 2023-10-10 23:34:39 --> Error connecting to the database: mysqli_sql_exception: No such file or directory in /home/haslam/Documents/developmentTraining/training-php/perpustakaan/system/Database/MySQLi/Connection.php:185
Stack trace:
#0 /home/haslam/Documents/developmentTraining/training-php/perpustakaan/system/Database/MySQLi/Connection.php(185): mysqli->real_connect()
#1 /home/haslam/Documents/developmentTraining/training-php/perpustakaan/system/Database/BaseConnection.php(391): CodeIgniter\Database\MySQLi\Connection->connect()
#2 /home/haslam/Documents/developmentTraining/training-php/perpustakaan/app/Config/Services.php(54): CodeIgniter\Database\BaseConnection->initialize()
#3 /home/haslam/Documents/developmentTraining/training-php/perpustakaan/app/Controllers/User/Register.php(33): Config\Services::getDatabaseConnection()
#4 /home/haslam/Documents/developmentTraining/training-php/perpustakaan/system/CodeIgniter.php(891): App\Controllers\User\Register->__construct()
#5 /home/haslam/Documents/developmentTraining/training-php/perpustakaan/system/CodeIgniter.php(485): CodeIgniter\CodeIgniter->createController()
#6 /home/haslam/Documents/developmentTraining/training-php/perpustakaan/system/CodeIgniter.php(353): CodeIgniter\CodeIgniter->handleRequest()
#7 /home/haslam/Documents/developmentTraining/training-php/perpustakaan/public/index.php(79): CodeIgniter\CodeIgniter->run()
#8 /home/haslam/Documents/developmentTraining/training-php/perpustakaan/system/Commands/Server/rewrite.php(47): require_once('...')
#9 {main}

Next CodeIgniter\Database\Exceptions\DatabaseException: No such file or directory in /home/haslam/Documents/developmentTraining/training-php/perpustakaan/system/Database/MySQLi/Connection.php:229
Stack trace:
#0 /home/haslam/Documents/developmentTraining/training-php/perpustakaan/system/Database/BaseConnection.php(391): CodeIgniter\Database\MySQLi\Connection->connect()
#1 /home/haslam/Documents/developmentTraining/training-php/perpustakaan/app/Config/Services.php(54): CodeIgniter\Database\BaseConnection->initialize()
#2 /home/haslam/Documents/developmentTraining/training-php/perpustakaan/app/Controllers/User/Register.php(33): Config\Services::getDatabaseConnection()
#3 /home/haslam/Documents/developmentTraining/training-php/perpustakaan/system/CodeIgniter.php(891): App\Controllers\User\Register->__construct()
#4 /home/haslam/Documents/developmentTraining/training-php/perpustakaan/system/CodeIgniter.php(485): CodeIgniter\CodeIgniter->createController()
#5 /home/haslam/Documents/developmentTraining/training-php/perpustakaan/system/CodeIgniter.php(353): CodeIgniter\CodeIgniter->handleRequest()
#6 /home/haslam/Documents/developmentTraining/training-php/perpustakaan/public/index.php(79): CodeIgniter\CodeIgniter->run()
#7 /home/haslam/Documents/developmentTraining/training-php/perpustakaan/system/Commands/Server/rewrite.php(47): require_once('...')
#8 {main}
ERROR - 2023-10-10 23:34:49 --> Error connecting to the database: mysqli_sql_exception: No such file or directory in /home/haslam/Documents/developmentTraining/training-php/perpustakaan/system/Database/MySQLi/Connection.php:185
Stack trace:
#0 /home/haslam/Documents/developmentTraining/training-php/perpustakaan/system/Database/MySQLi/Connection.php(185): mysqli->real_connect()
#1 /home/haslam/Documents/developmentTraining/training-php/perpustakaan/system/Database/BaseConnection.php(391): CodeIgniter\Database\MySQLi\Connection->connect()
#2 /home/haslam/Documents/developmentTraining/training-php/perpustakaan/app/Config/Services.php(54): CodeIgniter\Database\BaseConnection->initialize()
#3 /home/haslam/Documents/developmentTraining/training-php/perpustakaan/app/Controllers/User/Register.php(33): Config\Services::getDatabaseConnection()
#4 /home/haslam/Documents/developmentTraining/training-php/perpustakaan/system/CodeIgniter.php(891): App\Controllers\User\Register->__construct()
#5 /home/haslam/Documents/developmentTraining/training-php/perpustakaan/system/CodeIgniter.php(485): CodeIgniter\CodeIgniter->createController()
#6 /home/haslam/Documents/developmentTraining/training-php/perpustakaan/system/CodeIgniter.php(353): CodeIgniter\CodeIgniter->handleRequest()
#7 /home/haslam/Documents/developmentTraining/training-php/perpustakaan/public/index.php(79): CodeIgniter\CodeIgniter->run()
#8 /home/haslam/Documents/developmentTraining/training-php/perpustakaan/system/Commands/Server/rewrite.php(47): require_once('...')
#9 {main}

Next CodeIgniter\Database\Exceptions\DatabaseException: No such file or directory in /home/haslam/Documents/developmentTraining/training-php/perpustakaan/system/Database/MySQLi/Connection.php:229
Stack trace:
#0 /home/haslam/Documents/developmentTraining/training-php/perpustakaan/system/Database/BaseConnection.php(391): CodeIgniter\Database\MySQLi\Connection->connect()
#1 /home/haslam/Documents/developmentTraining/training-php/perpustakaan/app/Config/Services.php(54): CodeIgniter\Database\BaseConnection->initialize()
#2 /home/haslam/Documents/developmentTraining/training-php/perpustakaan/app/Controllers/User/Register.php(33): Config\Services::getDatabaseConnection()
#3 /home/haslam/Documents/developmentTraining/training-php/perpustakaan/system/CodeIgniter.php(891): App\Controllers\User\Register->__construct()
#4 /home/haslam/Documents/developmentTraining/training-php/perpustakaan/system/CodeIgniter.php(485): CodeIgniter\CodeIgniter->createController()
#5 /home/haslam/Documents/developmentTraining/training-php/perpustakaan/system/CodeIgniter.php(353): CodeIgniter\CodeIgniter->handleRequest()
#6 /home/haslam/Documents/developmentTraining/training-php/perpustakaan/public/index.php(79): CodeIgniter\CodeIgniter->run()
#7 /home/haslam/Documents/developmentTraining/training-php/perpustakaan/system/Commands/Server/rewrite.php(47): require_once('...')
#8 {main}
ERROR - 2023-10-10 23:40:22 --> Error connecting to the database: mysqli_sql_exception: No such file or directory in /home/haslam/Documents/developmentTraining/training-php/perpustakaan/system/Database/MySQLi/Connection.php:185
Stack trace:
#0 /home/haslam/Documents/developmentTraining/training-php/perpustakaan/system/Database/MySQLi/Connection.php(185): mysqli->real_connect()
#1 /home/haslam/Documents/developmentTraining/training-php/perpustakaan/system/Database/BaseConnection.php(391): CodeIgniter\Database\MySQLi\Connection->connect()
#2 /home/haslam/Documents/developmentTraining/training-php/perpustakaan/app/Config/Services.php(56): CodeIgniter\Database\BaseConnection->initialize()
#3 /home/haslam/Documents/developmentTraining/training-php/perpustakaan/app/Controllers/User/Register.php(34): Config\Services::getDatabaseConnection()
#4 /home/haslam/Documents/developmentTraining/training-php/perpustakaan/system/CodeIgniter.php(891): App\Controllers\User\Register->__construct()
#5 /home/haslam/Documents/developmentTraining/training-php/perpustakaan/system/CodeIgniter.php(485): CodeIgniter\CodeIgniter->createController()
#6 /home/haslam/Documents/developmentTraining/training-php/perpustakaan/system/CodeIgniter.php(353): CodeIgniter\CodeIgniter->handleRequest()
#7 /home/haslam/Documents/developmentTraining/training-php/perpustakaan/public/index.php(79): CodeIgniter\CodeIgniter->run()
#8 /home/haslam/Documents/developmentTraining/training-php/perpustakaan/system/Commands/Server/rewrite.php(47): require_once('...')
#9 {main}

Next CodeIgniter\Database\Exceptions\DatabaseException: No such file or directory in /home/haslam/Documents/developmentTraining/training-php/perpustakaan/system/Database/MySQLi/Connection.php:229
Stack trace:
#0 /home/haslam/Documents/developmentTraining/training-php/perpustakaan/system/Database/BaseConnection.php(391): CodeIgniter\Database\MySQLi\Connection->connect()
#1 /home/haslam/Documents/developmentTraining/training-php/perpustakaan/app/Config/Services.php(56): CodeIgniter\Database\BaseConnection->initialize()
#2 /home/haslam/Documents/developmentTraining/training-php/perpustakaan/app/Controllers/User/Register.php(34): Config\Services::getDatabaseConnection()
#3 /home/haslam/Documents/developmentTraining/training-php/perpustakaan/system/CodeIgniter.php(891): App\Controllers\User\Register->__construct()
#4 /home/haslam/Documents/developmentTraining/training-php/perpustakaan/system/CodeIgniter.php(485): CodeIgniter\CodeIgniter->createController()
#5 /home/haslam/Documents/developmentTraining/training-php/perpustakaan/system/CodeIgniter.php(353): CodeIgniter\CodeIgniter->handleRequest()
#6 /home/haslam/Documents/developmentTraining/training-php/perpustakaan/public/index.php(79): CodeIgniter\CodeIgniter->run()
#7 /home/haslam/Documents/developmentTraining/training-php/perpustakaan/system/Commands/Server/rewrite.php(47): require_once('...')
#8 {main}
CRITICAL - 2023-10-10 23:40:22 --> Invalid file: "/home/haslam/Documents/developmentTraining/training-php/perpustakaan/app/Config/../Views/error/CustomError.php"
in SYSTEMPATH/Exceptions/FrameworkException.php on line 39.
 1 SYSTEMPATH/View/Parser.php(119): CodeIgniter\Exceptions\FrameworkException::forInvalidFile()
 2 APPPATH/Controllers/User/Register.php(46): CodeIgniter\View\Parser->render()
 3 SYSTEMPATH/CodeIgniter.php(891): App\Controllers\User\Register->__construct()
 4 SYSTEMPATH/CodeIgniter.php(485): CodeIgniter\CodeIgniter->createController()
 5 SYSTEMPATH/CodeIgniter.php(353): CodeIgniter\CodeIgniter->handleRequest()
 6 FCPATH/index.php(79): CodeIgniter\CodeIgniter->run()
 7 SYSTEMPATH/Commands/Server/rewrite.php(47): require_once('/home/haslam/Documents/developmentTraining/training-php/perpustakaan/public/index.php')
ERROR - 2023-10-10 23:41:24 --> Error connecting to the database: mysqli_sql_exception: No such file or directory in /home/haslam/Documents/developmentTraining/training-php/perpustakaan/system/Database/MySQLi/Connection.php:185
Stack trace:
#0 /home/haslam/Documents/developmentTraining/training-php/perpustakaan/system/Database/MySQLi/Connection.php(185): mysqli->real_connect()
#1 /home/haslam/Documents/developmentTraining/training-php/perpustakaan/system/Database/BaseConnection.php(391): CodeIgniter\Database\MySQLi\Connection->connect()
#2 /home/haslam/Documents/developmentTraining/training-php/perpustakaan/app/Config/Services.php(56): CodeIgniter\Database\BaseConnection->initialize()
#3 /home/haslam/Documents/developmentTraining/training-php/perpustakaan/app/Controllers/User/Register.php(34): Config\Services::getDatabaseConnection()
#4 /home/haslam/Documents/developmentTraining/training-php/perpustakaan/system/CodeIgniter.php(891): App\Controllers\User\Register->__construct()
#5 /home/haslam/Documents/developmentTraining/training-php/perpustakaan/system/CodeIgniter.php(485): CodeIgniter\CodeIgniter->createController()
#6 /home/haslam/Documents/developmentTraining/training-php/perpustakaan/system/CodeIgniter.php(353): CodeIgniter\CodeIgniter->handleRequest()
#7 /home/haslam/Documents/developmentTraining/training-php/perpustakaan/public/index.php(79): CodeIgniter\CodeIgniter->run()
#8 /home/haslam/Documents/developmentTraining/training-php/perpustakaan/system/Commands/Server/rewrite.php(47): require_once('...')
#9 {main}

Next CodeIgniter\Database\Exceptions\DatabaseException: No such file or directory in /home/haslam/Documents/developmentTraining/training-php/perpustakaan/system/Database/MySQLi/Connection.php:229
Stack trace:
#0 /home/haslam/Documents/developmentTraining/training-php/perpustakaan/system/Database/BaseConnection.php(391): CodeIgniter\Database\MySQLi\Connection->connect()
#1 /home/haslam/Documents/developmentTraining/training-php/perpustakaan/app/Config/Services.php(56): CodeIgniter\Database\BaseConnection->initialize()
#2 /home/haslam/Documents/developmentTraining/training-php/perpustakaan/app/Controllers/User/Register.php(34): Config\Services::getDatabaseConnection()
#3 /home/haslam/Documents/developmentTraining/training-php/perpustakaan/system/CodeIgniter.php(891): App\Controllers\User\Register->__construct()
#4 /home/haslam/Documents/developmentTraining/training-php/perpustakaan/system/CodeIgniter.php(485): CodeIgniter\CodeIgniter->createController()
#5 /home/haslam/Documents/developmentTraining/training-php/perpustakaan/system/CodeIgniter.php(353): CodeIgniter\CodeIgniter->handleRequest()
#6 /home/haslam/Documents/developmentTraining/training-php/perpustakaan/public/index.php(79): CodeIgniter\CodeIgniter->run()
#7 /home/haslam/Documents/developmentTraining/training-php/perpustakaan/system/Commands/Server/rewrite.php(47): require_once('...')
#8 {main}
ERROR - 2023-10-10 23:41:44 --> Error connecting to the database: mysqli_sql_exception: No such file or directory in /home/haslam/Documents/developmentTraining/training-php/perpustakaan/system/Database/MySQLi/Connection.php:185
Stack trace:
#0 /home/haslam/Documents/developmentTraining/training-php/perpustakaan/system/Database/MySQLi/Connection.php(185): mysqli->real_connect()
#1 /home/haslam/Documents/developmentTraining/training-php/perpustakaan/system/Database/BaseConnection.php(391): CodeIgniter\Database\MySQLi\Connection->connect()
#2 /home/haslam/Documents/developmentTraining/training-php/perpustakaan/app/Config/Services.php(56): CodeIgniter\Database\BaseConnection->initialize()
#3 /home/haslam/Documents/developmentTraining/training-php/perpustakaan/app/Controllers/User/Register.php(34): Config\Services::getDatabaseConnection()
#4 /home/haslam/Documents/developmentTraining/training-php/perpustakaan/system/CodeIgniter.php(891): App\Controllers\User\Register->__construct()
#5 /home/haslam/Documents/developmentTraining/training-php/perpustakaan/system/CodeIgniter.php(485): CodeIgniter\CodeIgniter->createController()
#6 /home/haslam/Documents/developmentTraining/training-php/perpustakaan/system/CodeIgniter.php(353): CodeIgniter\CodeIgniter->handleRequest()
#7 /home/haslam/Documents/developmentTraining/training-php/perpustakaan/public/index.php(79): CodeIgniter\CodeIgniter->run()
#8 /home/haslam/Documents/developmentTraining/training-php/perpustakaan/system/Commands/Server/rewrite.php(47): require_once('...')
#9 {main}

Next CodeIgniter\Database\Exceptions\DatabaseException: No such file or directory in /home/haslam/Documents/developmentTraining/training-php/perpustakaan/system/Database/MySQLi/Connection.php:229
Stack trace:
#0 /home/haslam/Documents/developmentTraining/training-php/perpustakaan/system/Database/BaseConnection.php(391): CodeIgniter\Database\MySQLi\Connection->connect()
#1 /home/haslam/Documents/developmentTraining/training-php/perpustakaan/app/Config/Services.php(56): CodeIgniter\Database\BaseConnection->initialize()
#2 /home/haslam/Documents/developmentTraining/training-php/perpustakaan/app/Controllers/User/Register.php(34): Config\Services::getDatabaseConnection()
#3 /home/haslam/Documents/developmentTraining/training-php/perpustakaan/system/CodeIgniter.php(891): App\Controllers\User\Register->__construct()
#4 /home/haslam/Documents/developmentTraining/training-php/perpustakaan/system/CodeIgniter.php(485): CodeIgniter\CodeIgniter->createController()
#5 /home/haslam/Documents/developmentTraining/training-php/perpustakaan/system/CodeIgniter.php(353): CodeIgniter\CodeIgniter->handleRequest()
#6 /home/haslam/Documents/developmentTraining/training-php/perpustakaan/public/index.php(79): CodeIgniter\CodeIgniter->run()
#7 /home/haslam/Documents/developmentTraining/training-php/perpustakaan/system/Commands/Server/rewrite.php(47): require_once('...')
#8 {main}
ERROR - 2023-10-10 23:42:42 --> Error connecting to the database: mysqli_sql_exception: No such file or directory in /home/haslam/Documents/developmentTraining/training-php/perpustakaan/system/Database/MySQLi/Connection.php:185
Stack trace:
#0 /home/haslam/Documents/developmentTraining/training-php/perpustakaan/system/Database/MySQLi/Connection.php(185): mysqli->real_connect()
#1 /home/haslam/Documents/developmentTraining/training-php/perpustakaan/system/Database/BaseConnection.php(391): CodeIgniter\Database\MySQLi\Connection->connect()
#2 /home/haslam/Documents/developmentTraining/training-php/perpustakaan/app/Config/Services.php(56): CodeIgniter\Database\BaseConnection->initialize()
#3 /home/haslam/Documents/developmentTraining/training-php/perpustakaan/app/Controllers/User/Register.php(34): Config\Services::getDatabaseConnection()
#4 /home/haslam/Documents/developmentTraining/training-php/perpustakaan/system/CodeIgniter.php(891): App\Controllers\User\Register->__construct()
#5 /home/haslam/Documents/developmentTraining/training-php/perpustakaan/system/CodeIgniter.php(485): CodeIgniter\CodeIgniter->createController()
#6 /home/haslam/Documents/developmentTraining/training-php/perpustakaan/system/CodeIgniter.php(353): CodeIgniter\CodeIgniter->handleRequest()
#7 /home/haslam/Documents/developmentTraining/training-php/perpustakaan/public/index.php(79): CodeIgniter\CodeIgniter->run()
#8 /home/haslam/Documents/developmentTraining/training-php/perpustakaan/system/Commands/Server/rewrite.php(47): require_once('...')
#9 {main}

Next CodeIgniter\Database\Exceptions\DatabaseException: No such file or directory in /home/haslam/Documents/developmentTraining/training-php/perpustakaan/system/Database/MySQLi/Connection.php:229
Stack trace:
#0 /home/haslam/Documents/developmentTraining/training-php/perpustakaan/system/Database/BaseConnection.php(391): CodeIgniter\Database\MySQLi\Connection->connect()
#1 /home/haslam/Documents/developmentTraining/training-php/perpustakaan/app/Config/Services.php(56): CodeIgniter\Database\BaseConnection->initialize()
#2 /home/haslam/Documents/developmentTraining/training-php/perpustakaan/app/Controllers/User/Register.php(34): Config\Services::getDatabaseConnection()
#3 /home/haslam/Documents/developmentTraining/training-php/perpustakaan/system/CodeIgniter.php(891): App\Controllers\User\Register->__construct()
#4 /home/haslam/Documents/developmentTraining/training-php/perpustakaan/system/CodeIgniter.php(485): CodeIgniter\CodeIgniter->createController()
#5 /home/haslam/Documents/developmentTraining/training-php/perpustakaan/system/CodeIgniter.php(353): CodeIgniter\CodeIgniter->handleRequest()
#6 /home/haslam/Documents/developmentTraining/training-php/perpustakaan/public/index.php(79): CodeIgniter\CodeIgniter->run()
#7 /home/haslam/Documents/developmentTraining/training-php/perpustakaan/system/Commands/Server/rewrite.php(47): require_once('...')
#8 {main}
ERROR - 2023-10-10 23:44:34 --> Error connecting to the database: mysqli_sql_exception: No such file or directory in /home/haslam/Documents/developmentTraining/training-php/perpustakaan/system/Database/MySQLi/Connection.php:185
Stack trace:
#0 /home/haslam/Documents/developmentTraining/training-php/perpustakaan/system/Database/MySQLi/Connection.php(185): mysqli->real_connect()
#1 /home/haslam/Documents/developmentTraining/training-php/perpustakaan/system/Database/BaseConnection.php(391): CodeIgniter\Database\MySQLi\Connection->connect()
#2 /home/haslam/Documents/developmentTraining/training-php/perpustakaan/app/Config/Services.php(56): CodeIgniter\Database\BaseConnection->initialize()
#3 /home/haslam/Documents/developmentTraining/training-php/perpustakaan/app/Controllers/User/Register.php(35): Config\Services::getDatabaseConnection()
#4 /home/haslam/Documents/developmentTraining/training-php/perpustakaan/system/CodeIgniter.php(891): App\Controllers\User\Register->__construct()
#5 /home/haslam/Documents/developmentTraining/training-php/perpustakaan/system/CodeIgniter.php(485): CodeIgniter\CodeIgniter->createController()
#6 /home/haslam/Documents/developmentTraining/training-php/perpustakaan/system/CodeIgniter.php(353): CodeIgniter\CodeIgniter->handleRequest()
#7 /home/haslam/Documents/developmentTraining/training-php/perpustakaan/public/index.php(79): CodeIgniter\CodeIgniter->run()
#8 /home/haslam/Documents/developmentTraining/training-php/perpustakaan/system/Commands/Server/rewrite.php(47): require_once('...')
#9 {main}

Next CodeIgniter\Database\Exceptions\DatabaseException: No such file or directory in /home/haslam/Documents/developmentTraining/training-php/perpustakaan/system/Database/MySQLi/Connection.php:229
Stack trace:
#0 /home/haslam/Documents/developmentTraining/training-php/perpustakaan/system/Database/BaseConnection.php(391): CodeIgniter\Database\MySQLi\Connection->connect()
#1 /home/haslam/Documents/developmentTraining/training-php/perpustakaan/app/Config/Services.php(56): CodeIgniter\Database\BaseConnection->initialize()
#2 /home/haslam/Documents/developmentTraining/training-php/perpustakaan/app/Controllers/User/Register.php(35): Config\Services::getDatabaseConnection()
#3 /home/haslam/Documents/developmentTraining/training-php/perpustakaan/system/CodeIgniter.php(891): App\Controllers\User\Register->__construct()
#4 /home/haslam/Documents/developmentTraining/training-php/perpustakaan/system/CodeIgniter.php(485): CodeIgniter\CodeIgniter->createController()
#5 /home/haslam/Documents/developmentTraining/training-php/perpustakaan/system/CodeIgniter.php(353): CodeIgniter\CodeIgniter->handleRequest()
#6 /home/haslam/Documents/developmentTraining/training-php/perpustakaan/public/index.php(79): CodeIgniter\CodeIgniter->run()
#7 /home/haslam/Documents/developmentTraining/training-php/perpustakaan/system/Commands/Server/rewrite.php(47): require_once('...')
#8 {main}
ERROR - 2023-10-10 23:45:28 --> Error connecting to the database: mysqli_sql_exception: No such file or directory in /home/haslam/Documents/developmentTraining/training-php/perpustakaan/system/Database/MySQLi/Connection.php:185
Stack trace:
#0 /home/haslam/Documents/developmentTraining/training-php/perpustakaan/system/Database/MySQLi/Connection.php(185): mysqli->real_connect()
#1 /home/haslam/Documents/developmentTraining/training-php/perpustakaan/system/Database/BaseConnection.php(391): CodeIgniter\Database\MySQLi\Connection->connect()
#2 /home/haslam/Documents/developmentTraining/training-php/perpustakaan/app/Config/Services.php(56): CodeIgniter\Database\BaseConnection->initialize()
#3 /home/haslam/Documents/developmentTraining/training-php/perpustakaan/app/Controllers/User/Register.php(34): Config\Services::getDatabaseConnection()
#4 /home/haslam/Documents/developmentTraining/training-php/perpustakaan/system/CodeIgniter.php(891): App\Controllers\User\Register->__construct()
#5 /home/haslam/Documents/developmentTraining/training-php/perpustakaan/system/CodeIgniter.php(485): CodeIgniter\CodeIgniter->createController()
#6 /home/haslam/Documents/developmentTraining/training-php/perpustakaan/system/CodeIgniter.php(353): CodeIgniter\CodeIgniter->handleRequest()
#7 /home/haslam/Documents/developmentTraining/training-php/perpustakaan/public/index.php(79): CodeIgniter\CodeIgniter->run()
#8 /home/haslam/Documents/developmentTraining/training-php/perpustakaan/system/Commands/Server/rewrite.php(47): require_once('...')
#9 {main}

Next CodeIgniter\Database\Exceptions\DatabaseException: No such file or directory in /home/haslam/Documents/developmentTraining/training-php/perpustakaan/system/Database/MySQLi/Connection.php:229
Stack trace:
#0 /home/haslam/Documents/developmentTraining/training-php/perpustakaan/system/Database/BaseConnection.php(391): CodeIgniter\Database\MySQLi\Connection->connect()
#1 /home/haslam/Documents/developmentTraining/training-php/perpustakaan/app/Config/Services.php(56): CodeIgniter\Database\BaseConnection->initialize()
#2 /home/haslam/Documents/developmentTraining/training-php/perpustakaan/app/Controllers/User/Register.php(34): Config\Services::getDatabaseConnection()
#3 /home/haslam/Documents/developmentTraining/training-php/perpustakaan/system/CodeIgniter.php(891): App\Controllers\User\Register->__construct()
#4 /home/haslam/Documents/developmentTraining/training-php/perpustakaan/system/CodeIgniter.php(485): CodeIgniter\CodeIgniter->createController()
#5 /home/haslam/Documents/developmentTraining/training-php/perpustakaan/system/CodeIgniter.php(353): CodeIgniter\CodeIgniter->handleRequest()
#6 /home/haslam/Documents/developmentTraining/training-php/perpustakaan/public/index.php(79): CodeIgniter\CodeIgniter->run()
#7 /home/haslam/Documents/developmentTraining/training-php/perpustakaan/system/Commands/Server/rewrite.php(47): require_once('...')
#8 {main}
